168
-1
-1
-1
-1
563
-1
-1
3907
-1
-1
699
983
3677
3119
-1
-1
-1
-1
3839
-1
-1
3719
-1
-1
-1
-1
131
-1
-1
288
-1
2986
1984
-1
-1
1408
-1
-1
-1
-1
190
264
-1
3863
-1
-1
-1
-1
-1
-1
-1
-1
-1
-1
-1
-1
-1
-1
-1
-1
3139
1961
-1
-1
594
-1
-1
-1
-1
4622
5015
-1
-1
-1
-1
-1
-1
3165
-1
-1
2991
555
3571
3420
1156
-1
-1
-1
2325
-1
-1
-1
-1
715
1669
-1
1164
-1
-1
-1
-1
-1
3138
4406
401
-1
-1
-1
4661
-1
4079
-1
-1
-1
-1
-1
-1
-1
-1
2863
4906
-1
-1
-1
-1
-1
-1
1438
3172
4577
1340
2860
-1
917
-1
-1
985
-1
2329
-1
-1
-1
-1
855
-1
2649
2134
-1
232
-1
-1
4871
-1
-1
2984
-1
1460
-1
4896
2984
2651
-1
-1
-1
-1
-1
-1
-1
3943
-1
-1
-1
-1
2003
-1
-1
-1
5192
44
-1
-1
-1
615
-1
4131
-1
2411
-1
-1
1405
-1
-1
-1
896
-1
971
-1
-1
-1
-1
-1
442
-1
-1
-1
-1
50
206
-1
-1
-1
-1
3348
2512
-1
-1
-1
-1
3933
-1
-1
2946
-1
-1
-1
4632
5096
-1
-1
4300
3916
-1
-1
-1
537
-1
-1
4273
2980
-1
-1
-1
-1
-1
3322
1869
185
2636
-1
-1
-1
-1
-1
-1
-1
-1
-1
1459
-1
-1
-1
-1
-1
-1
4815
-1
-1
-1
-1
-1
-1
-1
2655
-1
169
3396
5084
5050
2340
593
-1
-1
-1
-1
-1
-1
-1
2537
3707
-1
4283
4339
-1
-1
-1
-1
-1
-1
-1
593
-1
-1
328
2304
630
-1
-1
-1
864
-1
-1
1113
-1
2739
-1
1713
-1
-1
-1
1492
-1
-1
-1
1790
2650
-1
-1
3419
-1
-1
-1
1236
-1
-1
-1
2907
-1
-1
-1
228
-1
4098
-1
-1
-1
2712
2634
2779
-1
-1
748
-1
-1
845
-1
-1
-1
-1
-1
-1
-1
-1
-1
4924
4021
-1
-1
-1
-1
-1
-1
-1
-1
-1
2566
48
966
-1
396
1213
4608
5112
-1
-1
-1
-1
2405
-1
1056
-1
-1
3512
-1
-1
2385
-1
-1
-1
-1
4627
531
-1
1134
-1
2809
2492
-1
269
-1
-1
-1
-1
-1
3282
4685
-1
-1
1921
-1
-1
2373
-1
4080
-1
-1
-1
-1
-1
-1
-1
4319
-1
-1
1665
-1
-1
-1
-1
-1
-1
-1
-1
-1
4437
-1
3341
-1
437
-1
-1
112
4624
4314
-1
-1
3310
53
-1
-1
-1
-1
-1
-1
4838
1334
1790
-1
-1
-1
-1
-1
-1
-1
-1
5052
-1
-1
-1
-1
-1
-1
-1
-1
-1
176
-1
-1
110
-1
-1
-1
-1
118
4321
-1
-1
-1
3888
-1
-1
-1
5067
-1
2665
-1
1864
1181
3225
-1
-1
-1
2616
5194
-1
-1
-1
4902
-1
-1
-1
-1
-1
-1
4842
4491
-1
-1
2214
-1
714
-1
-1
-1
-1
-1
-1
-1
2640
1987
-1
982
3312
3294
1217
2679
-1
479
-1
-1
-1
821
-1
223
3482
-1
4299
-1
-1
2965
-1
-1
1132
543
-1
-1
3584
717
1001
-1
-1
-1
-1
-1
2917
-1
4531
-1
2029
3031
4729
-1
-1
-1
-1
3489
1261
-1
-1
-1
-1
157
-1
-1
-1
-1
2997
-1
-1
4850
-1
-1
-1
-1
-1
-1
706
3100
-1
-1
-1
-1
1972
3434
-1
3274
1878
1951
-1
-1
-1
-1
-1
3468
-1
3183
1519
-1
-1
-1
119
1971
-1
-1
2632
4736
-1
-1
-1
-1
-1
154
3654
-1
-1
-1
-1
-1
-1
-1
-1
867
3515
-1
3975
-1
-1
-1
4494
3352
-1
4231
-1
-1
-1
-1
-1
3008
2444
-1
-1
-1
2552
-1
-1
2416
4406
-1
2513
-1
3868
-1
-1
313
-1
4566
-1
-1
-1
-1
-1
3126
-1
-1
-1
-1
452
-1
-1
-1
-1
-1
-1
669
-1
-1
-1
-1
-1
529
3216
-1
-1
2403
-1
-1
-1
-1
-1
-1
-1
-1
984
-1
4895
-1
-1
-1
-1
1222
-1
-1
-1
1442
4644
4669
-1
-1
-1
701
-1
-1
-1
352
3550
-1
-1
-1
3753
2855
3041
2412
-1
-1
116
-1
-1
-1
-1
3356
-1
3177
-1
-1
-1
-1
4920
4444
-1
-1
-1
-1
-1
4595
2378
-1
-1
-1
-1
-1
-1
-1
4647
-1
4221
-1
-1
-1
39
-1
3710
-1
-1
-1
-1
-1
-1
302
4916
-1
2016
-1
-1
-1
-1
-1
-1
2087
-1
2256
1199
4229
-1
-1
76
-1
-1
-1
5052
3505
-1
-1
-1
-1
-1
2177
-1
-1
1282
-1
5133
-1
2642
-1
-1
-1
595
4556
4647
-1
-1
-1
-1
-1
-1
-1
-1
-1
-1
3334
-1
-1
-1
4376
-1
2149
-1
-1
-1
-1
-1
1273
-1
-1
-1
1187
3541
3260
-1
-1
-1
-1
518
-1
-1
-1
-1
-1
4183
-1
2013
-1
-1
-1
1323
1822
-1
-1
-1
-1
-1
-1
-1
-1
-1
-1
5017
3295
2843
-1
4440
-1
-1
4269
-1
-1
39
-1
4254
2998
-1
-1
-1
2772
4011
-1
-1
-1
-1
-1
-1
-1
-1
3996
-1
-1
-1
-1
-1
-1
-1
-1
-1
-1
-1
-1
-1
1750
-1
-1
-1
2876
-1
-1
-1
-1
-1
2517
3679
-1
-1
-1
746
2585
3951
-1
-1
4344
116
-1
-1
3618
4172
4660
-1
-1
-1
-1
1463
-1
-1
5049
-1
-1
-1
1969
4539
-1
-1
4786
2348
-1
-1
3729
-1
4706
3652
449
4146
4985
-1
2337
-1
-1
3749
-1
3919
-1
-1
-1
4435
-1
-1
3228
-1
-1
-1
-1
-1
-1
-1
-1
4094
3117
-1
-1
-1
-1
-1
-1
3006
-1
-1
-1
3824
-1
2102
3444
-1
3593
-1
-1
2747
-1
2098
-1
1092
-1
64
-1
182
-1
-1
108
-1
3595
-1
3479
-1
-1
-1
-1
-1
-1
3092
-1
169
-1
-1
-1
1835
298
-1
-1
-1
-1
-1
-1
-1
-1
1501
-1
-1
-1
2037
-1
-1
-1
-1
-1
-1
-1
-1
-1
-1
956
-1
-1
4690
4673
694
-1
-1
-1
-1
-1
-1
-1
-1
-1
3690
-1
2962
-1
488
-1
484
-1
2846
3528
-1
-1
4749
-1
-1
-1
-1
-1
4897
167
-1
-1
-1
1871
1542
-1
-1
3248
55
1890
-1
-1
-1
878
-1
-1
-1
-1
-1
-1
2043
-1
-1
4393
-1
1860
-1
-1
-1
-1
-1
210
1921
-1
4937
-1
-1
1053
4336
-1
4684
-1
3113
15
-1
-1
-1
3763
-1
771
707
-1
-1
-1
3598
-1
-1
-1
-1
-1
-1
4491
-1
-1
-1
2041
221
2652
-1
147
2187
512
-1
4978
-1
2074
-1
-1
2174
-1
-1
2062
-1
-1
-1
-1
-1
-1
-1
-1
-1
-1
-1
-1
-1
3132
-1
-1
-1
485
-1
13
2240
-1
-1
-1
-1
-1
879
-1
-1
-1
5030
-1
-1
1958
-1
-1
1819
1912
3025
3078
-1
2734
-1
3473
-1
-1
-1
-1
2567
-1
-1
3925
-1
-1
4498
4397
-1
-1
-1
-1
-1
1198
822
-1
-1
1964
-1
-1
1020
-1
3889
-1
-1
-1
-1
-1
4712
-1
-1
-1
-1
-1
3544
1300
228
-1
4399
-1
2034
1928
4763
2311
-1
-1
-1
-1
4654
-1
-1
-1
3643
-1
-1
-1
-1
-1
-1
-1
2531
-1
1385
-1
-1
1007
-1
4295
-1
-1
-1
709
-1
-1
-1
3050
-1
-1
-1
-1
247
2021
-1
-1
39
-1
2766
-1
-1
-1
-1
-1
2275
-1
-1
-1
-1
2774
-1
-1
-1
-1
-1
-1
3889
-1
-1
-1
4118
1469
-1
-1
-1
-1
3005
-1
-1
4550
-1
-1
-1
2613
-1
-1
-1
382
-1
4474
2228
4768
-1
-1
-1
-1
-1
-1
-1
-1
-1
2602
-1
-1
-1
2103
-1
853
-1
4416
-1
4077
-1
-1
-1
-1
-1
506
4712
-1
2252
553
1267
3137
-1
1045
2955
-1
-1
1006
1790
-1
-1
1165
-1
4977
-1
-1
-1
-1
798
4632
-1
4759
983
-1
-1
4633
-1
-1
-1
-1
1815
18
-1
1663
1805
2998
-1
-1
-1
467
-1
-1
-1
-1
-1
1045
-1
-1
-1
-1
1979
-1
-1
-1
-1
-1
-1
3409
-1
533
-1
-1
-1
5086
-1
4487
-1
3231
-1
4605
-1
4167
-1
-1
149
-1
3915
-1
-1
-1
-1
-1
-1
-1
-1
-1
-1
-1
119
-1
-1
-1
-1
-1
-1
2481
-1
-1
-1
1124
565
-1
-1
706
-1
-1
-1
1113
-1
-1
-1
2453
4594
881
4015
608
-1
-1
2241
-1
-1
-1
4249
1675
2948
-1
-1
3335
-1
4188
-1
-1
-1
-1
1387
-1
-1
-1
-1
1948
-1
-1
-1
-1
4224
-1
-1
1121
-1
-1
-1
-1
2793
703
-1
-1
-1
4261
711
-1
-1
-1
-1
-1
1391
-1
-1
-1
-1
2549
-1
3953
1286
-1
4586
59
-1
-1
-1
-1
-1
-1
-1
1221
-1
-1
4860
-1
-1
-1
-1
-1
-1
-1
693
-1
4206
537
-1
-1
-1
3630
-1
-1
-1
-1
-1
-1
3254
3589
-1
-1
-1
3480
-1
2263
4660
-1
-1
-1
-1
5117
-1
-1
-1
-1
4470
-1
-1
2250
1004
-1
-1
-1
-1
-1
3427
-1
-1
-1
648
2332
1123
-1
1817
1729
4410
-1
4918
-1
3565
-1
-1
-1
-1
-1
-1
-1
-1
-1
106
1405
3893
-1
1533
521
1044
4325
-1
-1
-1
1644
543
1138
-1
1272
175
-1
526
-1
-1
-1
2861
-1
4625
-1
5157
-1
670
-1
-1
-1
-1
1000
-1
-1
4912
-1
-1
-1
-1
-1
4275
-1
-1
-1
1105
-1
-1
-1
428
-1
-1
-1
3550
2844
-1
4354
3290
2942
-1
1023
-1
-1
4168
2344
-1
1357
-1
4055
-1
1427
-1
-1
-1
-1
1799
856
-1
-1
-1
-1
3310
-1
3119
-1
-1
-1
-1
3138
-1
2407
4168
-1
2635
491
2252
-1
-1
-1
-1
5161
-1
-1
2681
-1
-1
-1
712
-1
-1
4855
4450
-1
2447
-1
-1
746
-1
-1
-1
-1
-1
-1
-1
1775
-1
-1
1671
1496
218
-1
-1
2251
2481
-1
-1
-1
4224
3563
-1
1115
-1
-1
-1
-1
-1
2222
362
787
-1
-1
2637
-1
-1
-1
-1
578
-1
-1
3125
-1
-1
-1
-1
2379
448
1719
2772
625
-1
5080
3155
-1
-1
2467
921
-1
-1
-1
3723
-1
-1
-1
-1
-1
-1
-1
-1
-1
4351
4932
-1
4255
-1
-1
-1
-1
-1
-1
774
-1
-1
2072
11
2578
-1
1344
-1
3799
-1
-1
2910
3956
3554
4837
1768
-1
88
-1
1453
270
-1
-1
-1
1157
-1
-1
-1
-1
-1
-1
-1
-1
4685
-1
-1
-1
-1
-1
-1
1617
-1
2307
-1
-1
-1
2245
3658
-1
4060
-1
-1
453
-1
320
4193
1454
-1
-1
-1
-1
2414
-1
1310
-1
453
-1
2893
-1
-1
4020
-1
-1
-1
3747
4188
-1
3630
-1
-1
-1
-1
1150
3118
-1
1524
3217
-1
-1
3079
-1
4585
4971
3851
-1
4241
-1
-1
-1
3684
-1
3624
2200
-1
-1
-1
-1
4362
-1
4623
1574
-1
128
3548
-1
2712
-1
-1
-1
-1
-1
-1
3022
-1
-1
-1
-1
2168
-1
-1
-1
-1
-1
-1
-1
-1
1835
4993
-1
-1
-1
-1
3132
3741
-1
-1
-1
-1
-1
2754
-1
-1
3280
2226
-1
2113
-1
-1
2660
-1
-1
966
-1
-1
1358
321
-1
57
-1
-1
-1
-1
1629
-1
-1
-1
-1
901
921
5193
-1
-1
-1
-1
-1
-1
-1
2104
-1
3588
-1
-1
-1
-1
-1
-1
-1
-1
-1
-1
-1
2474
-1
-1
-1
-1
-1
-1
-1
-1
-1
676
-1
4032
-1
-1
-1
-1
2400
-1
-1
-1
-1
-1
-1
-1
-1
-1
-1
5157
-1
3618
1790
-1
-1
-1
-1
-1
3736
-1
-1
-1
-1
-1
-1
-1
3896
-1
-1
-1
-1
-1
-1
-1
-1
-1
4843
-1
1044
4710
-1
3375
5144
-1
-1
-1
5030
66
-1
-1
2925
-1
-1
-1
-1
-1
-1
-1
-1
4107
-1
324
3326
-1
2759
-1
-1
-1
-1
2899
-1
-1
4230
-1
4166
-1
-1
-1
-1
-1
3000
2162
-1
-1
1017
2520
-1
-1
-1
1547
-1
427
-1
3992
-1
-1
4075
1478
-1
5014
2628
2704
4670
-1
1346
-1
-1
-1
-1
-1
-1
750
-1
-1
-1
3110
4456
249
-1
-1
113
-1
-1
-1
-1
1249
-1
2087
4801
-1
3421
-1
-1
-1
4706
-1
-1
-1
2719
-1
-1
4303
4450
-1
-1
-1
665
4073
-1
-1
-1
-1
-1
-1
-1
-1
-1
-1
-1
-1
-1
-1
2859
3206
-1
2081
-1
-1
-1
-1
-1
-1
1960
-1
-1
-1
-1
-1
-1
972
1832
4850
575
-1
-1
-1
-1
-1
1075
-1
3241
-1
3045
-1
1119
-1
-1
-1
-1
5041
-1
-1
2698
-1
-1
-1
2633
3360
4326
-1
1607
-1
-1
-1
-1
3951
3977
1247
-1
-1
-1
-1
-1
-1
2542
-1
-1
4781
-1
4175
2198
-1
-1
-1
-1
-1
-1
-1
-1
2223
-1
-1
4767
4158
-1
-1
-1
-1
-1
2659
-1
-1
-1
3239
3757
3606
-1
5002
-1
-1
-1
-1
-1
835
-1
-1
-1
-1
-1
2948
-1
1679
3525
-1
-1
-1
-1
-1
-1
1469
-1
-1
3783
4155
301
1744
-1
-1
-1
-1
4519
-1
-1
-1
-1
-1
-1
-1
-1
-1
4067
4876
-1
-1
-1
2305
1671
-1
4959
-1
-1
-1
1707
-1
1579
-1
-1
-1
3523
-1
-1
-1
3221
-1
89
-1
-1
-1
4205
-1
-1
2091
3060
1538
-1
-1
-1
3527
-1
-1
1106
1985
862
-1
-1
-1
3020
4508
-1
2757
-1
4808
-1
-1
-1
-1
3865
3093
1523
-1
1701
-1
-1
-1
-1
2577
-1
2165
2349
1591
4517
-1
-1
-1
-1
2484
-1
2305
2892
-1
-1
-1
-1
-1
2839
202
1412
-1
-1
3242
-1
-1
521
76
-1
-1
479
-1
-1
-1
423
-1
-1
1554
-1
-1
-1
-1
4838
-1
-1
-1
-1
4362
3859
-1
4986
-1
3373
-1
-1
-1
3386
-1
-1
4210
-1
4445
-1
938
1164
-1
-1
2925
-1
5058
-1
-1
-1
-1
-1
-1
-1
1380
-1
-1
4432
-1
-1
33
-1
-1
-1
-1
-1
-1
-1
-1
-1
-1
-1
-1
667
3037
4416
-1
636
-1
1735
-1
-1
3109
-1
-1
-1
480
-1
3406
-1
-1
3704
-1
4733
-1
3486
-1
1732
-1
2243
-1
-1
2542
4378
-1
4980
-1
-1
2233
-1
809
-1
1910
-1
-1
1278
4511
-1
3708
-1
-1
4734
-1
-1
4184
-1
-1
2517
-1
-1
609
-1
-1
-1
4248
-1
-1
-1
4164
-1
-1
-1
-1
2781
-1
-1
-1
-1
3014
-1
-1
-1
-1
2228
1522
5147
-1
-1
-1
-1
-1
-1
2438
1940
1959
-1
-1
-1
-1
-1
-1
4850
2605
-1
1921
3246
-1
-1
-1
4960
-1
3547
-1
-1
4456
-1
-1
-1
2724
3746
3797
4269
-1
4464
-1
2531
-1
1241
-1
152
-1
-1
-1
-1
2328
-1
3224
-1
-1
1242
-1
-1
4581
-1
-1
-1
-1
343
2160
-1
-1
-1
-1
1292
-1
-1
739
-1
2089
2269
-1
-1
3152
-1
-1
-1
-1
-1
-1
-1
-1
-1
2140
-1
3660
-1
-1
-1
-1
-1
-1
-1
-1
-1
2548
-1
3044
3008
-1
3206
-1
-1
-1
-1
-1
-1
898
3439
2127
-1
1567
1448
-1
-1
-1
-1
-1
2052
-1
-1
-1
2006
-1
-1
-1
-1
-1
758
-1
-1
2927
-1
3898
-1
2776
4702
4738
1338
4984
-1
-1
1056
3354
-1
4514
556
-1
-1
-1
-1
-1
-1
-1
-1
3390
-1
-1
-1
2779
3045
322
-1
3306
-1
-1
-1
-1
-1
-1
-1
-1
-1
-1
-1
3038
2804
-1
-1
-1
-1
-1
-1
-1
-1
3344
-1
2742
2801
-1
-1
-1
-1
3775
-1
-1
-1
-1
3409
-1
-1
4802
3897
-1
-1
-1
4367
4062
-1
2457
2340
-1
-1
1116
-1
5173
4420
-1
-1
1503
-1
-1
-1
-1
4041
-1
4534
2926
-1
1466
3011
-1
2303
-1
-1
-1
-1
2856
2143
-1
1187
-1
3793
-1
-1
-1
-1
-1
-1
-1
5081
-1
-1
2150
2807
-1
-1
-1
-1
-1
267
1971
-1
4735
-1
-1
-1
-1
-1
-1
-1
4211
-1
2636
-1
-1
-1
1746
-1
2930
-1
600
-1
-1
558
-1
-1
2295
2057
-1
-1
4268
-1
-1
-1
-1
-1
-1
28
-1
3711
4739
-1
-1
5148
-1
3382
1854
-1
-1
4054
-1
1780
4194
3254
406
-1
-1
-1
-1
-1
4714
-1
1958
-1
3274
-1
3170
-1
-1
3828
3890
-1
3741
2896
3980
1389
-1
-1
-1
-1
-1
3720
4420
-1
-1
-1
-1
-1
-1
-1
4800
-1
-1
-1
9
1659
-1
-1
-1
-1
1589
-1
90
-1
1867
-1
-1
2486
4335
2269
-1
-1
-1
2168
2256
-1
-1
1538
-1
-1
4084
5085
-1
2596
-1
-1
4258
-1
98
-1
3364
1137
4623
-1
2141
-1
-1
944
-1
-1
-1
3668
-1
-1
4765
4420
-1
-1
-1
-1
-1
3037
3287
920
-1
-1
1339
-1
-1
-1
-1
-1
-1
-1
-1
-1
-1
873
-1
1882
-1
-1
-1
-1
-1
-1
-1
3395
-1
1831
1412
-1
1605
-1
-1
-1
-1
1758
580
-1
-1
-1
-1
5034
3277
2854
-1
-1
4979
4307
-1
-1
2395
-1
-1
-1
1051
-1
461
-1
-1
-1
-1
-1
-1
-1
517
-1
-1
-1
-1
-1
-1
-1
-1
-1
-1
1572
-1
1728
1027
-1
-1
-1
4766
-1
-1
-1
-1
1614
3135
-1
-1
-1
-1
-1
-1
4782
4870
3143
2785
-1
-1
1751
2669
-1
-1
-1
-1
-1
-1
-1
-1
-1
-1
-1
-1
2226
-1
-1
-1
2967
-1
-1
-1
-1
-1
-1
-1
-1
163
-1
-1
2427
-1
937
5098
-1
-1
-1
72
-1
2906
-1
-1
-1
-1
3293
-1
-1
-1
4372
-1
-1
-1
-1
-1
-1
1546
-1
1209
1808
3668
-1
-1
-1
-1
-1
-1
-1
64
-1
-1
-1
-1
-1
4816
-1
2117
-1
-1
-1
-1
-1
400
-1
-1
-1
-1
4258
-1
1626
-1
-1
-1
-1
-1
1205
4169
-1
-1
2545
-1
-1
-1
-1
-1
-1
-1
4691
-1
-1
-1
-1
4811
-1
-1
-1
-1
-1
1603
-1
-1
-1
258
-1
-1
-1
4291
-1
-1
-1
-1
1942
-1
3583
-1
-1
2588
-1
-1
-1
-1
4447
-1
-1
330
-1
-1
3883
2395
-1
-1
-1
-1
1574
-1
-1
4795
-1
-1
4599
4174
-1
-1
-1
-1
-1
469
948
4904
1439
3031
-1
-1
1884
-1
-1
-1
-1
-1
-1
848
4274
-1
-1
715
-1
-1
3511
-1
-1
1058
-1
3407
4249
4553
-1
3017
-1
-1
-1
-1
3186
-1
1460
-1
-1
-1
-1
-1
-1
-1
-1
4573
2719
-1
-1
-1
-1
5036
-1
8
-1
-1
-1
-1
2024
-1
-1
4633
2769
681
-1
3673
4437
3261
-1
-1
195
3724
-1
-1
-1
3392
-1
-1
-1
-1
-1
724
3885
-1
-1
-1
-1
-1
-1
-1
-1
3738
-1
3318
1672
-1
-1
4625
-1
-1
-1
363
-1
-1
-1
-1
-1
50
-1
-1
1383
-1
-1
-1
-1
-1
3706
-1
-1
-1
4299
5044
-1
-1
-1
-1
3101
-1
-1
-1
-1
-1
-1
-1
385
-1
-1
-1
4219
-1
-1
-1
-1
3541
-1
-1
-1
-1
4201
1039
3851
-1
-1
232
2154
1979
44
474
-1
-1
-1
-1
29
-1
-1
-1
-1
4676
-1
-1
-1
4287
4965
-1
-1
-1
-1
4634
-1
1602
-1
-1
4762
-1
2538
-1
-1
-1
-1
1003
-1
-1
-1
-1
-1
1282
-1
4864
-1
904
-1
3930
4108
4119
-1
-1
-1
4193
-1
-1
-1
-1
-1
4312
196
-1
-1
863
-1
-1
2591
-1
-1
1020
-1
119
2847
1203
-1
-1
-1
-1
-1
3785
2851
-1
-1
3232
3476
-1
2060
-1
3186
-1
2313
-1
4208
-1
-1
3038
-1
2428
2779
-1
313
-1
-1
-1
-1
-1
4570
-1
4923
1588
2347
-1
1314
-1
604
1721
-1
-1
-1
4389
-1
-1
-1
-1
-1
-1
-1
-1
-1
-1
-1
-1
-1
-1
2645
-1
-1
37
5163
479
-1
-1
348
-1
-1
1617
-1
495
3849
-1
869
3529
4624
-1
-1
-1
239
-1
-1
-1
-1
4372
-1
102
3006
-1
1694
-1
-1
2004
-1
-1
-1
1123
-1
-1
-1
-1
-1
4928
4401
4702
-1
-1
1319
2102
-1
5016
231
-1
-1
1560
-1
-1
2636
4129
464
-1
-1
3982
3211
250
-1
2895
1388
-1
-1
-1
-1
-1
-1
-1
-1
5003
-1
2367
4874
-1
-1
5086
-1
2203
980
895
615
-1
-1
-1
-1
1017
-1
17
-1
-1
-1
-1
-1
-1
-1
301
-1
-1
-1
-1
-1
2232
-1
2324
-1
2165
3321
-1
-1
-1
-1
2917
-1
-1
-1
-1
2882
-1
-1
-1
-1
-1
-1
-1
5091
3048
-1
-1
3023
4289
-1
3147
-1
-1
-1
-1
845
-1
-1
-1
-1
1544
-1
3943
-1
2393
-1
-1
-1
-1
1113
5194
-1
-1
3699
-1
-1
1620
-1
-1
1152
-1
-1
2714
-1
2800
-1
3053
1818
-1
-1
-1
-1
-1
317
-1
-1
3460
1201
1842
-1
4194
-1
-1
-1
4603
-1
241
-1
-1
-1
4405
548
-1
-1
729
-1
2763
3082
-1
-1
-1
-1
-1
4087
-1
3697
4692
-1
-1
-1
2382
-1
-1
-1
-1
-1
-1
-1
534
416
2672
-1
-1
-1
465
-1
-1
-1
-1
-1
-1
553
-1
1306
-1
-1
-1
-1
-1
-1
1280
-1
-1
4369
-1
-1
-1
-1
-1
-1
1413
1264
-1
-1
-1
-1
2700
-1
1131
-1
5152
-1
1048
3515
-1
-1
-1
1163
4381
-1
-1
1525
-1
-1
-1
3800
-1
-1
5191
-1
1928
-1
-1
-1
-1
-1
-1
-1
-1
-1
-1
2252
593
-1
-1
2441
1133
3778
4667
-1
-1
-1
3198
-1
-1
-1
-1
3480
4183
-1
-1
4659
-1
-1
738
1806
-1
1431
3621
-1
-1
4219
-1
-1
-1
1453
-1
-1
-1
-1
-1
-1
-1
1727
499
-1
-1
-1
3895
4163
-1
-1
-1
-1
1607
-1
3328
4720
-1
-1
-1
-1
-1
-1
-1
1477
2942
-1
4944
-1
-1
3016
-1
-1
-1
-1
-1
-1
-1
4496
-1
-1
4631
-1
-1
-1
-1
-1
1279
3225
-1
-1
-1
3010
4784
411
-1
594
-1
-1
-1
-1
-1
3289
-1
-1
-1
-1
-1
-1
-1
-1
-1
-1
-1
-1
-1
-1
-1
312
1275
-1
-1
1907
-1
4871
-1
-1
1579
-1
-1
1805
-1
-1
-1
-1
-1
-1
3479
3144
1312
-1
3721
-1
2596
-1
3215
5159
-1
-1
900
-1
-1
-1
1711
-1
-1
-1
-1
4046
-1
4788
-1
-1
-1
3289
-1
-1
-1
-1
592
-1
-1
-1
-1
1557
3387
1192
2739
-1
-1
-1
3535
-1
1486
-1
2660
-1
-1
-1
-1
-1
-1
-1
-1
2175
-1
2237
-1
-1
-1
2402
-1
-1
-1
3696
4743
-1
3234
-1
-1
-1
-1
-1
2163
1291
-1
-1
892
-1
-1
-1
-1
-1
2855
4996
2003
-1
2408
-1
-1
-1
-1
3562
-1
-1
-1
-1
-1
1578
-1
3636
-1
-1
1094
4996
-1
-1
-1
375
605
-1
533
2407
-1
-1
-1
-1
-1
2044
2875
5015
3168
-1
-1
3999
2175
-1
-1
-1
-1
-1
-1
-1
-1
-1
-1
-1
-1
-1
-1
-1
874
5080
-1
3439
4785
-1
-1
-1
-1
1082
-1
-1
-1
-1
560
2130
2982
-1
-1
-1
2996
-1
-1
-1
4441
-1
-1
855
-1
-1
-1
5193
-1
-1
-1
1628
-1
-1
4464
4069
-1
-1
-1
-1
-1
-1
-1
-1
-1
-1
-1
-1
701
-1
-1
-1
-1
3426
901
2043
-1
-1
3913
-1
-1
-1
-1
-1
-1
4815
-1
-1
96
-1
-1
-1
1113
3458
-1
1313
4912
2766
-1
-1
-1
4201
-1
-1
2956
309
2591
-1
1622
720
5030
4107
3266
-1
-1
2011
-1
-1
-1
-1
2130
276
-1
-1
-1
-1
2495
1561
73
4326
-1
4589
4335
-1
-1
-1
-1
-1
3018
-1
-1
-1
-1
2718
-1
-1
-1
-1
-1
-1
-1
4872
161
-1
-1
-1
-1
-1
3497
156
-1
-1
1915
3201
-1
4044
-1
-1
3749
-1
-1
-1
3610
-1
-1
-1
-1
2814
2903
642
-1
-1
210
3979
-1
-1
3589
-1
-1
2810
4435
1044
1604
-1
1562
-1
93
-1
477
-1
-1
136
-1
-1
4566
-1
-1
-1
-1
4099
-1
-1
-1
1530
-1
-1
-1
2346
4835
3740
-1
3600
-1
-1
3870
-1
-1
-1
-1
3999
-1
469
-1
-1
-1
-1
-1
-1
-1
-1
-1
-1
-1
1678
-1
-1
-1
-1
4013
-1
3805
-1
-1
2443
-1
-1
990
4911
-1
-1
-1
3113
3019
-1
-1
1125
-1
-1
-1
4951
3451
-1
-1
-1
-1
698
-1
-1
-1
4378
3926
-1
1289
-1
-1
-1
2902
371
916
-1
-1
2076
-1
-1
4124
-1
-1
172
-1
-1
1908
4869
-1
4630
-1
-1
-1
-1
-1
-1
-1
-1
-1
3647
2308
-1
-1
-1
-1
-1
-1
1966
3875
-1
-1
-1
-1
-1
-1
-1
-1
-1
-1
-1
-1
-1
-1
-1
1053
-1
2062
-1
-1
-1
3059
-1
-1
-1
-1
-1
290
3731
-1
-1
-1
2969
-1
-1
3451
-1
-1
-1
-1
-1
4936
-1
5090
100
5002
-1
-1
-1
2126
-1
1352
4359
-1
1916
3081
1635
3205
1375
5142
-1
59
2376
1392
-1
-1
-1
-1
4038
-1
-1
-1
3064
3975
3395
4140
995
3110
-1
-1
-1
-1
2299
4489
535
1246
4553
2840
2756
-1
1512
-1
1380
201
-1
-1
2848
-1
950
-1
-1
-1
454
-1
-1
-1
-1
-1
-1
-1
-1
-1
-1
-1
-1
4799
-1
-1
-1
-1
-1
-1
-1
393
-1
-1
-1
-1
3061
-1
-1
972
4625
-1
-1
-1
-1
-1
1745
-1
343
2808
1441
2781
-1
788
-1
-1
2388
2636
-1
-1
1313
1830
475
297
-1
4340
3223
3962
-1
5029
-1
-1
-1
3114
3462
-1
-1
-1
-1
3223
-1
-1
-1
-1
1372
1060
-1
-1
-1
-1
-1
-1
-1
-1
-1
27
-1
-1
-1
-1
-1
-1
5116
-1
-1
-1
-1
-1
-1
5040
2176
1880
1604
-1
683
-1
4212
783
3812
2351
4280
3138
-1
-1
-1
-1
-1
3802
-1
-1
-1
-1
-1
4442
-1
1555
-1
272
3837
1452
-1
-1
3572
-1
-1
-1
2668
-1
-1
-1
1872
-1
-1
-1
-1
-1
-1
1918
-1
-1
2099
-1
-1
-1
-1
1678
4960
-1
-1
-1
-1
-1
-1
-1
-1
-1
-1
-1
5108
-1
4376
2286
2176
-1
635
644
-1
-1
-1
-1
-1
-1
-1
679
-1
-1
2408
571
-1
-1
-1
-1
2598
-1
1043
-1
-1
-1
-1
4515
-1
2357
-1
-1
2784
-1
-1
-1
-1
4593
-1
-1
-1
319
-1
-1
-1
-1
3587
-1
425
1822
-1
-1
1759
-1
1895
1793
-1
-1
-1
2488
4192
3958
2779
-1
781
1578
-1
1563
-1
-1
-1
-1
-1
-1
-1
-1
-1
3730
-1
-1
2840
-1
3706
-1
-1
-1
-1
-1
-1
-1
2787
-1
-1
960
-1
3424
504
26
755
-1
2669
3348
-1
-1
-1
3766
-1
-1
1832
3481
-1
3035
-1
-1
-1
2586
-1
3908
-1
1945
-1
-1
-1
-1
-1
-1
326
3310
-1
-1
3041
1007
4682
-1
-1
-1
-1
3262
-1
3306
-1
1230
-1
-1
5009
4506
-1
312
704
-1
-1
-1
-1
-1
4281
2523
-1
-1
-1
-1
-1
337
-1
1399
-1
-1
1050
3440
3309
-1
-1
-1
-1
3469
-1
1025
-1
3058
-1
-1
3436
233
-1
-1
3389
-1
-1
-1
-1
-1
-1
1532
-1
-1
-1
-1
3434
4756
1390
-1
2074
-1
738
-1
-1
3000
-1
307
-1
4551
-1
-1
-1
-1
-1
-1
4351
-1
4521
-1
3234
3251
-1
2503
-1
1089
-1
562
-1
-1
3003
-1
-1
-1
3571
-1
-1
-1
-1
-1
-1
4073
-1
-1
-1
3389
-1
4781
1658
2887
-1
3583
-1
-1
-1
-1
-1
4805
-1
-1
-1
4032
-1
-1
-1
-1
-1
-1
2567
-1
-1
3683
-1
-1
3577
4198
-1
-1
-1
-1
-1
2966
-1
4893
1045
-1
-1
48
632
-1
-1
3023
-1
-1
-1
-1
4428
3234
-1
1462
3380
-1
-1
-1
3386
-1
-1
-1
-1
-1
-1
3139
-1
2375
-1
-1
360
1685
2325
-1
1193
567
1895
-1
-1
3108
-1
-1
-1
-1
-1
-1
3496
-1
-1
-1
-1
-1
-1
-1
-1
386
2563
-1
4433
-1
-1
-1
-1
-1
565
-1
3202
-1
4055
-1
-1
-1
-1
4246
3546
4286
3388
379
-1
1672
-1
-1
4301
-1
-1
-1
2608
-1
4286
-1
-1
-1
-1
2086
1157
-1
-1
-1
1907
551
3777
2756
-1
-1
-1
-1
13
2929
-1
-1
-1
-1
-1
-1
-1
-1
-1
-1
1724
-1
-1
4842
-1
2082
2575
2007
-1
-1
260
-1
536
-1
-1
-1
-1
-1
-1
-1
-1
1024
760
-1
2013
-1
-1
2281
-1
-1
-1
-1
770
-1
2826
-1
-1
-1
4990
2007
-1
-1
-1
4278
2257
-1
-1
785
-1
-1
-1
-1
1612
-1
1804
4829
-1
-1
4688
4325
-1
-1
3808
1436
4455
-1
-1
307
2508
4970
2746
-1
3396
2562
3727
-1
-1
1246
2424
-1
2324
-1
4456
1761
4162
-1
2409
-1
-1
-1
3067
-1
2809
-1
3182
-1
-1
-1
-1
2491
-1
-1
-1
2560
-1
3218
-1
-1
-1
-1
3481
-1
-1
-1
1705
-1
4066
-1
-1
2170
4375
1738
-1
162
-1
-1
-1
-1
-1
-1
-1
-1
1952
-1
-1
-1
371
2754
-1
436
2229
-1
1049
2551
-1
-1
-1
-1
1612
-1
-1
1902
-1
1034
2459
-1
-1
1217
-1
-1
2569
-1
-1
-1
-1
-1
-1
1103
4167
-1
-1
-1
-1
202
-1
-1
-1
-1
1906
-1
-1
-1
3823
-1
-1
1559
2874
-1
-1
3580
2754
-1
-1
2259
-1
-1
-1
4652
-1
-1
-1
-1
-1
355
3714
62
1055
-1
-1
3822
-1
-1
1644
-1
4540
-1
-1
-1
-1
3724
-1
-1
-1
1339
-1
843
-1
4528
-1
-1
-1
-1
3344
2059
4778
-1
-1
-1
-1
4585
-1
-1
-1
1638
-1
-1
-1
-1
-1
-1
-1
4113
-1
5101
-1
-1
-1
-1
-1
2444
-1
4209
-1
-1
-1
-1
-1
4017
2735
-1
-1
-1
-1
2649
-1
-1
4840
-1
-1
-1
-1
1818
1870
-1
621
-1
1078
1903
868
-1
-1
-1
-1
3891
-1
-1
2178
-1
-1
-1
-1
-1
-1
2622
3587
-1
5173
3159
781
-1
-1
-1
3034
1174
-1
-1
3466
-1
-1
-1
2619
-1
3737
-1
-1
1097
-1
-1
-1
-1
1769
-1
-1
-1
-1
-1
5095
-1
658
1520
-1
-1
-1
-1
-1
-1
-1
-1
-1
-1
-1
-1
313
1946
-1
-1
-1
-1
-1
-1
-1
-1
-1
-1
-1
-1
-1
-1
2804
-1
-1
-1
-1
-1
-1
-1
-1
4151
-1
-1
-1
-1
-1
2230
442
-1
-1
-1
-1
-1
-1
-1
70
-1
-1
-1
-1
-1
-1
-1
-1
987
-1
-1
-1
705
3323
-1
-1
-1
-1
-1
-1
1061
3226
2206
-1
-1
-1
5121
2234
4349
-1
-1
-1
-1
-1
-1
-1
2891
-1
-1
200
-1
-1
-1
-1
1118
-1
5058
-1
-1
208
-1
734
539
4791
5063
-1
-1
-1
4765
-1
-1
-1
3227
-1
-1
-1
-1
1562
4085
-1
2363
-1
-1
5071
1461
-1
5139
-1
-1
-1
-1
-1
5145
-1
-1
-1
-1
-1
-1
4765
-1
-1
-1
-1
-1
-1
-1
-1
-1
-1
108
-1
-1
234
-1
4878
-1
-1
564
-1
-1
-1
-1
-1
-1
-1
-1
5164
-1
-1
-1
3140
5047
2743
2238
1229
-1
248
1685
-1
1065
-1
-1
-1
3081
-1
3463
-1
-1
-1
5020
2687
537
-1
3303
-1
3392
1925
2345
4215
387
2390
-1
3006
1252
-1
-1
3324
-1
1918
-1
-1
-1
-1
-1
-1
5034
-1
-1
-1
258
5123
-1
4813
-1
-1
242
3673
-1
-1
-1
-1
-1
-1
-1
108
-1
-1
-1
-1
3706
-1
-1
-1
1591
-1
-1
-1
-1
527
4210
3076
-1
-1
3093
-1
-1
807
-1
1713
-1
-1
-1
-1
-1
-1
-1
-1
-1
-1
1062
4019
4958
-1
1941
1585
-1
-1
-1
-1
623
-1
-1
-1
-1
-1
-1
-1
-1
-1
-1
-1
-1
-1
-1
-1
-1
2656
-1
3133
-1
-1
-1
-1
3053
-1
-1
-1
-1
1501
-1
-1
2991
-1
4908
-1
-1
-1
-1
2412
-1
-1
-1
241
-1
-1
-1
-1
-1
-1
43
4961
-1
1310
-1
-1
-1
-1
-1
-1
5170
1822
-1
-1
4872
4606
-1
-1
-1
4734
1052
-1
4951
-1
2740
-1
3103
-1
-1
3549
-1
-1
-1
-1
-1
-1
-1
2297
2389
2576
2231
3996
-1
460
2104
-1
2255
5050
-1
-1
2762
-1
-1
-1
2572
-1
-1
-1
-1
-1
-1
-1
-1
-1
2523
2349
-1
-1
-1
-1
2165
2992
760
3338
4086
-1
-1
243
-1
2268
3397
-1
2115
-1
-1
3705
-1
2234
-1
-1
-1
-1
-1
4031
3552
-1
-1
-1
2718
-1
4033
-1
4814
3856
5192
-1
-1
-1
-1
-1
4467
-1
4055
5076
748
-1
5169
2906
3877
4243
-1
4889
-1
-1
163
-1
-1
-1
-1
3823
3955
1425
-1
-1
-1
2549
-1
-1
2366
-1
384
37
2210
1364
-1
-1
-1
-1
-1
-1
-1
3836
-1
4383
-1
2791
705
2853
-1
-1
-1
-1
-1
1581
3668
-1
-1
-1
1149
-1
-1
-1
3976
-1
-1
3818
3191
-1
4057
-1
-1
-1
-1
-1
-1
-1
2124
-1
2484
-1
-1
3956
-1
-1
-1
-1
-1
1163
-1
3736
-1
-1
-1
2674
-1
4087
-1
-1
2161
1434
-1
-1
-1
4407
-1
-1
5075
1618
-1
3297
4112
1482
-1
-1
-1
-1
-1
-1
-1
-1
-1
-1
4113
-1
733
-1
810
3731
-1
-1
-1
-1
-1
-1
-1
-1
-1
-1
1970
-1
896
1203
-1
4312
-1
2180
-1
5170
2699
-1
2828
4675
-1
2514
-1
-1
-1
3389
-1
3467
-1
-1
-1
-1
1293
3260
-1
-1
-1
-1
-1
-1
4494
-1
3956
2387
3906
745
1717
-1
-1
-1
-1
-1
-1
91
1030
148
-1
-1
-1
-1
-1
-1
-1
-1
-1
-1
5188
-1
4422
3950
-1
-1
-1
3317
4608
-1
4809
654
-1
4774
3628
-1
-1
2555
-1
-1
-1
-1
-1
2868
3128
300
-1
4793
856
-1
3395
-1
2992
3808
-1
-1
-1
261
-1
144
-1
-1
-1
2256
3320
-1
-1
2860
-1
-1
-1
3739
-1
-1
4478
-1
2606
-1
-1
-1
-1
1743
-1
-1
4931
-1
-1
-1
-1
-1
-1
268
3485
5169
-1
-1
4077
-1
1238
-1
-1
1499
3233
3768
3379
3121
-1
3845
-1
1889
-1
-1
-1
-1
-1
-1
-1
-1
-1
-1
-1
2868
-1
-1
-1
1180
2644
1193
-1
-1
3131
-1
-1
-1
-1
2442
2502
-1
280
-1
-1
1325
-1
4833
3617
-1
3126
4381
-1
-1
4067
-1
-1
-1
715
-1
-1
263
-1
-1
-1
-1
-1
-1
-1
-1
3069
-1
3723
-1
-1
-1
-1
-1
-1
4510
-1
-1
-1
-1
3235
-1
-1
3219
-1
-1
-1
-1
-1
-1
-1
-1
-1
-1
-1
-1
-1
-1
338
-1
-1
-1
-1
-1
-1
748
1309
-1
-1
-1
-1
-1
-1
-1
-1
-1
5171
-1
-1
4332
-1
5031
-1
-1
1824
3219
2745
-1
-1
-1
-1
-1
-1
1950
-1
2970
1849
3382
3010
-1
-1
-1
2393
2526
-1
4846
-1
862
1706
-1
-1
-1
-1
-1
-1
2797
1208
-1
-1
-1
4001
-1
4445
1479
-1
-1
-1
-1
-1
-1
3444
1586
3051
-1
-1
-1
-1
4734
3863
1482
-1
-1
1868
1414
-1
-1
3739
-1
3159
-1
-1
-1
-1
-1
-1
-1
-1
3597
3322
-1
-1
-1
-1
-1
4817
-1
-1
2579
-1
-1
-1
-1
-1
2167
-1
-1
1079
-1
-1
-1
-1
-1
-1
-1
-1
3577
622
-1
-1
-1
4053
-1
-1
-1
-1
1146
-1
3304
-1
4009
-1
1072
-1
3110
378
5087
-1
4588
-1
-1
-1
-1
587
5147
4165
-1
-1
-1
4981
-1
436
-1
-1
-1
-1
-1
3045
2141
-1
-1
-1
-1
4278
2261
-1
823
-1
-1
-1
-1
-1
3365
-1
4813
5078
77
-1
-1
-1
-1
2971
-1
3256
4331
2685
-1
396
-1
-1
-1
1196
5067
-1
520
4255
3103
-1
-1
-1
-1
155
456
-1
-1
-1
4918
