77
72
9
105
85
11
67
19
24
82
70
6
73
104
19
53
110
35
20
27
6
20
60
95
68
62
34
102
65
72
14
29
89
50
58
20
23
26
7
50
47
15
67
61
95
76
25
43
58
16
10
86
54
29
30
9
38
66
11
30
41
60
42
39
54
86
40
84
52
18
43
91
9
22
106
27
32
18
89
54
94
7
74
68
63
92
35
56
55
6
45
6
7
40
53
92
34
95
71
26
54
63
31
44
109
7
44
94
6
79
83
5
50
38
2
78
108
98
73
55
41
21
108
98
68
14
47
28
68
55
42
100
98
88
70
102
70
58
44
68
43
45
90
98
87
72
88
22
62
7
84
31
51
30
65
78
89
13
110
23
102
8
16
9
52
104
31
64
57
39
51
78
10
110
31
33
67
32
62
17
108
80
26
73
63
67
2
63
68
97
24
92
40
11
23
5
70
71
43
110
63
36
42
11
37
49
20
35
1
104
21
25
61
78
72
71
61
30
59
1
1
42
37
6
25
101
63
45
93
109
57
65
107
92
2
108
47
22
14
53
86
86
84
14
91
92
64
41
40
74
81
12
54
64
104
88
96
72
95
87
71
62
66
33
64
9
45
3
39
34
46
80
21
70
99
14
14
22
60
13
23
29
8
15
97
10
103
28
90
7
83
54
56
94
105
78
15
101
56
53
28
59
50
18
55
80
42
50
21
69
96
44
59
1
61
41
110
91
87
17
94
84
68
68
81
84
9
52
27
36
45
40
70
80
-1
-1
-1
-1
-1
-1
-1
-1
-1
-1
-1
-1
-1
-1
-1
-1
-1
-1
-1
-1
-1
-1
-1
-1
-1
-1
-1
-1
-1
-1
-1
-1
-1
-1
-1
-1
-1
-1
-1
-1
-1
-1
-1
-1
-1
-1
-1
-1
-1
-1
-1
-1
-1
-1
-1
-1
-1
-1
-1
-1
-1
-1
-1
-1
-1
-1
-1
-1
-1
-1
-1
-1
-1
-1
-1
-1
-1
-1
-1
-1
-1
-1
-1
