629
-1
-1
-1
320
-1
4355
-1
-1
-1
1411
-1
-1
-1
1893
1014
766
4238
610
-1
-1
504
4094
259
-1
-1
35
2998
2076
-1
-1
2328
-1
-1
-1
2912
-1
1320
-1
3625
-1
-1
-1
49
-1
-1
-1
-1
-1
-1
-1
-1
-1
-1
-1
3315
-1
4389
-1
-1
4565
-1
-1
-1
-1
-1
3567
-1
3279
-1
5041
-1
189
4665
990
-1
-1
-1
2858
-1
-1
-1
634
-1
2621
-1
-1
-1
-1
-1
3999
3338
-1
-1
2156
1678
811
-1
-1
-1
39
-1
4132
-1
4497
2251
-1
-1
-1
-1
-1
-1
-1
-1
3150
624
-1
-1
-1
3820
-1
2243
2509
-1
3565
3363
2880
-1
4212
-1
4435
1018
-1
-1
-1
-1
345
-1
-1
1388
-1
-1
-1
-1
-1
-1
-1
-1
4747
4899
-1
1746
-1
-1
-1
1254
-1
4496
569
-1
-1
-1
-1
-1
-1
-1
2329
-1
643
4697
-1
767
-1
-1
-1
-1
-1
-1
-1
-1
-1
1760
4480
4882
-1
-1
1790
-1
-1
3039
-1
-1
-1
-1
-1
-1
-1
1184
-1
141
3117
3260
2927
-1
-1
-1
-1
3488
-1
-1
-1
-1
-1
-1
5030
-1
4741
-1
-1
4775
2310
1885
-1
-1
-1
1660
-1
-1
-1
-1
4514
2693
-1
387
-1
3321
-1
-1
3601
-1
-1
-1
-1
215
1275
-1
-1
-1
3722
-1
1
-1
-1
4954
-1
-1
-1
-1
1467
4755
1398
-1
-1
-1
-1
-1
-1
-1
842
-1
948
4148
-1
-1
3729
5079
4695
170
-1
5027
457
-1
-1
-1
-1
-1
-1
4964
3070
3601
166
-1
-1
-1
-1
-1
-1
1328
-1
-1
3352
-1
-1
-1
3919
4358
2439
2028
-1
-1
-1
-1
3324
-1
-1
1357
-1
4872
-1
-1
-1
2763
-1
2536
-1
-1
-1
-1
1239
-1
2998
4673
671
3220
-1
3677
-1
4036
-1
-1
-1
4527
-1
691
838
-1
-1
167
-1
789
-1
-1
-1
-1
-1
-1
-1
1442
-1
-1
-1
2551
-1
-1
-1
1417
952
-1
3046
-1
-1
-1
3562
-1
-1
-1
2270
-1
-1
2078
156
-1
-1
2701
-1
-1
-1
-1
-1
-1
-1
-1
1973
2207
-1
-1
-1
-1
-1
3616
2436
-1
-1
-1
4695
166
1883
4421
2943
-1
4941
-1
-1
-1
-1
-1
1165
4600
-1
2514
-1
3362
-1
-1
-1
-1
-1
-1
615
-1
989
72
-1
2705
-1
-1
5005
4302
-1
-1
1803
-1
1636
-1
299
-1
-1
-1
296
-1
4391
4550
-1
4336
-1
3504
-1
4194
-1
-1
-1
1620
-1
3675
-1
1998
-1
-1
-1
-1
-1
5088
1174
-1
-1
-1
-1
141
-1
-1
3237
-1
-1
-1
1912
-1
1418
-1
-1
-1
2456
-1
-1
-1
-1
-1
-1
-1
4524
-1
-1
1044
-1
-1
-1
-1
2466
-1
4112
-1
-1
-1
-1
-1
4601
2655
1181
-1
-1
-1
1672
-1
-1
-1
1759
-1
-1
-1
3166
-1
-1
-1
2315
1517
-1
1632
-1
-1
4976
1852
1961
-1
-1
-1
2815
-1
-1
-1
-1
-1
3401
-1
-1
4000
-1
-1
2756
-1
-1
-1
-1
5090
-1
3736
-1
-1
-1
-1
3259
-1
-1
-1
673
-1
-1
-1
4712
-1
-1
-1
-1
-1
-1
-1
5122
-1
-1
-1
3192
-1
-1
-1
-1
-1
-1
1448
-1
-1
3305
-1
36
3618
6
2158
-1
-1
-1
2428
-1
1864
-1
4832
4202
-1
4715
4818
-1
-1
-1
-1
-1
-1
-1
2135
4161
-1
-1
5038
-1
2227
-1
2399
-1
-1
-1
3986
414
3834
-1
2022
1740
-1
37
-1
4138
-1
-1
2248
-1
-1
940
-1
-1
1157
1163
-1
-1
-1
-1
-1
-1
-1
-1
1443
-1
-1
-1
3485
1569
-1
-1
-1
-1
-1
-1
2733
-1
-1
-1
787
4146
2335
-1
2047
-1
-1
-1
-1
-1
3481
-1
3883
-1
3066
-1
-1
-1
4896
-1
-1
-1
2712
4467
-1
3472
797
-1
5083
1036
4743
-1
-1
-1
357
-1
-1
-1
727
-1
-1
-1
-1
-1
-1
5098
-1
1308
-1
-1
-1
4056
4014
389
2131
-1
1085
-1
1223
231
4192
3011
-1
2676
-1
-1
-1
2183
-1
-1
1610
3828
-1
-1
-1
-1
-1
-1
-1
5017
655
1586
1791
3107
-1
-1
1193
1831
-1
-1
-1
-1
-1
-1
507
-1
-1
-1
-1
-1
1518
-1
36
-1
1303
-1
-1
3531
1184
-1
-1
-1
-1
790
-1
4117
2341
4303
3680
-1
-1
-1
-1
-1
-1
4075
-1
-1
4642
-1
-1
779
2176
3039
1235
-1
2844
1140
2451
-1
-1
1059
-1
-1
-1
-1
-1
-1
-1
-1
122
1055
1392
-1
-1
-1
-1
-1
-1
-1
-1
-1
-1
492
-1
-1
-1
1739
463
-1
2106
4626
-1
-1
-1
-1
3290
-1
-1
-1
-1
-1
-1
-1
4332
4730
113
-1
-1
4814
4639
-1
1448
483
2926
-1
2007
1759
-1
3943
371
-1
-1
-1
-1
-1
4604
3657
-1
3650
-1
3804
-1
1316
-1
-1
-1
963
-1
3379
-1
-1
-1
-1
-1
2188
-1
-1
-1
5041
3443
462
-1
-1
-1
-1
4043
-1
-1
2289
-1
905
-1
-1
1978
-1
-1
-1
2088
-1
-1
-1
-1
-1
1157
-1
-1
-1
-1
-1
-1
-1
3375
-1
-1
1904
1383
-1
-1
-1
-1
2060
-1
-1
-1
-1
2623
-1
-1
-1
4683
-1
-1
2784
-1
-1
-1
4109
689
-1
405
-1
1719
-1
-1
1805
4327
-1
-1
3893
-1
4390
-1
-1
-1
-1
-1
-1
-1
3973
3359
2087
-1
2020
3699
2312
3301
-1
2859
907
-1
-1
-1
-1
-1
-1
-1
-1
2968
-1
-1
1819
982
-1
-1
-1
-1
-1
-1
2276
-1
-1
-1
-1
4274
1975
-1
1713
-1
-1
-1
-1
1992
1450
-1
-1
275
-1
-1
-1
-1
-1
1875
-1
-1
-1
4788
2307
-1
-1
-1
-1
-1
-1
1694
-1
533
-1
-1
4692
-1
-1
-1
-1
-1
4253
3386
-1
-1
-1
-1
-1
-1
-1
-1
-1
661
-1
-1
-1
-1
4604
-1
4219
4997
4104
1748
-1
-1
-1
3896
-1
956
-1
4009
-1
2931
-1
-1
2255
-1
-1
-1
1300
2262
1268
-1
-1
841
-1
-1
-1
-1
-1
3082
-1
-1
3850
2166
2906
2910
1842
-1
4490
-1
2105
1355
4892
-1
-1
-1
-1
3320
-1
3716
-1
-1
-1
2843
-1
1366
1418
-1
-1
4895
-1
3348
2014
4513
-1
-1
-1
-1
-1
-1
-1
-1
-1
3987
-1
-1
-1
-1
-1
557
-1
-1
-1
-1
-1
2061
-1
2462
3737
2529
-1
682
-1
-1
-1
-1
-1
-1
3383
-1
-1
4811
-1
-1
-1
5141
3715
3502
1949
1269
3762
-1
-1
-1
-1
5086
-1
-1
2568
-1
-1
-1
4074
-1
730
-1
3444
1832
-1
-1
4339
-1
4832
-1
-1
-1
-1
-1
-1
-1
-1
738
3220
1690
-1
-1
-1
-1
-1
3809
-1
-1
3459
-1
-1
-1
-1
-1
-1
-1
-1
-1
-1
-1
-1
-1
1582
-1
2695
-1
422
-1
-1
-1
-1
-1
4286
497
3946
-1
3988
4161
-1
-1
-1
-1
126
-1
-1
409
-1
-1
-1
2693
-1
-1
2498
2787
-1
-1
-1
547
-1
-1
-1
-1
-1
-1
-1
523
4131
-1
-1
5054
-1
-1
-1
-1
-1
463
-1
-1
-1
-1
1248
-1
-1
-1
1237
-1
-1
-1
3522
-1
4078
56
-1
-1
3715
1728
2134
-1
1174
3035
-1
-1
735
-1
5073
-1
1669
-1
-1
-1
-1
-1
3040
4279
-1
-1
-1
-1
54
-1
3585
2803
322
-1
3655
-1
3677
-1
-1
-1
-1
-1
-1
1272
-1
-1
-1
4889
-1
-1
4967
-1
-1
-1
-1
-1
2796
-1
-1
-1
4394
-1
-1
-1
-1
-1
-1
-1
-1
-1
-1
-1
-1
-1
3544
-1
-1
-1
-1
-1
-1
3180
-1
-1
-1
-1
235
1260
-1
-1
-1
2690
612
-1
-1
-1
-1
87
-1
-1
-1
2400
4599
1329
-1
4771
815
1849
-1
689
142
-1
1648
-1
2494
-1
540
-1
-1
-1
-1
-1
-1
3784
-1
-1
-1
3264
2975
1532
-1
-1
985
-1
-1
479
246
-1
-1
-1
864
-1
539
-1
-1
-1
1018
4309
4271
1800
1217
-1
2811
2643
-1
9
3700
4769
-1
4991
-1
-1
-1
-1
-1
-1
934
-1
4855
4188
952
-1
-1
-1
-1
4615
-1
4767
2872
-1
-1
-1
-1
-1
-1
-1
4683
1959
647
-1
-1
-1
156
1359
-1
1663
-1
-1
-1
1410
-1
-1
-1
-1
-1
-1
69
-1
-1
-1
-1
2251
-1
-1
-1
4519
4873
3628
-1
1600
-1
-1
3250
5004
-1
-1
-1
1140
-1
4224
-1
-1
-1
-1
-1
-1
-1
-1
-1
1279
-1
-1
-1
-1
-1
-1
-1
-1
-1
-1
-1
-1
-1
-1
-1
1066
2494
-1
3366
-1
-1
3437
-1
5129
-1
-1
4554
-1
-1
-1
-1
-1
-1
-1
2069
-1
-1
-1
2421
-1
-1
-1
640
-1
-1
-1
1816
-1
-1
4091
-1
-1
-1
3718
3882
-1
-1
1389
-1
2342
-1
46
-1
-1
-1
-1
-1
-1
-1
-1
3835
-1
-1
-1
-1
-1
-1
3474
4929
-1
301
-1
-1
-1
-1
-1
-1
-1
-1
2998
-1
-1
1653
-1
-1
-1
-1
-1
-1
2235
300
209
-1
3235
-1
2774
609
4665
-1
4714
-1
-1
-1
-1
-1
4311
-1
-1
-1
-1
-1
2871
-1
3334
1595
-1
4858
4378
-1
3514
-1
-1
4504
-1
992
403
-1
-1
-1
-1
2639
772
485
-1
-1
-1
-1
1263
-1
-1
1240
-1
2397
4632
-1
1660
-1
-1
3792
-1
-1
4452
-1
4795
-1
-1
-1
-1
-1
-1
-1
-1
-1
-1
3942
4428
-1
-1
-1
-1
-1
-1
-1
4913
4174
-1
2098
-1
1700
2004
707
256
-1
3964
-1
-1
-1
-1
-1
-1
-1
222
1098
3557
1386
561
-1
-1
897
-1
457
1769
4371
-1
2793
-1
3926
-1
-1
265
1515
2338
-1
2189
-1
5032
-1
-1
-1
3766
-1
-1
-1
2405
-1
-1
-1
4605
-1
3303
2735
3595
-1
2400
-1
-1
-1
345
2316
400
4317
1366
2586
-1
-1
-1
2208
-1
-1
737
5002
2185
4866
670
-1
-1
-1
-1
-1
3918
847
-1
-1
-1
378
-1
-1
-1
-1
4092
3287
-1
-1
-1
-1
-1
-1
-1
-1
-1
1319
4442
4774
-1
-1
-1
-1
-1
-1
2947
-1
-1
-1
1077
1585
-1
4769
2876
-1
-1
110
4598
-1
-1
4773
-1
3891
-1
-1
-1
3231
-1
-1
-1
5070
-1
-1
-1
-1
-1
3103
-1
-1
-1
-1
284
-1
-1
-1
-1
-1
1350
-1
-1
-1
2514
-1
1651
2526
1377
-1
-1
4243
-1
-1
3544
-1
-1
-1
-1
-1
721
-1
1141
-1
-1
-1
-1
1564
3022
2722
-1
4566
1574
-1
-1
-1
-1
4255
-1
-1
3277
3502
-1
1388
3223
-1
807
-1
618
-1
-1
193
4476
-1
-1
-1
-1
4615
-1
-1
-1
-1
-1
-1
-1
-1
-1
1738
-1
-1
-1
-1
-1
-1
3850
830
5115
4111
4574
-1
-1
-1
4392
-1
-1
2988
-1
1832
1653
-1
-1
-1
-1
1074
4887
-1
-1
-1
4707
-1
-1
-1
4903
1202
-1
2235
-1
-1
1221
3492
-1
-1
-1
-1
-1
-1
2264
-1
-1
81
-1
2889
-1
-1
3895
-1
-1
-1
-1
1393
-1
-1
-1
-1
-1
-1
-1
-1
-1
1701
569
-1
745
-1
2558
-1
-1
-1
224
4697
-1
-1
682
-1
-1
-1
4440
-1
2189
-1
-1
-1
-1
-1
-1
-1
-1
2664
150
1843
-1
360
-1
-1
-1
2612
4918
-1
-1
5021
-1
-1
2861
-1
3807
3912
-1
-1
4643
1078
-1
-1
-1
-1
-1
-1
-1
-1
-1
-1
-1
-1
-1
2531
-1
-1
-1
-1
4492
-1
-1
493
-1
722
-1
-1
4966
-1
-1
-1
-1
-1
1935
-1
-1
3952
1055
-1
-1
-1
2093
2040
-1
-1
-1
3611
-1
4688
-1
-1
4
-1
-1
626
-1
-1
451
-1
-1
-1
2156
-1
-1
-1
1435
172
-1
386
-1
2154
-1
-1
500
-1
-1
96
-1
2441
-1
4834
-1
-1
-1
-1
-1
2284
-1
-1
3001
-1
-1
456
-1
2535
-1
-1
-1
-1
-1
-1
3392
-1
-1
-1
3840
-1
-1
4824
-1
1417
-1
-1
4125
4082
-1
-1
-1
4113
-1
4189
3500
3302
2268
-1
-1
-1
-1
-1
-1
221
-1
4870
-1
515
3094
-1
-1
-1
-1
-1
-1
-1
-1
-1
-1
-1
2457
-1
-1
1350
2890
-1
-1
2824
-1
-1
-1
-1
-1
-1
-1
-1
-1
-1
-1
-1
-1
2338
-1
3304
-1
-1
1080
-1
-1
-1
1364
-1
1170
-1
391
3547
4781
-1
2746
-1
-1
-1
-1
-1
3226
-1
4036
-1
-1
-1
-1
3415
3957
-1
-1
-1
1231
-1
1092
890
-1
-1
-1
-1
-1
4135
-1
-1
2887
-1
-1
-1
-1
-1
3390
5125
1925
2609
314
-1
2571
-1
-1
-1
253
4777
-1
-1
-1
-1
-1
-1
1860
-1
-1
2672
2151
3046
691
-1
-1
-1
4666
-1
-1
-1
-1
3560
-1
3851
1071
-1
1552
-1
-1
4027
-1
-1
-1
-1
-1
4782
-1
-1
4207
-1
-1
-1
2588
-1
1321
-1
4399
-1
-1
-1
3909
4892
4218
3545
-1
-1
-1
2344
-1
-1
-1
-1
-1
-1
-1
-1
3755
-1
-1
-1
-1
1863
2549
-1
-1
337
-1
-1
-1
4957
-1
1731
-1
3766
-1
-1
2911
-1
694
4533
-1
-1
-1
1373
-1
-1
251
4833
4995
-1
-1
-1
-1
-1
3840
-1
1766
-1
2685
-1
-1
-1
1325
-1
-1
-1
-1
3394
2772
-1
-1
-1
-1
-1
-1
-1
-1
-1
-1
-1
-1
-1
-1
-1
-1
-1
-1
-1
-1
-1
-1
4034
-1
-1
-1
-1
-1
246
-1
3198
-1
-1
1533
-1
-1
-1
-1
-1
1909
-1
-1
-1
4126
4532
-1
-1
-1
-1
-1
2877
4902
-1
-1
2222
-1
4706
2883
-1
2186
-1
-1
-1
737
-1
-1
427
-1
267
1124
688
-1
-1
-1
-1
4940
1779
-1
-1
1723
-1
-1
-1
2434
-1
-1
-1
2277
1278
4946
-1
-1
949
-1
-1
-1
3328
-1
534
-1
3664
-1
-1
-1
-1
-1
-1
4421
-1
3731
-1
-1
-1
1641
-1
-1
-1
-1
5126
-1
-1
-1
914
-1
1122
-1
-1
-1
-1
3647
-1
-1
2197
-1
-1
-1
-1
-1
-1
-1
1124
3466
3371
4729
2088
4272
-1
-1
-1
-1
1438
-1
4302
-1
-1
-1
-1
4888
1814
-1
-1
-1
-1
2878
-1
3531
4315
-1
-1
-1
-1
4725
2653
-1
-1
-1
4570
-1
-1
-1
4401
-1
4356
72
-1
-1
-1
3916
-1
-1
3607
-1
-1
-1
4228
-1
3842
-1
-1
-1
5124
-1
36
-1
-1
3900
3950
-1
575
4402
2900
-1
-1
-1
-1
-1
-1
-1
1655
692
-1
-1
-1
-1
-1
4217
2771
-1
-1
-1
-1
4077
-1
-1
-1
-1
-1
3134
-1
-1
4727
-1
-1
-1
1337
-1
-1
-1
3528
-1
-1
-1
1115
-1
-1
-1
-1
-1
-1
-1
-1
-1
4437
-1
-1
-1
-1
-1
3144
-1
-1
-1
355
-1
1129
-1
-1
-1
-1
-1
4537
-1
-1
-1
-1
1938
1999
2406
3052
-1
4655
128
3391
4261
4005
-1
-1
-1
-1
-1
2249
-1
3935
126
-1
-1
-1
-1
4946
-1
-1
4935
-1
-1
-1
-1
-1
4290
617
-1
4153
-1
-1
-1
-1
3853
3603
3758
-1
-1
4521
3783
-1
3419
3593
2726
-1
-1
1609
290
-1
-1
2153
3114
-1
-1
3029
-1
2784
-1
-1
-1
-1
3838
-1
2874
-1
-1
-1
-1
-1
3029
-1
3173
-1
3249
-1
-1
-1
3759
-1
-1
2795
3803
-1
4866
4751
-1
-1
2000
-1
3033
-1
1258
-1
-1
1724
-1
-1
193
4221
-1
1060
-1
-1
-1
-1
-1
-1
-1
-1
-1
-1
-1
3523
4181
-1
-1
-1
1246
3138
-1
-1
-1
1050
-1
-1
-1
-1
-1
-1
4020
-1
-1
-1
4182
-1
1330
-1
-1
-1
4338
-1
3034
-1
4728
-1
-1
-1
365
-1
992
3495
-1
1293
-1
-1
-1
-1
-1
2071
-1
560
2347
-1
3034
-1
646
4378
4914
1863
-1
-1
-1
-1
-1
-1
-1
-1
-1
-1
2360
-1
-1
-1
-1
-1
-1
828
4254
4285
3089
-1
3296
-1
4757
3798
-1
-1
-1
-1
2319
885
5141
-1
1593
1977
3307
-1
1143
-1
-1
-1
1979
3334
353
-1
586
-1
2516
3505
3508
-1
-1
-1
-1
-1
-1
4132
16
-1
-1
-1
4933
-1
-1
-1
2527
-1
1193
3556
-1
-1
5080
-1
-1
3491
-1
3197
-1
-1
-1
1970
-1
3778
-1
-1
1980
-1
4401
4938
4164
-1
-1
-1
-1
-1
-1
10
-1
-1
-1
-1
4732
3782
2928
-1
-1
-1
-1
-1
-1
-1
-1
-1
1930
4891
-1
177
-1
-1
-1
-1
-1
2432
4483
943
-1
4642
4644
-1
3627
-1
-1
-1
-1
3583
-1
383
-1
2942
-1
-1
-1
-1
1486
-1
5000
-1
-1
5037
-1
-1
-1
-1
-1
-1
-1
-1
699
-1
-1
1629
-1
-1
-1
2510
-1
2039
2605
-1
-1
-1
2207
3789
5139
441
4385
-1
-1
-1
-1
732
3049
3398
-1
-1
982
655
-1
-1
-1
-1
-1
-1
-1
466
-1
196
124
1811
3273
3077
-1
-1
-1
3987
-1
-1
2997
-1
-1
673
713
-1
-1
2057
-1
-1
3427
-1
-1
-1
-1
1091
-1
-1
-1
-1
4877
-1
4605
3086
9
-1
-1
1132
-1
-1
-1
-1
3147
-1
3195
1531
-1
-1
32
3434
2912
-1
4013
2645
-1
-1
2400
-1
155
609
-1
-1
-1
4091
-1
-1
-1
1910
-1
2972
-1
-1
-1
3320
3964
-1
-1
-1
4442
-1
3099
-1
3005
621
-1
-1
-1
415
2100
-1
-1
-1
2258
-1
-1
101
2333
-1
-1
-1
-1
4913
-1
1995
-1
31
-1
4458
-1
-1
-1
-1
-1
-1
-1
-1
4465
-1
-1
-1
987
-1
-1
-1
-1
5031
-1
-1
433
1453
-1
-1
-1
-1
-1
2270
4137
-1
-1
-1
-1
2932
-1
4589
-1
-1
-1
828
4796
3045
1924
-1
1257
1869
3980
1996
-1
-1
-1
1121
-1
-1
1402
-1
1262
2579
-1
-1
-1
-1
-1
5022
-1
-1
-1
-1
-1
3200
-1
-1
-1
-1
-1
-1
-1
-1
3553
-1
-1
-1
-1
-1
-1
-1
-1
2471
-1
-1
-1
334
-1
3101
-1
-1
-1
-1
-1
3118
-1
-1
-1
-1
2330
-1
-1
-1
-1
1322
3962
-1
422
1200
-1
-1
1953
-1
2657
-1
-1
1973
4374
695
-1
-1
-1
-1
-1
1948
2402
-1
4653
-1
-1
-1
-1
4753
4087
-1
926
-1
-1
-1
-1
-1
4102
-1
2999
-1
-1
2052
2144
-1
-1
-1
4620
-1
-1
5051
-1
-1
105
161
1840
2139
970
-1
-1
4801
-1
-1
-1
4486
-1
1473
-1
-1
-1
-1
-1
-1
-1
-1
-1
-1
-1
646
889
-1
1403
-1
-1
-1
913
1207
5069
-1
-1
-1
-1
-1
3331
-1
-1
-1
2151
-1
1012
-1
-1
1445
-1
-1
-1
27
-1
-1
-1
-1
-1
-1
-1
-1
-1
-1
-1
-1
2439
-1
3406
4046
-1
-1
-1
-1
909
57
3341
-1
-1
4132
-1
-1
-1
3248
-1
1481
-1
1432
-1
-1
-1
-1
-1
-1
-1
-1
-1
-1
2756
-1
1835
1953
1634
-1
3899
-1
-1
112
-1
-1
4458
-1
-1
-1
-1
-1
-1
-1
899
4069
-1
855
-1
918
-1
-1
418
-1
-1
-1
449
-1
1063
-1
2379
2230
-1
3615
-1
370
-1
-1
4229
-1
-1
586
34
2209
-1
-1
-1
-1
1315
3026
-1
-1
-1
-1
-1
-1
-1
-1
2926
4319
-1
-1
-1
-1
-1
-1
4502
-1
-1
-1
1546
1832
-1
1551
4763
3368
503
1059
258
-1
-1
-1
-1
-1
2674
-1
-1
-1
3898
-1
4789
-1
2444
-1
3684
-1
4033
4358
-1
3251
-1
-1
2166
1457
3124
-1
2925
298
-1
3457
1916
-1
1765
3977
-1
-1
3475
866
-1
-1
-1
-1
-1
4893
-1
-1
-1
-1
2980
-1
1479
2053
3846
95
2493
-1
5129
3529
4668
-1
-1
-1
-1
327
-1
-1
-1
3072
-1
-1
-1
-1
-1
-1
-1
40
1025
-1
-1
-1
-1
-1
-1
-1
-1
-1
-1
4786
4359
-1
2015
-1
5078
-1
-1
-1
-1
-1
2987
-1
-1
3151
-1
1351
-1
-1
-1
-1
4551
-1
-1
911
-1
-1
177
-1
5047
3274
2107
-1
221
-1
-1
2812
-1
4780
-1
2148
-1
-1
-1
-1
-1
-1
1379
-1
-1
-1
-1
-1
-1
1414
4013
-1
-1
-1
-1
-1
-1
-1
4750
-1
-1
-1
-1
2718
-1
-1
2599
5037
1723
-1
-1
5127
359
-1
-1
-1
1509
4063
3250
-1
-1
-1
470
-1
2237
3218
-1
-1
226
174
-1
-1
-1
-1
-1
-1
481
136
2756
3714
-1
3420
-1
1199
-1
-1
-1
-1
-1
-1
-1
-1
1286
-1
-1
346
-1
-1
-1
1868
-1
-1
42
-1
-1
-1
1799
1852
-1
3400
-1
-1
4430
2577
-1
2684
186
-1
-1
-1
-1
-1
-1
1733
-1
-1
-1
1511
-1
4877
-1
-1
-1
-1
-1
-1
-1
2746
-1
2617
1664
-1
-1
635
3878
3895
4285
-1
-1
2862
-1
5091
-1
3773
-1
-1
2069
-1
-1
-1
1279
-1
4154
4672
3697
-1
4488
-1
4008
-1
-1
-1
-1
2006
-1
-1
-1
-1
-1
-1
-1
-1
-1
1595
3891
4252
-1
-1
3193
-1
-1
3433
556
976
-1
3758
790
-1
-1
181
-1
-1
-1
-1
-1
-1
2251
-1
-1
-1
-1
-1
4920
-1
-1
-1
-1
-1
-1
2760
-1
-1
2349
-1
3007
-1
-1
-1
-1
-1
-1
-1
-1
-1
-1
-1
-1
-1
778
-1
-1
-1
-1
-1
1122
-1
-1
171
3740
-1
-1
-1
-1
-1
-1
-1
-1
-1
-1
-1
1749
-1
-1
-1
5113
-1
-1
-1
-1
-1
-1
-1
-1
2581
3722
1496
378
-1
-1
-1
-1
-1
-1
-1
2953
-1
3731
-1
-1
-1
-1
-1
774
-1
1900
-1
-1
-1
-1
2065
-1
-1
1806
-1
2976
974
-1
-1
-1
-1
-1
2980
2090
-1
3636
1915
-1
-1
-1
-1
-1
-1
-1
-1
-1
-1
-1
-1
2577
-1
-1
-1
-1
-1
-1
-1
-1
-1
1556
1046
-1
3657
1693
-1
-1
-1
3097
-1
2101
-1
-1
-1
4517
-1
-1
-1
-1
3560
-1
-1
1515
-1
3769
832
-1
-1
-1
-1
1964
-1
-1
614
-1
-1
-1
-1
-1
-1
3375
-1
-1
1503
4839
-1
-1
-1
-1
-1
-1
2930
1647
-1
2121
-1
3516
-1
4128
-1
-1
203
2353
4828
-1
-1
4834
-1
-1
4945
-1
-1
-1
3655
-1
-1
-1
-1
1317
-1
818
-1
3262
-1
5117
-1
-1
-1
-1
-1
-1
-1
3412
-1
-1
-1
9
3732
-1
357
-1
-1
-1
-1
-1
-1
-1
700
-1
-1
-1
-1
85
717
-1
-1
1103
1386
-1
-1
155
-1
657
3611
105
3883
-1
-1
-1
-1
2911
3435
-1
-1
106
-1
-1
-1
-1
1040
-1
-1
-1
162
-1
-1
-1
1997
-1
1606
-1
-1
3755
-1
159
244
308
-1
4692
-1
-1
-1
866
-1
-1
-1
-1
-1
-1
4331
-1
4448
-1
-1
-1
1297
-1
-1
1044
-1
-1
-1
711
-1
-1
-1
-1
4240
-1
-1
-1
3159
-1
-1
-1
-1
-1
-1
-1
1258
-1
-1
-1
-1
2650
-1
-1
-1
-1
-1
3245
-1
4396
-1
4717
1889
2567
3504
-1
1129
-1
1584
2310
3978
-1
-1
-1
-1
-1
3474
-1
-1
-1
-1
-1
-1
-1
-1
111
-1
2101
-1
-1
-1
-1
-1
-1
2197
-1
-1
-1
1694
-1
-1
4345
2902
3043
-1
-1
-1
-1
-1
-1
-1
-1
-1
-1
-1
750
-1
2888
-1
1141
3774
-1
-1
4649
-1
-1
-1
-1
-1
-1
-1
-1
4839
-1
-1
-1
-1
-1
-1
-1
-1
-1
967
192
2946
-1
1042
-1
-1
1813
-1
840
-1
-1
-1
1596
-1
-1
-1
-1
-1
798
-1
-1
1350
-1
2954
-1
-1
-1
-1
-1
-1
-1
-1
4537
4286
-1
-1
-1
476
3616
-1
-1
-1
-1
-1
-1
4814
-1
-1
3142
791
-1
-1
-1
-1
-1
-1
-1
2145
-1
-1
743
3701
-1
-1
-1
-1
2849
312
3862
1441
-1
-1
3036
4430
-1
-1
-1
-1
-1
2588
4905
9
63
196
-1
-1
1759
2408
-1
-1
2495
-1
2883
-1
-1
-1
-1
-1
4948
-1
3926
-1
-1
4891
-1
-1
-1
3426
106
-1
1021
-1
-1
-1
-1
-1
-1
-1
2971
3443
855
-1
-1
-1
-1
-1
631
-1
-1
-1
-1
-1
4636
-1
1254
-1
-1
-1
-1
2650
-1
-1
-1
-1
-1
2838
-1
-1
2272
-1
-1
2293
4035
-1
-1
-1
-1
-1
-1
-1
-1
-1
3174
-1
1083
-1
618
-1
-1
3788
-1
-1
-1
4350
4979
-1
-1
3338
-1
-1
4360
-1
-1
4712
-1
-1
-1
-1
-1
-1
-1
-1
-1
2366
-1
2839
-1
-1
-1
-1
-1
-1
-1
300
-1
-1
-1
-1
-1
-1
-1
-1
4538
-1
-1
2258
-1
1488
2992
-1
-1
1192
-1
-1
2078
-1
-1
-1
3163
-1
3441
-1
3841
-1
-1
-1
-1
-1
-1
862
2592
-1
4617
-1
-1
2907
-1
-1
-1
-1
-1
-1
-1
500
2136
-1
-1
-1
-1
-1
-1
-1
-1
473
-1
-1
-1
-1
-1
-1
4751
2753
-1
-1
1888
1105
-1
-1
-1
-1
-1
-1
-1
4767
-1
1404
-1
-1
4457
-1
3072
-1
-1
-1
4327
-1
-1
2177
-1
-1
-1
-1
-1
-1
-1
-1
-1
-1
-1
-1
128
-1
3414
-1
-1
3946
-1
1851
-1
-1
-1
-1
-1
-1
-1
-1
-1
372
1283
-1
-1
2371
688
2945
-1
-1
-1
-1
-1
-1
4372
-1
1109
4248
-1
4538
-1
1299
-1
-1
-1
1825
2494
-1
-1
-1
2600
-1
-1
-1
-1
4163
-1
3709
1048
-1
-1
-1
848
3754
-1
-1
-1
4336
1598
-1
-1
-1
2284
-1
1216
-1
-1
-1
-1
297
894
4101
2511
-1
469
-1
-1
-1
-1
-1
-1
2284
-1
-1
-1
-1
-1
3668
1044
-1
3149
-1
4518
-1
456
-1
-1
-1
-1
530
-1
-1
-1
-1
-1
-1
907
-1
-1
-1
-1
3686
-1
-1
-1
1200
1400
-1
-1
2282
2529
-1
2654
41
-1
-1
-1
3374
4080
-1
-1
3474
-1
2200
-1
-1
-1
-1
-1
3152
3751
-1
-1
4952
3703
-1
27
2231
-1
-1
-1
-1
-1
-1
-1
-1
2576
3436
-1
-1
4447
-1
2985
-1
-1
-1
-1
3597
1623
5078
-1
2801
-1
1501
1774
-1
3073
3076
-1
-1
4288
-1
-1
-1
-1
-1
-1
-1
662
-1
-1
577
-1
-1
-1
4300
3343
-1
-1
1136
-1
682
-1
4265
-1
-1
2534
3573
2240
-1
-1
-1
1999
-1
1803
1008
-1
-1
-1
-1
3883
-1
-1
-1
550
-1
-1
2224
-1
-1
-1
-1
-1
-1
-1
130
-1
-1
-1
3304
-1
1081
-1
-1
-1
-1
2000
-1
-1
3656
2086
-1
-1
3201
933
-1
-1
-1
-1
-1
2011
-1
1876
-1
4807
-1
-1
-1
-1
458
4193
-1
4785
-1
4191
557
1693
38
-1
-1
-1
-1
-1
4604
-1
3402
3804
-1
-1
4807
-1
-1
1907
4438
-1
-1
-1
1337
-1
-1
4136
297
-1
-1
-1
-1
-1
-1
1433
4372
414
-1
4240
-1
-1
-1
-1
1057
2272
-1
-1
3494
-1
-1
-1
-1
-1
-1
2984
683
-1
1635
-1
-1
2476
3385
908
4878
-1
-1
-1
-1
-1
-1
-1
774
-1
-1
-1
-1
-1
-1
-1
-1
-1
-1
-1
-1
-1
222
-1
3916
-1
4748
1477
-1
-1
2093
4547
-1
-1
-1
-1
-1
3848
1661
-1
-1
4647
2094
-1
-1
-1
2360
-1
4213
-1
-1
-1
-1
2339
618
-1
2473
1974
191
-1
3273
4934
-1
4538
-1
-1
-1
-1
-1
-1
2328
-1
4523
2161
-1
3601
3735
-1
-1
-1
-1
-1
-1
-1
-1
992
3211
4694
3333
2359
-1
-1
2365
-1
-1
-1
-1
3406
84
-1
-1
-1
3218
-1
-1
3143
-1
-1
1471
-1
-1
-1
-1
-1
2786
-1
-1
-1
-1
-1
-1
-1
-1
5116
3585
-1
-1
-1
1826
4041
-1
-1
4712
-1
-1
-1
582
-1
-1
3487
-1
2277
4063
-1
-1
-1
3011
3315
-1
-1
-1
-1
-1
-1
-1
1916
-1
-1
-1
-1
3094
-1
647
1476
-1
-1
3442
2983
-1
4985
3857
-1
-1
-1
-1
-1
-1
-1
-1
-1
-1
681
3411
3225
-1
-1
1083
2863
-1
-1
-1
3879
3808
-1
3574
-1
3282
-1
-1
-1
16
-1
3603
-1
-1
-1
-1
2652
-1
-1
1374
-1
-1
-1
-1
3286
-1
-1
-1
-1
-1
-1
-1
3113
-1
-1
-1
-1
-1
1227
-1
4499
2896
-1
-1
4462
-1
4645
-1
-1
-1
-1
-1
1137
-1
5111
1562
-1
4903
3563
-1
2351
-1
-1
-1
-1
-1
-1
-1
-1
-1
-1
-1
82
-1
4015
-1
3083
-1
-1
3829
-1
4131
-1
530
-1
-1
-1
-1
-1
1494
-1
-1
-1
-1
-1
-1
-1
236
3634
69
2434
-1
-1
1096
-1
4313
71
-1
2433
4903
4
-1
-1
-1
-1
-1
954
-1
4229
3125
4962
-1
5082
3004
2065
-1
-1
-1
-1
-1
-1
9
5062
5124
-1
4997
-1
-1
-1
-1
877
-1
-1
-1
-1
413
-1
1169
-1
2601
1272
-1
21
-1
-1
-1
-1
697
1305
2125
3552
2371
1128
-1
-1
-1
-1
-1
274
-1
-1
2634
-1
-1
-1
2079
-1
-1
-1
-1
-1
-1
-1
768
3511
-1
-1
-1
-1
2973
819
-1
-1
-1
-1
1480
-1
3618
-1
1768
-1
-1
-1
-1
4758
4578
1371
-1
-1
-1
-1
-1
280
-1
-1
3719
-1
3588
-1
-1
-1
-1
1483
-1
509
-1
4877
647
4725
-1
-1
723
-1
-1
338
2249
-1
1849
-1
-1
1842
-1
2244
-1
-1
-1
-1
2651
-1
-1
-1
-1
-1
-1
330
4941
1225
4183
2679
-1
-1
-1
-1
-1
419
2993
-1
1664
-1
-1
-1
1786
-1
2668
862
-1
1896
-1
-1
1022
4119
-1
-1
-1
-1
-1
4446
-1
2031
-1
736
-1
4912
-1
-1
-1
1824
4745
-1
4141
2781
4027
-1
-1
-1
2623
-1
1745
882
1876
4857
1420
-1
1195
-1
537
-1
-1
1382
-1
2789
-1
-1
4122
-1
-1
-1
-1
-1
-1
447
-1
-1
-1
-1
-1
3452
-1
-1
-1
-1
2815
-1
5071
-1
2116
-1
-1
1629
4167
-1
2138
-1
-1
3277
1363
-1
-1
3066
-1
54
-1
-1
-1
2299
-1
-1
5132
-1
-1
-1
4722
-1
4323
-1
-1
1531
-1
-1
-1
-1
2145
-1
-1
-1
147
-1
-1
-1
-1
-1
-1
-1
2709
-1
-1
-1
-1
-1
-1
-1
-1
-1
-1
-1
-1
-1
-1
-1
-1
-1
4011
2744
-1
-1
-1
-1
-1
-1
134
-1
-1
-1
-1
-1
-1
-1
4173
-1
-1
-1
669
-1
4894
4414
-1
3861
-1
-1
4940
-1
-1
-1
-1
2676
-1
3286
-1
-1
-1
-1
-1
272
-1
-1
-1
1864
-1
-1
3674
-1
2526
-1
-1
4034
-1
-1
3481
-1
10
-1
-1
-1
4639
-1
-1
5097
-1
-1
2404
3692
4153
1733
1907
-1
-1
-1
-1
-1
-1
-1
-1
-1
-1
-1
-1
-1
1255
-1
3672
-1
-1
-1
-1
-1
-1
-1
2460
-1
4000
4075
-1
33
-1
-1
4360
-1
-1
-1
-1
-1
-1
-1
-1
4627
-1
-1
1223
-1
-1
-1
-1
-1
-1
-1
3602
581
4275
-1
2768
-1
-1
120
-1
-1
1347
-1
526
-1
-1
-1
-1
-1
2107
877
-1
-1
-1
1990
516
2743
896
3500
-1
-1
-1
1370
-1
-1
1406
-1
2438
-1
1138
2099
-1
-1
143
-1
-1
3643
-1
-1
-1
-1
-1
4476
-1
-1
599
-1
-1
-1
-1
-1
4286
-1
-1
-1
4847
4903
1998
-1
138
-1
-1
3094
4104
1259
-1
-1
748
-1
-1
1354
2318
-1
3829
-1
-1
4733
4412
-1
355
-1
-1
-1
-1
2732
-1
-1
5099
4517
2647
-1
4255
-1
-1
3086
-1
946
4132
-1
-1
-1
2835
-1
3263
-1
-1
-1
-1
3820
-1
-1
-1
800
-1
2681
1813
-1
2979
2507
-1
-1
-1
3879
3452
-1
-1
-1
942
2457
-1
-1
756
-1
-1
-1
-1
-1
1904
-1
4905
-1
-1
-1
-1
-1
-1
2782
-1
-1
-1
2575
3017
4963
-1
-1
4051
4519
-1
-1
2930
-1
4389
-1
1782
1165
-1
1656
-1
5015
469
3580
853
-1
-1
-1
-1
-1
3368
-1
-1
513
1080
-1
1754
-1
3205
2229
-1
-1
950
-1
1481
-1
-1
-1
2829
-1
183
-1
1056
-1
229
-1
-1
-1
4614
-1
-1
-1
-1
-1
-1
3027
-1
-1
-1
-1
-1
-1
-1
4389
530
614
2090
-1
-1
-1
-1
-1
2856
-1
-1
861
571
4065
-1
-1
-1
-1
4863
-1
-1
-1
-1
-1
2666
-1
-1
1167
-1
-1
-1
2374
-1
-1
1242
-1
-1
-1
-1
2019
-1
-1
4446
4734
-1
-1
2026
5103
-1
5134
-1
-1
-1
650
4540
-1
-1
-1
-1
-1
4326
3285
-1
-1
-1
-1
4432
-1
-1
698
-1
-1
986
2022
-1
-1
4078
-1
-1
210
3484
-1
-1
-1
-1
2599
470
-1
-1
-1
383
-1
-1
1807
1202
-1
-1
-1
4278
-1
-1
-1
-1
-1
-1
1514
-1
3523
-1
-1
-1
-1
-1
-1
1933
2543
-1
2675
-1
-1
4490
1405
2097
-1
-1
3485
-1
-1
-1
-1
-1
-1
-1
2377
1653
-1
-1
-1
1773
-1
-1
4326
4466
-1
-1
-1
206
-1
-1
-1
-1
-1
49
-1
2802
-1
-1
459
4897
-1
1932
-1
-1
4183
1675
-1
-1
-1
-1
-1
-1
-1
3966
-1
-1
-1
-1
247
452
-1
-1
-1
4934
3896
-1
3690
4642
-1
-1
-1
4038
-1
-1
-1
-1
3897
-1
-1
-1
-1
-1
-1
3825
