-1
3974
-1
-1
4577
702
-1
-1
-1
-1
-1
-1
-1
3909
3850
-1
-1
-1
-1
-1
-1
3653
622
-1
-1
-1
-1
3365
5780
330
-1
-1
-1
-1
-1
-1
5741
-1
3121
754
4967
2768
-1
-1
1514
-1
-1
-1
-1
-1
-1
5905
5951
-1
-1
-1
-1
-1
1294
-1
2254
-1
-1
-1
2620
-1
-1
-1
-1
-1
-1
-1
-1
-1
-1
2469
-1
-1
-1
-1
-1
1476
-1
1045
-1
3683
1244
-1
-1
-1
4798
-1
1048
3756
1703
-1
-1
2886
-1
-1
-1
-1
-1
-1
47
-1
-1
-1
-1
5862
-1
-1
-1
-1
-1
-1
3318
-1
-1
-1
-1
4578
-1
-1
5046
-1
-1
-1
-1
-1
2280
1126
3818
-1
-1
-1
-1
-1
4171
-1
3676
606
2394
-1
-1
-1
3042
3943
-1
-1
915
-1
-1
-1
1508
-1
-1
2993
-1
-1
-1
-1
-1
-1
-1
-1
-1
-1
-1
-1
-1
5948
-1
816
-1
-1
4089
1375
5102
-1
2506
1079
1692
-1
-1
-1
-1
2112
-1
-1
-1
1993
5714
-1
-1
-1
-1
-1
-1
-1
-1
-1
-1
-1
-1
5189
6029
-1
-1
2274
6095
-1
-1
-1
-1
-1
-1
-1
-1
-1
-1
-1
-1
-1
-1
-1
-1
4131
-1
-1
71
-1
-1
6177
3937
-1
-1
-1
-1
-1
-1
-1
-1
-1
-1
-1
1016
-1
-1
-1
-1
-1
-1
-1
6173
3947
-1
1161
260
-1
-1
-1
-1
-1
-1
-1
3915
-1
-1
-1
-1
236
1378
-1
-1
-1
-1
-1
2551
-1
4910
-1
-1
2502
5745
-1
-1
-1
3139
1624
-1
-1
-1
-1
1928
1468
-1
-1
2723
-1
-1
4470
5031
-1
-1
321
-1
-1
-1
-1
-1
-1
-1
5614
-1
-1
-1
2493
-1
-1
4374
5016
-1
-1
-1
-1
1668
-1
-1
-1
-1
414
-1
3849
5852
-1
3392
2951
2450
-1
4898
2235
-1
3522
4911
468
-1
4181
-1
-1
-1
177
-1
-1
-1
-1
-1
-1
3872
1708
-1
-1
-1
-1
3233
1157
5227
5705
4491
-1
1463
-1
-1
-1
2713
4743
-1
-1
-1
-1
-1
-1
6073
5859
-1
-1
-1
-1
1163
-1
4949
-1
-1
-1
-1
5421
-1
-1
965
-1
-1
239
-1
2273
-1
1580
5052
2856
-1
-1
-1
-1
-1
-1
4677
1076
-1
-1
-1
-1
3139
3130
-1
-1
774
-1
1554
-1
-1
-1
-1
1120
-1
-1
426
-1
-1
4182
-1
6130
-1
526
-1
-1
-1
-1
-1
-1
-1
973
-1
-1
2597
3115
-1
812
-1
-1
1146
-1
-1
3746
5451
-1
-1
1586
-1
-1
2951
-1
-1
-1
-1
-1
-1
3103
-1
-1
4478
-1
-1
4986
-1
6172
-1
-1
-1
-1
-1
-1
-1
-1
2162
-1
-1
-1
934
5368
770
5961
-1
-1
-1
6135
4845
-1
-1
5036
2391
4527
4259
-1
-1
-1
718
-1
-1
-1
1817
-1
-1
-1
2888
-1
5228
-1
-1
-1
-1
2540
-1
-1
-1
-1
-1
-1
-1
4804
-1
3444
-1
-1
-1
-1
-1
-1
-1
607
-1
-1
1633
-1
-1
-1
-1
-1
-1
-1
-1
-1
-1
-1
-1
-1
-1
-1
852
-1
-1
-1
-1
-1
-1
5089
-1
1796
1092
-1
-1
-1
5846
-1
-1
-1
-1
355
-1
1526
-1
-1
-1
-1
-1
-1
-1
3997
-1
-1
-1
4017
-1
-1
80
-1
-1
-1
-1
-1
-1
-1
2454
3935
3688
188
5589
-1
-1
-1
5490
-1
-1
-1
1496
-1
-1
-1
-1
5880
-1
-1
-1
-1
-1
5813
-1
5068
-1
-1
452
6041
589
1621
-1
-1
-1
-1
1572
-1
-1
-1
-1
-1
2045
-1
-1
-1
-1
-1
-1
-1
-1
-1
-1
5754
-1
-1
-1
-1
-1
-1
-1
-1
2197
2736
-1
1523
6186
-1
-1
289
-1
-1
-1
2676
3201
5908
4557
-1
-1
-1
-1
242
-1
-1
-1
-1
-1
6124
-1
358
4640
2931
-1
-1
-1
-1
-1
-1
-1
5132
404
-1
-1
-1
-1
-1
4921
4347
-1
6251
3265
-1
188
1227
-1
-1
-1
-1
-1
4561
-1
-1
-1
1128
-1
-1
1067
-1
-1
-1
-1
-1
-1
2291
-1
3536
3429
-1
-1
-1
-1
-1
-1
-1
-1
-1
-1
-1
4100
-1
3046
-1
6083
-1
-1
-1
-1
-1
3580
-1
5779
4802
-1
-1
-1
-1
-1
-1
-1
-1
-1
-1
-1
-1
-1
-1
-1
4785
-1
2766
-1
3030
-1
-1
-1
2875
-1
4499
5322
442
-1
-1
3619
-1
613
4013
-1
1956
-1
-1
-1
-1
5824
-1
-1
-1
803
-1
-1
2092
344
4179
5346
-1
-1
-1
2509
-1
-1
1488
-1
-1
-1
-1
-1
-1
3640
-1
-1
-1
-1
-1
1251
2201
-1
-1
2005
1094
1216
4476
-1
2929
2022
-1
-1
4015
-1
-1
-1
-1
4787
-1
-1
4221
2774
1488
-1
-1
-1
-1
-1
-1
-1
-1
-1
-1
-1
3369
4640
-1
-1
-1
4888
-1
-1
-1
2040
-1
3044
4175
-1
3776
1532
-1
-1
245
277
5653
-1
665
6165
5606
4154
-1
-1
98
416
1148
597
43
-1
5286
3848
232
567
-1
3115
-1
-1
-1
3907
-1
-1
-1
-1
-1
-1
-1
-1
5187
1756
-1
1473
-1
-1
-1
49
4129
-1
-1
-1
-1
-1
3310
3605
-1
-1
5693
4356
-1
2456
4243
-1
-1
2671
-1
-1
-1
1318
-1
411
1359
-1
-1
-1
-1
5398
-1
-1
-1
5052
2248
-1
-1
-1
-1
-1
-1
2608
-1
-1
5363
-1
5766
-1
-1
5485
-1
-1
-1
-1
3617
-1
-1
-1
3242
-1
2858
-1
-1
856
-1
3695
-1
-1
410
-1
-1
-1
-1
500
-1
-1
5344
-1
-1
1350
6166
-1
-1
-1
-1
-1
-1
-1
-1
-1
-1
418
-1
-1
-1
-1
-1
-1
-1
-1
-1
-1
-1
-1
2790
3272
-1
-1
1578
673
2799
-1
-1
-1
-1
4729
-1
-1
-1
-1
-1
-1
-1
-1
-1
-1
5543
5508
-1
300
-1
-1
-1
-1
4812
606
-1
-1
2526
-1
-1
-1
-1
-1
3864
-1
-1
-1
-1
5679
-1
-1
-1
276
-1
-1
-1
-1
-1
-1
-1
-1
929
5750
-1
1955
-1
-1
-1
-1
-1
-1
-1
-1
4700
-1
-1
4870
-1
-1
-1
2766
-1
-1
2323
-1
4151
-1
-1
-1
-1
-1
-1
-1
777
-1
-1
-1
-1
-1
-1
5949
-1
-1
2203
-1
-1
-1
-1
-1
-1
5868
-1
-1
2416
4435
1798
-1
-1
-1
3579
-1
-1
-1
-1
-1
-1
-1
229
-1
-1
-1
-1
1755
2278
-1
-1
-1
-1
-1
454
5887
3994
-1
-1
-1
-1
-1
4764
5363
2446
-1
-1
4803
-1
-1
4115
458
-1
-1
-1
-1
446
2430
-1
-1
-1
-1
901
-1
2768
-1
-1
4234
-1
-1
-1
2722
-1
-1
-1
3663
5757
-1
-1
-1
-1
-1
-1
-1
232
-1
1109
4204
-1
-1
-1
1155
-1
-1
-1
5619
-1
-1
-1
1376
-1
-1
4994
370
5407
-1
4945
2794
1941
-1
-1
-1
-1
-1
1367
2454
-1
-1
-1
-1
1832
4221
6019
-1
-1
-1
-1
-1
3210
4237
-1
5287
-1
3422
-1
3617
2151
-1
-1
-1
-1
-1
-1
-1
-1
-1
-1
-1
-1
-1
-1
-1
3941
-1
-1
-1
4118
1458
-1
-1
-1
-1
-1
491
-1
919
4357
5234
-1
-1
-1
1595
4317
-1
-1
-1
-1
-1
-1
302
-1
1822
3587
-1
-1
4912
-1
-1
6110
3897
-1
-1
-1
-1
-1
-1
4382
-1
-1
2081
-1
-1
-1
-1
-1
-1
-1
1542
598
-1
-1
-1
-1
-1
-1
-1
766
3031
-1
710
157
-1
-1
-1
-1
4631
1475
-1
-1
-1
1364
-1
3007
-1
3205
-1
-1
-1
-1
-1
-1
-1
-1
-1
-1
-1
-1
-1
-1
1468
2502
-1
481
-1
353
3975
5789
-1
586
-1
-1
-1
1755
-1
5987
2208
-1
-1
-1
-1
5864
-1
-1
-1
-1
-1
-1
-1
-1
-1
791
5831
-1
3015
-1
-1
3519
-1
-1
3651
4489
-1
-1
-1
-1
-1
6235
-1
-1
-1
-1
3471
2107
-1
-1
2290
-1
2176
-1
-1
-1
-1
-1
-1
6231
-1
-1
-1
-1
2281
-1
-1
-1
-1
-1
1455
1984
4586
-1
-1
3933
-1
1923
-1
639
-1
3030
-1
4217
-1
-1
-1
-1
-1
4648
-1
1910
5809
3559
1181
-1
-1
3805
3172
-1
-1
-1
1081
407
-1
4160
3
3952
3876
-1
-1
2768
-1
-1
-1
3293
-1
6230
-1
1012
-1
-1
3804
-1
-1
-1
4913
-1
5011
3895
-1
785
-1
-1
-1
-1
-1
-1
-1
3000
-1
5451
-1
5599
4242
-1
865
4651
612
1558
-1
-1
-1
-1
5187
945
-1
3673
-1
-1
-1
4172
858
-1
-1
-1
-1
5584
-1
-1
3423
-1
-1
5572
-1
-1
-1
-1
-1
-1
-1
4899
-1
-1
2033
-1
-1
-1
-1
-1
-1
-1
3089
-1
-1
-1
-1
-1
-1
-1
-1
1351
-1
-1
-1
3434
3849
4953
5989
-1
74
-1
4099
-1
2005
-1
5378
-1
-1
-1
-1
-1
109
-1
-1
228
1646
-1
4773
3471
-1
-1
-1
-1
4322
-1
-1
-1
1657
1249
-1
-1
-1
-1
287
1800
813
-1
-1
-1
573
3504
-1
-1
-1
5418
-1
-1
4016
4295
4324
-1
2755
-1
1096
3515
972
-1
2641
-1
-1
-1
-1
-1
-1
-1
2511
-1
-1
3817
451
-1
-1
1786
1471
-1
2697
-1
5959
-1
-1
-1
-1
-1
-1
1898
-1
4262
-1
-1
5875
-1
751
2115
-1
-1
-1
4325
-1
2366
-1
3644
253
-1
2067
5519
-1
-1
-1
3169
543
997
-1
-1
-1
-1
-1
-1
-1
5282
3052
-1
1412
-1
-1
-1
931
2072
-1
-1
5639
-1
-1
-1
-1
-1
5901
-1
-1
-1
2091
-1
3345
-1
5342
1233
5218
-1
-1
5095
-1
-1
-1
5573
-1
-1
-1
-1
-1
-1
744
5662
-1
-1
-1
-1
4875
-1
-1
-1
1431
-1
-1
-1
233
4295
4240
-1
-1
-1
-1
-1
-1
4657
-1
-1
-1
-1
-1
-1
704
-1
-1
-1
-1
101
4850
3520
4488
-1
2607
-1
-1
5793
2289
5904
3272
4978
544
-1
-1
-1
-1
-1
-1
-1
-1
2167
-1
-1
1551
-1
-1
-1
-1
5203
5429
-1
-1
1823
-1
3733
4689
-1
-1
-1
-1
4117
-1
5988
1768
-1
2892
3124
-1
-1
-1
4644
1306
-1
-1
-1
-1
2264
-1
-1
-1
-1
-1
-1
277
-1
-1
-1
3236
3330
-1
-1
3154
4260
-1
-1
1371
-1
-1
-1
4738
-1
721
-1
3786
-1
-1
-1
3348
-1
-1
2179
675
2518
-1
4653
-1
-1
-1
-1
4357
-1
2708
-1
-1
-1
-1
-1
-1
-1
-1
-1
-1
3443
-1
-1
-1
-1
6008
165
-1
1184
6139
-1
-1
-1
-1
-1
-1
2228
-1
-1
2858
150
-1
3754
3307
-1
1426
-1
2348
-1
2678
2809
-1
-1
-1
-1
-1
1150
-1
-1
-1
-1
-1
-1
-1
-1
-1
3352
-1
-1
-1
-1
5144
4179
-1
-1
-1
-1
-1
5310
2025
3659
5937
1329
-1
-1
-1
-1
-1
2684
-1
-1
-1
-1
-1
-1
-1
-1
527
1690
3781
-1
4689
3394
1348
-1
-1
4164
-1
-1
-1
-1
-1
-1
-1
-1
-1
-1
3342
-1
-1
-1
2061
-1
-1
-1
-1
-1
-1
6102
-1
-1
-1
5307
-1
-1
5768
1319
3152
4734
-1
-1
78
-1
-1
-1
3177
3191
-1
2950
-1
2843
-1
3887
4710
-1
1231
3654
-1
-1
944
-1
2120
-1
-1
-1
3436
-1
-1
-1
2126
-1
2619
-1
-1
-1
-1
4924
-1
5124
1111
-1
2392
3020
-1
-1
-1
-1
-1
-1
-1
-1
-1
-1
-1
-1
-1
-1
1708
-1
-1
-1
20
2485
-1
-1
-1
-1
4908
2850
-1
-1
-1
1823
5542
-1
-1
4522
981
-1
3283
-1
-1
-1
-1
-1
6
-1
-1
-1
-1
3373
-1
1584
2663
3019
1912
5019
-1
-1
-1
-1
1815
353
-1
-1
331
-1
2152
-1
-1
-1
3356
-1
1626
-1
-1
3968
-1
4891
-1
-1
2936
-1
-1
-1
-1
3838
5846
-1
-1
-1
-1
4882
-1
-1
-1
1799
-1
-1
-1
-1
3158
3953
-1
-1
-1
-1
-1
-1
-1
-1
6121
4329
-1
-1
-1
4580
1083
-1
4144
-1
-1
-1
-1
5813
-1
-1
2544
-1
5065
-1
-1
-1
-1
474
-1
-1
3086
-1
-1
1006
4805
4479
2467
-1
-1
6053
-1
-1
-1
-1
-1
-1
-1
-1
-1
-1
400
6026
4507
4122
-1
-1
5120
2116
4919
-1
6008
-1
4816
-1
-1
-1
-1
-1
-1
-1
-1
-1
4351
-1
5608
-1
-1
-1
2043
-1
3574
3400
-1
-1
4993
-1
4644
-1
-1
-1
-1
5776
-1
-1
-1
3307
-1
2526
-1
-1
-1
-1
-1
605
4374
-1
2840
-1
-1
-1
-1
-1
-1
-1
3586
-1
-1
-1
6090
2793
-1
-1
-1
-1
-1
3891
-1
-1
-1
3773
-1
-1
-1
-1
-1
-1
3630
-1
-1
-1
-1
-1
-1
979
2879
-1
2943
-1
-1
-1
-1
-1
-1
-1
-1
4440
-1
-1
-1
-1
4617
2352
-1
5046
1900
-1
-1
-1
-1
5577
-1
-1
3271
5466
-1
-1
651
-1
-1
110
62
-1
4975
5517
-1
-1
-1
-1
-1
-1
-1
6030
2749
-1
-1
-1
-1
-1
-1
-1
-1
-1
-1
-1
5221
-1
-1
-1
-1
1950
4301
416
-1
-1
-1
806
5413
-1
-1
-1
3288
-1
-1
-1
-1
-1
-1
1753
-1
-1
412
2327
-1
3639
6241
3401
-1
-1
-1
-1
-1
6089
-1
2369
-1
4570
-1
-1
-1
-1
1652
-1
-1
5760
2251
4429
-1
2243
-1
-1
3242
-1
-1
-1
-1
-1
-1
2327
4443
-1
-1
1087
-1
-1
2803
4284
-1
-1
-1
3693
-1
-1
1307
272
3656
-1
5193
-1
-1
5413
3754
-1
1235
-1
464
-1
-1
-1
1019
-1
-1
1521
-1
5345
-1
-1
-1
-1
-1
-1
-1
-1
-1
1575
-1
-1
-1
-1
-1
-1
5248
-1
5391
-1
-1
-1
-1
-1
-1
919
-1
-1
-1
3662
2012
-1
-1
-1
2032
-1
6261
-1
-1
2227
4011
804
-1
-1
-1
-1
-1
-1
-1
-1
-1
-1
-1
-1
3856
3580
-1
5061
5735
-1
-1
-1
-1
-1
3015
-1
-1
-1
2184
-1
-1
3310
5286
-1
3333
-1
-1
-1
-1
4859
-1
394
-1
-1
-1
-1
-1
-1
3828
-1
648
4650
-1
4405
5148
905
-1
-1
-1
629
-1
-1
2155
-1
-1
-1
-1
-1
-1
-1
-1
-1
-1
-1
-1
-1
-1
-1
-1
682
-1
5997
2975
3432
4582
-1
3640
-1
5730
3837
5246
6228
-1
-1
-1
-1
4085
-1
-1
-1
-1
-1
2056
-1
-1
-1
4329
-1
2599
-1
1353
4351
5636
-1
5824
-1
-1
-1
-1
-1
5709
-1
-1
5485
4848
4061
287
-1
-1
4296
-1
-1
-1
-1
-1
-1
3896
-1
-1
-1
-1
-1
-1
-1
-1
-1
-1
5725
-1
-1
5297
137
-1
1205
2388
-1
5260
-1
-1
-1
-1
-1
987
5933
-1
-1
-1
4272
-1
-1
-1
-1
-1
-1
-1
-1
-1
3345
-1
-1
-1
4519
-1
3115
4489
-1
-1
-1
2560
-1
-1
2414
-1
-1
-1
-1
-1
-1
305
-1
-1
-1
-1
4987
-1
2633
-1
5954
-1
-1
4744
-1
-1
-1
1049
2730
-1
-1
-1
-1
-1
5694
-1
-1
-1
-1
-1
-1
-1
-1
4455
2966
-1
-1
-1
730
-1
5144
-1
-1
2601
-1
-1
-1
1876
-1
-1
-1
-1
4007
-1
-1
-1
-1
-1
-1
-1
-1
-1
2198
-1
-1
-1
3980
-1
-1
-1
-1
3489
-1
-1
4276
-1
-1
-1
-1
-1
-1
-1
-1
-1
5820
-1
-1
-1
-1
5940
-1
-1
-1
1315
-1
1982
4039
1547
-1
-1
-1
1440
361
1384
-1
-1
-1
-1
-1
-1
5252
2200
-1
5008
-1
-1
2111
-1
5962
-1
3380
-1
341
-1
-1
-1
-1
-1
-1
3018
-1
-1
-1
-1
-1
-1
657
-1
912
-1
-1
-1
-1
-1
4905
1195
4167
-1
5275
2383
-1
4616
-1
-1
-1
-1
-1
-1
-1
-1
-1
3460
4747
4005
-1
1318
-1
-1
3588
3446
-1
4199
1001
1577
-1
-1
-1
-1
-1
-1
-1
1260
940
4081
2682
-1
-1
4851
-1
-1
-1
-1
-1
431
-1
-1
-1
-1
4959
-1
-1
1805
-1
-1
1627
-1
-1
-1
602
-1
-1
-1
536
-1
-1
-1
5729
1251
2605
3918
-1
-1
-1
5707
5391
-1
1844
-1
-1
-1
3633
-1
-1
-1
-1
-1
3639
2035
-1
-1
-1
466
-1
-1
-1
5077
384
-1
-1
1696
-1
5502
4039
-1
-1
-1
1921
-1
-1
-1
-1
6088
-1
-1
2552
-1
-1
5629
-1
3681
-1
-1
-1
-1
-1
3822
1640
4548
-1
1226
-1
-1
5465
-1
-1
-1
-1
-1
1332
4254
-1
4576
-1
-1
-1
3246
-1
-1
950
-1
-1
-1
6246
-1
-1
-1
-1
-1
-1
1562
-1
-1
-1
-1
4623
4378
-1
-1
3044
-1
-1
5721
1364
-1
-1
-1
5478
5742
-1
2154
-1
-1
1297
-1
-1
-1
5851
-1
-1
5819
-1
2718
-1
4344
-1
5358
3186
665
3533
3359
5083
-1
709
-1
-1
-1
2286
991
4609
-1
3859
-1
-1
-1
-1
-1
-1
5154
-1
-1
-1
-1
-1
-1
987
-1
-1
-1
5905
-1
-1
784
-1
4917
-1
-1
1398
-1
3895
-1
-1
-1
731
-1
-1
1571
2342
-1
-1
3405
2280
-1
3792
-1
-1
-1
-1
-1
-1
-1
3810
-1
5681
-1
-1
-1
-1
189
-1
1203
1042
2710
1046
-1
-1
-1
-1
6170
-1
-1
327
4774
-1
-1
-1
-1
-1
-1
1632
-1
-1
-1
-1
-1
3975
2883
2458
-1
3605
-1
-1
-1
-1
-1
3816
-1
-1
-1
5968
-1
2410
-1
-1
-1
3441
3457
-1
-1
-1
-1
-1
-1
5519
2002
4093
-1
-1
-1
1617
-1
-1
-1
-1
-1
-1
-1
4081
1759
6095
956
2408
-1
-1
-1
-1
5720
5434
-1
5300
-1
-1
1974
2449
-1
-1
-1
-1
-1
4836
-1
-1
1384
680
-1
-1
-1
-1
-1
3203
-1
-1
-1
2426
-1
3759
-1
-1
-1
-1
3716
-1
-1
310
1201
-1
-1
-1
-1
-1
-1
-1
3815
-1
-1
2343
4203
4133
1676
682
4140
-1
-1
5317
-1
-1
-1
-1
4330
-1
-1
-1
-1
-1
2823
-1
-1
5140
-1
-1
-1
-1
-1
-1
-1
5110
-1
-1
-1
-1
-1
-1
-1
-1
-1
3301
4310
-1
610
2101
1245
-1
-1
-1
-1
-1
2601
4332
-1
-1
5356
-1
-1
-1
-1
-1
-1
3439
3674
-1
-1
-1
-1
-1
41
1213
-1
-1
-1
1664
3623
331
146
-1
-1
1857
2840
5740
-1
-1
-1
-1
3334
-1
-1
-1
-1
1156
-1
-1
-1
3263
4340
-1
1183
-1
-1
4103
-1
-1
-1
-1
-1
3459
3836
3149
5409
-1
-1
-1
1945
3687
-1
4663
-1
-1
3273
-1
-1
-1
-1
-1
-1
1431
-1
-1
-1
5917
-1
-1
-1
4268
-1
3856
-1
-1
-1
1325
1461
4907
3240
-1
2195
-1
-1
-1
4219
4687
919
312
3229
6129
5523
-1
-1
-1
2126
5381
306
6254
-1
702
-1
6055
-1
-1
3936
5183
1218
6015
1106
-1
-1
-1
1480
-1
3233
-1
-1
23
4281
4556
-1
-1
994
-1
-1
5065
-1
1473
1460
-1
931
2160
1365
-1
5197
-1
6222
-1
2315
-1
-1
1054
5450
-1
-1
-1
-1
5050
-1
-1
5223
3939
2890
3423
1081
-1
2677
-1
1849
-1
-1
1417
5695
-1
3761
-1
-1
-1
-1
557
-1
-1
2229
-1
-1
-1
-1
-1
-1
-1
5516
-1
3134
-1
2938
1077
-1
-1
3721
-1
1843
-1
-1
-1
-1
1743
4262
-1
1318
-1
-1
-1
-1
-1
-1
2618
-1
4095
-1
-1
-1
4325
-1
-1
3625
-1
-1
4515
-1
115
3707
-1
-1
-1
-1
-1
5272
-1
-1
4874
-1
-1
-1
-1
-1
3125
-1
-1
-1
1267
-1
3824
3870
5110
5249
-1
-1
-1
-1
3736
381
404
-1
-1
-1
4884
-1
-1
3843
-1
-1
-1
-1
-1
-1
-1
-1
-1
-1
-1
-1
280
-1
2395
-1
-1
-1
-1
-1
-1
4618
-1
-1
3763
-1
1448
3509
4000
627
-1
-1
888
-1
4896
4291
-1
-1
3097
-1
-1
-1
-1
-1
-1
-1
3207
3945
1071
3265
-1
-1
857
-1
5957
4639
4577
-1
-1
-1
5837
5318
3651
5570
-1
-1
-1
6009
-1
-1
3676
2870
-1
-1
911
-1
-1
-1
-1
-1
-1
-1
-1
-1
-1
2077
1899
-1
756
5408
6148
-1
-1
-1
3735
-1
4871
-1
-1
-1
1935
-1
-1
-1
-1
-1
-1
5827
-1
-1
-1
6151
-1
-1
-1
-1
-1
4446
-1
72
-1
4939
4782
-1
-1
-1
-1
-1
6079
5122
-1
-1
-1
2649
-1
-1
4762
-1
3239
3411
1086
4756
5135
5577
-1
4025
-1
5482
283
-1
1425
5368
-1
3267
2315
-1
4314
-1
5165
-1
5062
-1
-1
-1
-1
2405
1594
3707
2921
5751
-1
-1
1231
2481
-1
-1
-1
-1
-1
-1
4440
6196
-1
-1
2082
3409
-1
-1
1095
-1
901
-1
3617
-1
4340
1587
-1
-1
5045
-1
2768
3704
-1
-1
4106
-1
-1
-1
1955
-1
1926
4157
-1
-1
1785
3319
-1
2174
-1
-1
-1
-1
-1
-1
-1
995
-1
-1
-1
-1
-1
-1
6083
-1
-1
-1
-1
-1
-1
-1
2014
-1
5445
-1
4025
937
-1
3395
5882
3171
-1
-1
5110
1900
-1
-1
5022
-1
853
5795
-1
1105
-1
-1
-1
-1
-1
2868
1809
5965
515
-1
-1
-1
-1
4859
3354
5143
-1
-1
-1
3416
-1
-1
-1
1258
-1
-1
-1
-1
-1
-1
-1
-1
-1
-1
-1
4201
-1
-1
46
683
-1
-1
6001
2232
-1
3052
-1
-1
2341
1029
-1
-1
-1
3108
3812
-1
988
5779
-1
-1
4839
-1
-1
-1
2355
-1
-1
-1
-1
-1
5105
-1
-1
5876
5923
-1
-1
-1
4073
-1
3322
-1
6002
1742
-1
-1
-1
259
-1
-1
-1
-1
2658
3962
-1
-1
-1
-1
4039
-1
-1
-1
-1
-1
-1
-1
-1
5154
-1
-1
-1
-1
-1
-1
-1
-1
-1
-1
3010
-1
3844
4660
5558
189
-1
-1
-1
2911
72
-1
1894
-1
1163
-1
2639
-1
4853
423
-1
6232
4647
-1
4917
4434
-1
-1
-1
-1
5174
-1
-1
1193
-1
4586
-1
833
4698
4826
3140
-1
-1
-1
-1
-1
-1
-1
1079
4636
-1
-1
4486
918
-1
2766
-1
-1
5041
5963
-1
2728
-1
5070
-1
-1
-1
-1
-1
-1
-1
-1
576
2262
-1
5610
-1
-1
-1
-1
3783
-1
-1
-1
-1
-1
3080
-1
2018
641
-1
-1
3622
5206
-1
-1
-1
-1
-1
5883
-1
-1
-1
-1
-1
-1
-1
-1
-1
-1
-1
-1
-1
-1
-1
1345
410
-1
-1
4584
-1
-1
4647
-1
-1
5914
4749
3330
-1
-1
-1
-1
4149
-1
-1
60
690
-1
-1
2884
-1
-1
5770
1284
-1
1332
-1
4909
-1
2923
6162
-1
-1
1184
-1
-1
-1
4673
-1
-1
-1
1491
-1
-1
4715
4521
-1
2534
-1
2672
-1
2355
-1
4895
-1
4792
-1
-1
-1
-1
-1
1860
-1
1067
962
3358
-1
-1
-1
-1
1522
-1
-1
-1
86
-1
-1
-1
5564
-1
-1
5491
-1
-1
3616
626
-1
1847
-1
-1
-1
-1
4507
-1
-1
885
6236
-1
1584
-1
1854
-1
3527
-1
5429
-1
-1
2856
-1
2046
2431
5745
2013
3128
2432
96
-1
-1
-1
-1
-1
-1
-1
-1
-1
-1
-1
2698
-1
-1
-1
3731
-1
-1
3462
5266
-1
-1
2073
4296
5728
-1
-1
-1
406
-1
-1
-1
-1
433
4670
-1
2844
1114
919
-1
3292
2869
-1
1765
-1
-1
6027
5534
2190
-1
-1
4540
1246
4025
3027
-1
1578
-1
3576
-1
-1
4964
-1
4533
411
-1
-1
-1
-1
2281
-1
5255
4952
-1
4546
-1
-1
5238
-1
1961
-1
-1
-1
5089
1993
1107
-1
-1
-1
-1
-1
-1
-1
-1
3623
-1
4745
-1
2000
-1
-1
-1
4784
5969
3053
2065
-1
-1
3554
-1
-1
4502
2900
-1
-1
-1
-1
-1
1357
-1
-1
2841
-1
-1
-1
-1
-1
-1
-1
5463
-1
-1
251
-1
-1
2728
2915
3207
2636
-1
-1
5843
-1
3264
-1
-1
1319
-1
-1
-1
-1
-1
-1
-1
264
-1
-1
5074
-1
-1
-1
-1
4276
-1
3994
-1
-1
2567
5709
1052
3043
5861
-1
-1
-1
-1
-1
4278
4279
6046
-1
-1
-1
-1
4605
4744
-1
-1
-1
-1
-1
-1
803
-1
-1
-1
-1
3286
-1
5650
-1
-1
-1
243
3107
-1
-1
-1
621
-1
-1
-1
5767
-1
2
-1
36
-1
-1
-1
-1
5266
-1
-1
5384
-1
-1
3696
2606
4612
-1
3034
-1
-1
4368
-1
2577
2702
-1
-1
-1
655
-1
1315
719
-1
-1
-1
1048
-1
-1
5911
-1
-1
-1
4897
-1
-1
-1
-1
-1
-1
-1
3107
2208
-1
-1
2456
-1
-1
-1
-1
-1
-1
-1
5113
-1
1619
-1
-1
-1
-1
-1
-1
-1
-1
860
-1
-1
-1
2682
-1
1415
5773
-1
5174
-1
3292
263
-1
-1
-1
-1
-1
5733
-1
-1
1243
3964
1786
-1
2584
-1
-1
3243
900
-1
-1
3985
-1
-1
-1
-1
3855
-1
-1
-1
-1
-1
-1
-1
1533
-1
-1
2396
-1
-1
-1
2268
2156
-1
1026
-1
-1
-1
-1
-1
-1
3413
-1
4066
-1
-1
-1
4424
-1
5407
-1
-1
-1
-1
4749
-1
1757
-1
93
5605
-1
281
-1
-1
-1
-1
-1
3406
-1
-1
-1
-1
-1
-1
-1
1756
-1
-1
-1
-1
-1
3427
-1
-1
3335
-1
5274
-1
-1
-1
4689
1954
440
1388
2047
1727
-1
-1
-1
5491
-1
-1
-1
-1
-1
-1
6201
-1
-1
-1
-1
-1
-1
-1
185
-1
-1
-1
-1
3821
-1
6055
-1
4801
-1
-1
-1
-1
-1
-1
-1
-1
-1
-1
-1
-1
4929
-1
-1
-1
-1
876
544
2415
-1
-1
-1
-1
-1
4763
-1
-1
639
5723
4003
-1
-1
-1
-1
-1
-1
-1
-1
1386
-1
3217
-1
-1
3459
-1
-1
-1
848
3276
-1
4802
4092
2860
-1
-1
-1
3748
4984
265
-1
-1
-1
-1
-1
-1
-1
2730
5085
4653
-1
-1
-1
3765
4146
-1
5498
2223
-1
-1
-1
-1
3274
-1
-1
-1
-1
2235
-1
-1
3686
-1
-1
-1
44
4398
5808
-1
-1
6116
-1
2936
5913
-1
-1
-1
-1
2043
-1
-1
503
-1
-1
-1
-1
-1
-1
-1
-1
-1
-1
-1
-1
-1
-1
-1
-1
5935
-1
-1
3416
-1
-1
-1
1640
-1
-1
-1
-1
-1
-1
-1
-1
-1
-1
-1
-1
2524
-1
-1
1730
4512
4784
298
1978
4014
-1
4994
-1
-1
503
-1
-1
-1
1340
-1
-1
795
-1
3677
-1
3581
1726
-1
4456
2450
5382
-1
-1
-1
-1
2398
-1
-1
-1
-1
-1
-1
-1
-1
-1
-1
5252
-1
674
-1
3759
-1
-1
-1
-1
965
24
-1
-1
-1
-1
-1
-1
-1
4513
-1
-1
-1
5050
-1
3162
-1
-1
-1
-1
4401
-1
-1
-1
2487
-1
-1
4660
-1
-1
-1
-1
998
-1
-1
-1
-1
-1
-1
-1
1572
-1
4675
-1
-1
5185
5562
3040
1808
-1
-1
585
-1
4297
-1
2238
1436
713
-1
-1
-1
-1
1284
-1
4641
5311
-1
-1
33
-1
-1
-1
1417
-1
-1
6022
-1
-1
4685
5229
645
3172
4579
4134
-1
3196
4407
-1
1128
-1
-1
-1
-1
-1
-1
-1
-1
-1
5039
-1
2127
5309
-1
-1
-1
576
-1
-1
-1
-1
-1
3805
2842
6184
-1
2096
-1
-1
5735
-1
-1
1464
5128
3823
5228
-1
-1
-1
-1
33
3343
1180
-1
3335
-1
-1
-1
-1
-1
-1
-1
-1
-1
-1
-1
-1
5321
-1
3545
-1
5013
-1
4120
368
-1
-1
-1
-1
-1
3982
-1
1524
5440
-1
1618
-1
5063
-1
5340
-1
-1
-1
-1
-1
5521
-1
-1
-1
-1
2597
-1
-1
1275
-1
2334
5945
301
-1
-1
5188
5523
-1
3863
-1
3755
-1
-1
-1
3446
203
-1
-1
-1
-1
3861
-1
5483
-1
407
-1
175
5642
2486
-1
6015
-1
-1
-1
-1
4350
-1
4675
-1
1382
-1
4451
-1
-1
-1
-1
827
3313
2196
-1
-1
-1
2157
-1
-1
-1
1740
-1
-1
41
-1
-1
-1
3804
157
-1
4613
3104
5482
-1
-1
264
-1
-1
-1
-1
474
2443
5031
-1
-1
-1
-1
-1
-1
-1
-1
3347
3061
-1
-1
4967
3338
-1
-1
719
3874
-1
4396
-1
2950
-1
-1
-1
4578
-1
-1
-1
3744
-1
-1
5777
4106
-1
-1
-1
-1
3684
-1
-1
-1
6210
-1
-1
-1
274
-1
2701
-1
-1
-1
-1
5736
128
-1
906
1208
-1
-1
408
-1
2389
-1
-1
-1
3493
-1
-1
1893
3308
-1
-1
1115
-1
-1
3264
-1
80
3926
-1
5253
-1
-1
-1
4657
-1
-1
3637
4295
-1
-1
-1
-1
5619
3964
2593
-1
3620
-1
1064
-1
2133
5893
-1
-1
-1
3993
1131
-1
3626
5636
5796
3543
3086
-1
1678
-1
-1
4459
4774
-1
-1
-1
4718
2857
-1
3407
-1
-1
-1
-1
-1
2545
-1
-1
6156
3035
5531
-1
-1
-1
175
770
3130
4555
-1
-1
5375
1384
-1
6113
5420
-1
-1
2007
492
-1
-1
5788
-1
5738
-1
-1
-1
-1
-1
3601
-1
-1
-1
1885
-1
4455
5923
-1
-1
-1
2097
-1
-1
-1
-1
-1
-1
233
546
-1
-1
5760
2113
855
-1
-1
-1
4029
1448
-1
-1
-1
-1
-1
-1
3694
-1
3979
-1
-1
-1
372
-1
1667
741
-1
-1
-1
-1
1905
-1
4868
-1
512
-1
-1
-1
-1
-1
-1
-1
-1
4023
3372
-1
-1
-1
-1
-1
-1
-1
-1
-1
-1
1903
4034
1205
2141
-1
-1
-1
-1
-1
-1
-1
6069
1384
-1
-1
-1
-1
-1
5883
-1
-1
-1
-1
-1
-1
4802
-1
-1
-1
-1
-1
-1
-1
3852
2549
-1
-1
-1
2447
-1
6023
1739
-1
-1
-1
-1
-1
-1
4288
-1
4731
4410
5976
-1
-1
-1
-1
-1
-1
-1
-1
-1
5575
5594
3363
2171
-1
-1
-1
357
-1
-1
2123
-1
617
-1
-1
-1
-1
-1
5679
-1
-1
4966
1819
-1
-1
-1
-1
-1
1078
-1
3665
-1
-1
-1
-1
1025
3204
4316
-1
2345
-1
3863
-1
-1
-1
-1
-1
-1
1447
-1
-1
-1
-1
4023
4102
-1
-1
-1
-1
2932
-1
-1
-1
-1
-1
-1
-1
1676
-1
3583
1253
-1
-1
2714
-1
-1
-1
4446
-1
5708
-1
-1
5596
2667
-1
3213
-1
788
821
-1
3996
-1
3795
-1
4134
-1
-1
3908
5000
-1
-1
-1
-1
-1
-1
2696
-1
1457
5323
-1
-1
-1
-1
-1
1904
6130
-1
5396
-1
3299
260
-1
800
3111
5373
-1
693
-1
2377
-1
-1
-1
-1
5132
-1
165
3516
-1
-1
4061
2038
-1
3798
-1
3848
-1
5035
2240
1453
-1
2989
3764
-1
-1
-1
-1
5508
-1
3077
-1
-1
-1
-1
-1
-1
-1
3874
-1
4786
-1
-1
-1
-1
-1
-1
4465
-1
-1
-1
-1
4723
-1
3131
581
4683
-1
3975
-1
-1
-1
-1
-1
-1
-1
5751
-1
-1
-1
-1
699
4065
-1
2356
4893
-1
3557
-1
6073
-1
5791
-1
-1
-1
6116
-1
4921
416
-1
1814
-1
2341
574
-1
-1
3044
-1
-1
257
-1
1897
-1
5323
1438
-1
-1
-1
-1
-1
-1
1112
4607
5962
-1
-1
-1
2448
5030
5032
-1
-1
-1
-1
-1
-1
-1
5604
-1
3804
-1
-1
4168
-1
-1
-1
2946
-1
4322
5941
-1
-1
-1
-1
1679
-1
5183
-1
2534
-1
-1
3313
-1
-1
5853
4442
-1
-1
-1
-1
-1
-1
-1
-1
3252
-1
3978
-1
4368
-1
-1
-1
-1
-1
5623
-1
950
-1
-1
1034
1300
5766
2546
-1
4603
5573
-1
-1
615
-1
-1
2090
-1
1312
-1
-1
-1
-1
4114
3011
-1
-1
-1
1977
5630
-1
-1
3573
-1
-1
-1
-1
-1
-1
-1
3796
4101
4560
-1
6063
-1
4110
-1
-1
4172
-1
-1
-1
-1
-1
-1
-1
-1
-1
-1
4517
-1
-1
-1
-1
3184
-1
-1
-1
-1
-1
-1
3468
4026
-1
-1
4019
1423
-1
-1
5100
-1
5275
-1
-1
-1
5008
-1
-1
5049
-1
-1
5527
4847
1719
2699
-1
-1
-1
-1
694
-1
-1
-1
5131
5149
3622
-1
-1
464
2911
-1
-1
514
-1
621
-1
-1
-1
-1
5999
3120
-1
2173
-1
-1
-1
-1
-1
4565
-1
-1
-1
-1
111
-1
-1
-1
-1
3853
5645
-1
-1
4796
-1
-1
3411
-1
-1
4750
5707
-1
-1
-1
-1
-1
-1
-1
4388
-1
4826
3273
-1
4364
-1
5211
-1
-1
254
4991
5139
4815
-1
5638
-1
-1
2008
-1
-1
-1
-1
3038
1117
-1
-1
-1
-1
-1
-1
-1
-1
1190
-1
288
5445
-1
-1
1003
1173
6122
-1
-1
-1
-1
-1
-1
-1
917
1803
-1
-1
-1
660
2150
-1
-1
-1
5806
-1
5366
-1
-1
4589
-1
-1
-1
2156
-1
-1
2684
522
-1
4284
-1
939
-1
-1
3151
-1
-1
-1
5984
5598
-1
-1
-1
-1
-1
4398
-1
-1
-1
-1
-1
1434
-1
-1
6024
-1
-1
-1
4004
-1
1447
-1
-1
-1
-1
-1
1687
-1
4912
-1
-1
-1
-1
4405
-1
4393
2761
-1
-1
-1
-1
-1
-1
-1
-1
-1
4467
89
4610
-1
-1
3668
3948
-1
2589
965
-1
4275
-1
-1
786
5254
3118
-1
-1
5893
-1
5171
5366
-1
3777
-1
1969
-1
-1
-1
-1
-1
-1
-1
-1
-1
-1
-1
-1
-1
-1
1483
4457
-1
-1
-1
5442
-1
-1
-1
1305
3825
-1
-1
-1
2209
-1
-1
-1
3100
-1
5604
-1
-1
-1
-1
-1
-1
-1
4018
-1
-1
-1
298
-1
1700
73
-1
-1
2328
-1
-1
5642
4268
-1
-1
-1
-1
-1
-1
154
-1
-1
416
5916
-1
-1
-1
5077
-1
-1
4743
-1
3765
-1
4147
-1
-1
-1
-1
-1
-1
2633
-1
5429
-1
-1
-1
4165
-1
5429
1281
-1
3878
3591
-1
-1
5019
-1
-1
-1
-1
-1
-1
2354
-1
-1
2737
3234
5205
839
-1
-1
-1
-1
-1
-1
3336
-1
-1
1955
-1
-1
3130
-1
-1
-1
-1
-1
-1
3092
1735
5424
-1
1771
-1
-1
-1
-1
3630
-1
-1
-1
1162
-1
-1
3628
3744
-1
-1
-1
4818
-1
5828
4282
-1
4152
-1
5504
-1
-1
1748
4150
2295
-1
-1
-1
-1
-1
-1
-1
-1
5685
-1
5573
-1
1433
-1
-1
-1
-1
-1
-1
-1
-1
-1
-1
-1
-1
3096
-1
-1
5779
-1
5291
-1
3130
-1
3821
-1
4922
-1
-1
-1
-1
4896
739
-1
-1
3205
-1
4116
4865
-1
-1
1925
-1
-1
5133
-1
-1
-1
-1
