3
102
22
14
125
70
126
91
101
77
102
114
14
2
48
48
48
109
57
24
20
79
11
66
75
100
97
102
124
29
100
107
49
112
30
71
42
80
76
50
16
23
50
99
105
52
17
79
63
108
69
85
104
116
62
124
69
113
30
102
93
16
95
44
36
73
119
95
100
67
92
97
109
34
97
78
74
94
89
104
36
50
20
70
114
58
34
23
23
55
112
15
40
27
8
83
90
13
2
93
81
27
25
128
60
29
22
128
46
49
6
87
58
95
112
104
21
123
91
59
106
11
10
15
18
11
14
53
51
128
6
65
124
6
24
27
45
63
37
116
10
55
34
59
37
48
122
74
18
45
66
115
13
87
112
111
4
30
23
61
47
15
46
115
77
117
88
37
81
114
125
99
48
105
126
13
63
92
82
97
97
43
4
101
60
98
124
21
78
17
39
41
101
108
55
121
38
27
65
54
110
28
15
8
23
72
73
74
85
91
17
113
86
69
96
56
28
120
107
15
15
14
68
47
102
47
27
83
83
76
-1
-1
-1
-1
-1
-1
-1
-1
-1
-1
-1
-1
-1
-1
-1
-1
-1
104
-1
-1
-1
-1
-1
-1
-1
-1
-1
-1
-1
-1
-1
-1
100
-1
-1
-1
-1
-1
-1
-1
-1
-1
-1
-1
-1
-1
-1
-1
-1
-1
-1
-1
82
-1
-1
-1
-1
