123
325
40
399
136
324
371
189
482
136
204
458
224
478
284
249
296
231
357
406
26
161
310
373
151
486
285
108
192
367
68
360
264
391
451
222
104
369
346
221
329
141
361
100
29
147
436
54
296
38
190
280
207
190
170
346
3
280
264
447
50
290
448
162
406
113
6
321
223
203
470
88
283
446
209
88
242
231
364
209
454
382
342
468
473
469
142
198
399
114
386
52
396
98
374
278
195
335
134
475
460
214
31
217
6
260
299
9
477
141
8
130
10
473
39
240
25
156
169
234
88
353
359
98
265
228
355
144
146
73
67
237
437
428
47
453
83
260
415
-1
-1
-1
-1
-1
-1
-1
-1
-1
-1
-1
-1
-1
-1
-1
-1
-1
-1
-1
-1
-1
-1
-1
-1
-1
-1
-1
405
-1
-1
-1
-1
-1
-1
