-1
-1
-1
414
-1
-1
4602
-1
6738
3017
-1
1553
6177
-1
-1
5806
-1
2405
-1
1382
2048
-1
-1
-1
-1
5307
-1
148
-1
-1
-1
-1
-1
4728
-1
-1
569
-1
6372
-1
3431
-1
-1
5856
-1
-1
-1
-1
-1
6214
7498
1794
522
-1
-1
-1
-1
4818
-1
2804
3063
-1
-1
791
-1
-1
3632
7295
6819
-1
-1
3106
-1
-1
-1
-1
-1
-1
-1
-1
5908
-1
1543
-1
6753
-1
-1
-1
-1
2511
-1
-1
-1
-1
-1
-1
799
-1
-1
-1
-1
-1
7265
-1
-1
2185
5924
-1
-1
-1
-1
-1
-1
-1
-1
-1
-1
-1
2644
-1
-1
-1
3997
6943
-1
-1
-1
6437
-1
508
-1
-1
428
-1
-1
7552
4583
-1
-1
-1
4536
1846
-1
-1
-1
-1
-1
4606
6731
-1
-1
-1
-1
6596
-1
4591
-1
6102
-1
7289
-1
3284
-1
4167
-1
-1
-1
5681
1724
-1
-1
-1
-1
-1
-1
393
-1
5463
-1
-1
-1
7107
6110
-1
3988
933
1954
-1
1897
-1
-1
4107
-1
-1
-1
-1
-1
-1
-1
3706
-1
-1
-1
812
-1
-1
-1
465
-1
-1
3448
-1
7583
2634
2114
-1
-1
-1
-1
1330
-1
-1
-1
3100
3556
2397
-1
-1
-1
-1
-1
-1
-1
-1
-1
7315
-1
-1
7259
7588
1499
4876
4156
-1
25
-1
46
-1
6458
-1
-1
-1
-1
-1
3897
3753
-1
-1
-1
-1
7270
-1
-1
-1
-1
-1
-1
-1
-1
-1
-1
-1
6472
-1
2570
1005
-1
-1
5334
1364
-1
-1
-1
-1
-1
-1
-1
-1
-1
-1
5585
-1
-1
-1
-1
-1
-1
-1
-1
1042
5473
2998
2816
760
327
4275
-1
4300
-1
147
5388
-1
-1
-1
-1
-1
-1
-1
5844
2007
5500
-1
-1
1044
2384
-1
4972
-1
3736
-1
-1
2457
1889
-1
-1
-1
5056
-1
-1
2073
7035
-1
-1
2398
-1
6433
2535
-1
-1
-1
-1
-1
437
-1
-1
-1
-1
-1
-1
345
-1
1265
499
-1
-1
-1
6042
-1
-1
-1
-1
1902
-1
-1
422
2572
-1
3109
-1
-1
-1
-1
7044
-1
7092
-1
6098
-1
-1
7084
-1
-1
-1
4336
-1
-1
-1
-1
-1
-1
-1
-1
3502
-1
-1
5927
-1
682
-1
-1
2079
6469
991
-1
408
-1
2119
452
-1
3232
662
-1
-1
-1
-1
-1
4707
-1
-1
-1
1434
-1
-1
2773
3965
-1
6132
-1
-1
-1
-1
-1
2980
6766
-1
-1
-1
-1
2142
2613
1654
2785
6657
-1
6000
568
7419
3407
-1
-1
4658
-1
-1
-1
-1
-1
-1
2370
6831
-1
-1
-1
-1
-1
-1
-1
-1
-1
-1
-1
4788
3669
6782
5940
-1
-1
-1
-1
-1
2631
-1
-1
3230
3276
4911
1567
-1
-1
-1
4705
-1
-1
-1
-1
3446
-1
-1
3995
4014
-1
3065
-1
-1
-1
3628
-1
3513
-1
-1
695
-1
-1
-1
-1
6233
-1
6046
-1
4507
3904
-1
-1
-1
519
-1
-1
-1
-1
-1
4075
-1
1066
-1
-1
-1
6450
1547
529
-1
-1
6163
5587
-1
-1
5628
-1
7576
-1
1064
5931
-1
-1
5711
-1
-1
-1
-1
-1
-1
-1
7186
-1
-1
-1
6268
-1
1698
-1
-1
-1
-1
-1
-1
-1
-1
-1
4413
-1
-1
-1
-1
-1
-1
-1
-1
-1
-1
-1
-1
7539
-1
3728
-1
175
3894
-1
-1
619
2326
-1
-1
-1
1949
4207
2494
7009
-1
-1
435
4303
-1
-1
-1
-1
4078
-1
1947
5844
-1
3932
-1
1021
2797
-1
-1
-1
-1
-1
5218
-1
-1
7455
6212
2685
-1
-1
436
-1
-1
-1
5552
-1
-1
-1
-1
7432
5864
-1
519
5325
1504
-1
-1
6788
-1
-1
2358
702
-1
-1
6133
3088
-1
2361
-1
-1
1737
7597
-1
-1
4431
-1
-1
-1
-1
-1
-1
-1
-1
-1
-1
-1
-1
-1
-1
-1
4882
-1
-1
-1
-1
-1
-1
-1
-1
-1
5210
5856
2217
1889
-1
3094
4644
-1
-1
-1
5064
7282
4868
-1
-1
418
-1
-1
-1
-1
-1
-1
-1
-1
3558
4491
-1
7311
6157
-1
5355
-1
-1
2475
-1
2766
-1
7582
-1
2887
-1
-1
-1
-1
-1
-1
-1
-1
-1
2619
7026
-1
-1
-1
4227
-1
671
-1
-1
-1
918
7522
3357
-1
7428
-1
-1
-1
-1
-1
3329
-1
-1
73
-1
-1
5011
-1
1385
7068
6625
3942
-1
-1
4672
1086
533
-1
-1
-1
2313
-1
-1
4980
-1
-1
5264
2482
-1
-1
-1
-1
7252
-1
2950
-1
-1
7478
-1
-1
6611
-1
-1
-1
-1
7597
4761
-1
-1
-1
-1
-1
-1
-1
-1
-1
-1
-1
-1
5996
-1
-1
-1
-1
-1
-1
-1
5587
-1
-1
-1
2343
1369
-1
-1
5859
6557
-1
-1
5096
-1
-1
-1
6833
-1
-1
-1
2986
2542
3489
-1
5948
-1
-1
7516
4293
-1
201
-1
-1
5988
7491
-1
1407
4514
444
-1
50
5268
5998
-1
-1
4353
2699
-1
-1
-1
-1
-1
842
-1
-1
2980
-1
5248
1711
-1
-1
-1
-1
-1
-1
3648
-1
5043
-1
-1
1859
-1
-1
5139
4897
-1
3160
-1
-1
421
1299
-1
-1
-1
7273
-1
4153
-1
-1
1360
-1
-1
614
4086
-1
-1
6112
2346
1130
-1
-1
-1
-1
-1
-1
-1
-1
6457
-1
-1
-1
-1
2430
3234
5096
-1
1137
-1
-1
422
-1
-1
-1
-1
812
5729
-1
-1
-1
5365
-1
-1
-1
-1
4829
2978
-1
723
-1
7168
4864
-1
-1
-1
4157
-1
-1
-1
-1
-1
951
-1
-1
-1
-1
-1
-1
-1
2284
-1
-1
7195
-1
5
6316
2074
-1
-1
5944
-1
-1
-1
1023
44
-1
-1
4549
3478
7085
2944
1858
7548
-1
6428
-1
-1
-1
3824
-1
4888
-1
-1
-1
-1
4900
1923
-1
3981
-1
-1
-1
5785
-1
-1
2433
-1
3122
-1
-1
-1
-1
1574
-1
5279
-1
-1
5832
-1
-1
-1
-1
-1
-1
-1
-1
-1
-1
-1
3584
762
-1
-1
-1
4097
5099
7126
-1
-1
-1
-1
5326
-1
-1
-1
-1
-1
1654
-1
-1
4603
5670
7321
-1
-1
-1
6649
-1
-1
-1
3658
-1
2039
-1
-1
-1
-1
-1
-1
3068
806
7104
-1
-1
-1
-1
2003
5524
-1
3754
-1
-1
-1
6438
-1
-1
1920
-1
1159
-1
-1
-1
-1
-1
-1
-1
-1
4613
6947
1521
-1
-1
2489
-1
-1
-1
7621
-1
5302
5195
7427
1794
-1
6416
-1
-1
2525
-1
1921
3745
31
-1
-1
-1
-1
-1
3353
3315
-1
-1
-1
-1
4010
-1
-1
-1
3115
-1
-1
6403
-1
-1
-1
-1
-1
1870
-1
6366
-1
4715
3129
-1
-1
-1
-1
-1
1414
5219
-1
-1
-1
-1
-1
4219
-1
2497
2265
-1
-1
3492
-1
-1
-1
251
5611
-1
3553
837
-1
-1
7171
-1
-1
-1
-1
5225
-1
-1
-1
-1
4380
-1
4536
-1
-1
2570
-1
1622
-1
-1
-1
-1
4742
-1
6532
6362
-1
929
1612
-1
6838
3510
6659
-1
-1
1113
-1
7290
-1
-1
3590
3094
-1
-1
781
4770
-1
5455
-1
-1
-1
4949
499
-1
-1
-1
2037
7089
-1
2749
-1
7521
5806
1226
6708
-1
-1
-1
1844
-1
-1
-1
-1
841
-1
-1
-1
5661
1733
-1
-1
2655
2128
-1
1169
-1
2414
-1
-1
2791
-1
-1
-1
-1
-1
-1
5185
4588
5140
-1
1110
-1
606
7497
-1
-1
-1
977
-1
-1
4610
7039
-1
-1
2355
1708
-1
-1
-1
-1
-1
-1
-1
-1
5401
-1
5720
-1
-1
-1
-1
-1
-1
-1
-1
-1
-1
-1
1867
-1
5552
-1
-1
4192
5315
-1
-1
-1
-1
-1
846
-1
-1
-1
-1
-1
-1
-1
-1
-1
-1
27
-1
402
1525
-1
-1
6776
-1
-1
-1
-1
1710
6761
618
-1
3149
6304
-1
-1
3992
-1
5010
-1
-1
-1
-1
-1
2205
-1
-1
-1
-1
-1
2824
-1
-1
-1
-1
-1
5875
-1
-1
-1
-1
-1
-1
-1
-1
324
-1
-1
-1
-1
-1
-1
-1
-1
1813
-1
-1
-1
-1
-1
128
3975
-1
1886
-1
-1
4345
-1
-1
-1
3968
-1
-1
-1
6922
-1
-1
7531
-1
-1
-1
2709
-1
-1
4340
-1
-1
-1
-1
-1
1772
-1
-1
-1
-1
3007
-1
-1
-1
-1
7170
-1
3040
-1
-1
-1
2163
-1
-1
7211
-1
2730
-1
5507
5084
590
-1
-1
2085
3822
-1
-1
-1
-1
-1
-1
-1
-1
2520
-1
-1
-1
-1
7102
-1
-1
1584
-1
-1
-1
1764
-1
-1
-1
890
5973
-1
376
-1
4280
-1
-1
7210
-1
-1
-1
-1
-1
6522
-1
-1
5546
-1
-1
7037
-1
4313
2512
-1
-1
6996
-1
5942
-1
-1
2192
-1
7193
5351
7144
-1
-1
-1
2638
1778
2196
3014
-1
-1
-1
-1
4358
7600
-1
-1
-1
-1
-1
-1
-1
6362
-1
-1
-1
-1
-1
-1
2719
-1
1288
2803
6901
-1
-1
5659
-1
-1
4478
5055
5896
-1
-1
-1
1519
-1
-1
281
-1
-1
7083
-1
4645
-1
-1
-1
-1
-1
-1
-1
6362
4677
678
-1
-1
5580
-1
-1
-1
-1
1161
7248
3001
-1
-1
-1
-1
-1
-1
-1
2677
-1
-1
-1
-1
-1
-1
-1
-1
-1
-1
-1
-1
-1
2831
-1
-1
-1
-1
6775
3441
-1
2614
6041
2428
-1
-1
-1
-1
3162
-1
-1
-1
-1
-1
6031
2033
-1
2991
-1
-1
6490
1640
-1
-1
2208
5165
-1
-1
-1
5300
6269
-1
-1
167
-1
-1
-1
-1
-1
6620
-1
-1
-1
-1
-1
1972
-1
-1
-1
-1
1931
1426
5430
-1
3336
2760
3981
2856
2800
2328
-1
-1
-1
-1
-1
-1
-1
1529
5863
-1
-1
-1
5006
2274
-1
4655
-1
4081
-1
7289
-1
-1
920
5815
-1
5035
-1
2869
1860
6070
-1
-1
-1
-1
4536
3860
-1
-1
-1
-1
2295
-1
-1
-1
7041
-1
-1
3071
-1
1294
905
-1
5039
-1
-1
7586
-1
-1
-1
6152
-1
1759
1919
1632
6564
-1
-1
-1
-1
-1
3046
6280
86
393
519
-1
-1
-1
6261
-1
-1
-1
-1
-1
6921
-1
178
4609
-1
-1
-1
-1
3418
3594
2745
-1
-1
3443
-1
-1
7307
-1
3488
-1
-1
-1
-1
-1
-1
-1
-1
-1
-1
1320
-1
7294
2478
-1
5740
852
-1
1304
402
-1
-1
1960
-1
-1
-1
1945
1375
-1
-1
5491
-1
-1
-1
-1
6267
-1
-1
-1
-1
1201
-1
-1
-1
-1
-1
-1
-1
640
-1
-1
-1
-1
4029
-1
-1
-1
5729
4308
-1
-1
-1
-1
2609
-1
-1
291
1574
4590
-1
-1
-1
5668
-1
-1
326
-1
-1
-1
-1
-1
-1
4391
-1
-1
6814
1084
6254
1410
3211
3442
7381
-1
4412
6372
1105
-1
-1
-1
-1
-1
-1
-1
-1
-1
-1
2405
-1
-1
2049
-1
1921
4959
6363
-1
-1
2745
1232
-1
-1
-1
-1
-1
-1
-1
-1
7474
-1
177
5277
-1
-1
-1
-1
-1
-1
-1
2391
-1
-1
3675
5538
-1
-1
1506
5220
4271
-1
733
6888
-1
-1
-1
-1
-1
1400
6380
4034
-1
-1
-1
3018
-1
-1
-1
5918
-1
-1
-1
-1
-1
3206
-1
-1
-1
-1
-1
-1
4385
4578
3553
2787
5285
-1
-1
-1
-1
-1
-1
-1
-1
7485
-1
3491
-1
-1
5463
-1
2219
2287
-1
-1
-1
-1
1454
24
-1
-1
2363
706
-1
5914
-1
7172
-1
1598
3334
2395
-1
4330
-1
-1
-1
-1
-1
952
3927
369
-1
-1
-1
3272
-1
-1
-1
3785
-1
-1
-1
-1
2263
-1
-1
-1
-1
-1
3363
-1
-1
2380
1160
6559
6424
-1
6513
3753
-1
-1
2443
-1
3106
6709
3644
2810
-1
-1
-1
1864
-1
2272
5640
-1
3644
-1
3089
-1
2008
2238
-1
3729
-1
-1
-1
-1
-1
-1
2872
5972
-1
-1
290
-1
1266
-1
6600
-1
5088
-1
3023
7332
-1
6375
-1
-1
-1
2985
6357
2572
373
-1
-1
6133
3592
-1
-1
-1
-1
3531
4089
-1
-1
-1
-1
3013
-1
6788
-1
-1
-1
160
5444
-1
-1
1228
-1
3188
-1
147
-1
5006
-1
-1
-1
-1
-1
-1
3230
-1
-1
-1
-1
447
-1
2461
-1
-1
-1
4810
-1
6840
2996
-1
-1
-1
-1
6928
638
-1
1336
-1
-1
-1
881
-1
-1
6851
-1
1013
-1
3939
-1
-1
-1
1967
-1
233
2260
292
4499
-1
3574
-1
758
-1
4723
3604
-1
-1
-1
1779
-1
-1
5188
-1
7624
-1
-1
-1
6723
-1
7235
-1
-1
7093
714
3248
467
3125
5821
-1
-1
6965
-1
-1
-1
-1
1149
5012
-1
-1
99
-1
-1
-1
-1
6295
4361
-1
-1
-1
634
-1
-1
2526
-1
2002
6681
-1
-1
-1
6653
-1
266
-1
-1
1490
4495
2933
-1
2099
4222
-1
-1
-1
-1
-1
4811
-1
2172
6150
-1
-1
5555
-1
-1
-1
-1
-1
-1
-1
-1
-1
-1
2332
-1
988
-1
-1
-1
-1
-1
-1
-1
5942
-1
1433
-1
2334
1179
7040
-1
-1
4085
-1
-1
-1
-1
-1
1926
-1
-1
-1
-1
3846
-1
4507
-1
-1
-1
-1
-1
-1
-1
-1
-1
1832
-1
-1
630
3120
-1
-1
-1
-1
-1
2964
5098
-1
7276
78
-1
-1
-1
-1
425
-1
976
2069
-1
-1
-1
2272
-1
1905
-1
6497
5654
-1
-1
-1
4088
4535
-1
-1
-1
-1
-1
2035
-1
3832
-1
-1
2027
6852
1133
-1
3700
-1
2292
-1
2325
-1
-1
-1
-1
-1
-1
2492
-1
434
-1
-1
4770
5917
-1
5896
78
-1
-1
2661
-1
-1
-1
-1
-1
-1
6262
3874
-1
-1
-1
-1
-1
2496
6007
-1
-1
6446
-1
-1
-1
-1
5167
2197
2643
-1
-1
-1
-1
730
3582
-1
-1
-1
4692
3665
-1
-1
6544
-1
-1
-1
-1
4526
4572
-1
-1
5221
-1
-1
-1
-1
2405
-1
-1
-1
4907
6982
-1
-1
2847
-1
5761
732
-1
-1
4724
-1
-1
6686
6247
7175
-1
2665
-1
2907
6340
-1
1634
-1
-1
-1
-1
-1
-1
3558
-1
-1
-1
-1
-1
-1
7140
-1
-1
161
-1
2584
-1
-1
7028
4710
-1
-1
-1
-1
5212
-1
-1
-1
1431
5407
4194
-1
-1
-1
-1
-1
-1
-1
-1
-1
-1
5945
1508
-1
7519
5772
-1
3226
-1
-1
-1
-1
-1
6409
-1
-1
7366
6386
-1
-1
-1
-1
1089
-1
-1
3801
-1
-1
4383
-1
-1
2645
-1
-1
-1
6794
-1
-1
-1
-1
4662
-1
4822
-1
-1
-1
2291
4041
-1
-1
-1
-1
-1
-1
2285
-1
-1
-1
2710
-1
-1
-1
-1
-1
1055
-1
-1
-1
7294
836
-1
-1
-1
7060
-1
3994
-1
-1
-1
-1
4226
-1
2034
496
988
-1
-1
-1
5223
3387
-1
1989
-1
7353
-1
-1
4282
-1
-1
-1
2579
-1
1771
4278
-1
6449
-1
1923
5728
2308
-1
-1
-1
-1
-1
-1
6623
-1
-1
-1
1150
-1
6987
-1
-1
-1
4451
-1
1426
-1
-1
-1
-1
-1
3767
-1
5105
-1
830
-1
-1
1975
-1
-1
-1
-1
-1
-1
6431
2621
-1
-1
-1
2897
-1
-1
-1
-1
-1
-1
-1
-1
-1
-1
-1
-1
-1
584
-1
-1
1390
-1
7488
3915
6953
-1
5946
-1
-1
-1
-1
4472
-1
-1
-1
-1
-1
-1
-1
-1
6806
-1
7297
3938
-1
-1
-1
2528
4843
-1
-1
-1
-1
3806
1877
4083
-1
5093
4688
2079
-1
-1
-1
-1
3116
1851
5540
3264
7480
-1
4164
-1
-1
-1
-1
-1
-1
-1
-1
-1
-1
-1
-1
-1
-1
-1
-1
-1
664
-1
1551
-1
-1
-1
-1
-1
-1
-1
-1
3896
-1
-1
1926
-1
1616
-1
2981
-1
-1
-1
-1
-1
-1
4963
6653
2891
5648
-1
-1
-1
-1
-1
4280
5660
-1
7104
-1
-1
-1
-1
6498
-1
-1
-1
3001
-1
6302
2382
-1
-1
-1
-1
-1
2514
1579
-1
-1
-1
-1
-1
1102
-1
-1
-1
-1
-1
-1
-1
2257
-1
-1
6224
4969
-1
-1
-1
-1
7411
-1
-1
3140
-1
-1
-1
2857
-1
-1
-1
-1
-1
6699
5699
4293
2767
-1
-1
-1
-1
-1
-1
-1
-1
-1
-1
-1
-1
-1
-1
5585
-1
-1
-1
-1
60
-1
3588
5104
-1
5854
-1
-1
-1
-1
-1
-1
-1
4115
-1
-1
7426
-1
-1
-1
5439
-1
-1
-1
1242
-1
-1
4723
-1
-1
-1
-1
6120
6903
-1
3214
3785
-1
-1
-1
-1
2133
-1
-1
-1
5123
-1
-1
7370
-1
5553
6669
4247
-1
-1
7048
5104
-1
-1
1162
-1
-1
-1
-1
41
3509
-1
-1
3604
-1
5166
-1
-1
642
-1
-1
7186
-1
-1
5719
-1
6223
-1
1629
-1
3927
7129
-1
-1
1824
-1
-1
-1
-1
1885
2889
-1
1102
-1
-1
6983
-1
-1
6354
-1
-1
2592
-1
-1
6767
-1
-1
-1
-1
-1
1813
2705
-1
-1
6771
-1
2223
-1
-1
4272
-1
4167
185
349
-1
2532
-1
6659
-1
4194
-1
5678
-1
-1
-1
-1
-1
-1
-1
-1
-1
-1
-1
-1
-1
7204
-1
2681
-1
-1
7030
-1
-1
-1
3353
4214
-1
5203
-1
2270
6097
-1
-1
-1
-1
1521
5047
-1
-1
-1
-1
6596
-1
-1
-1
-1
-1
-1
6377
-1
6354
-1
-1
-1
-1
-1
-1
2589
2497
7401
6206
-1
-1
-1
-1
1495
-1
6153
-1
-1
-1
-1
7526
3810
-1
-1
-1
-1
-1
-1
-1
-1
-1
2438
-1
-1
5085
-1
3694
98
-1
-1
-1
6046
3870
-1
6436
-1
-1
-1
-1
930
2585
5011
-1
-1
-1
-1
-1
-1
-1
-1
-1
-1
-1
-1
-1
-1
-1
44
-1
2658
4997
-1
-1
-1
-1
6808
-1
-1
-1
-1
-1
-1
-1
-1
-1
4947
-1
-1
-1
-1
-1
4362
-1
-1
-1
5500
-1
122
-1
7221
-1
5136
-1
548
-1
-1
7440
-1
-1
-1
7204
1730
-1
-1
4239
6247
-1
7627
-1
-1
-1
4392
-1
-1
6640
5668
-1
2523
96
-1
-1
-1
-1
-1
-1
-1
7472
4708
-1
6045
-1
-1
-1
556
-1
-1
-1
5162
-1
-1
6740
-1
1588
-1
-1
-1
584
2306
-1
6637
-1
-1
-1
-1
-1
-1
-1
-1
-1
-1
1020
-1
-1
-1
-1
3990
-1
-1
-1
-1
-1
-1
5116
6210
-1
377
1963
4535
-1
-1
5071
-1
7369
-1
-1
5910
-1
2129
-1
-1
-1
-1
-1
258
7432
1636
-1
-1
-1
-1
-1
-1
4207
2514
-1
1814
1792
-1
-1
7625
3663
4718
2452
-1
-1
-1
-1
-1
-1
-1
-1
-1
-1
3526
-1
3048
-1
4297
-1
2725
-1
-1
1935
-1
5462
-1
1506
1259
-1
-1
-1
2814
4059
-1
-1
6223
-1
-1
684
5338
-1
4715
-1
-1
-1
1288
-1
-1
-1
-1
-1
-1
877
-1
-1
5674
-1
4303
4003
-1
-1
6198
2851
-1
-1
-1
-1
3468
-1
4622
40
-1
-1
-1
-1
-1
-1
1079
-1
5575
6325
2403
-1
7253
4408
-1
-1
-1
3219
6051
-1
-1
-1
5318
-1
-1
-1
-1
-1
-1
-1
-1
7473
-1
-1
496
-1
-1
463
-1
-1
5538
-1
-1
-1
-1
-1
418
-1
-1
-1
113
6186
6829
494
-1
-1
-1
2072
4142
-1
-1
7582
1518
-1
-1
-1
-1
-1
-1
-1
-1
-1
542
-1
-1
4975
-1
-1
7231
-1
-1
5681
-1
-1
-1
7154
1188
2474
-1
-1
-1
-1
-1
280
-1
6494
5278
-1
-1
-1
2732
2982
-1
-1
2466
-1
4616
55
-1
-1
6644
-1
-1
-1
-1
-1
-1
-1
-1
-1
-1
2306
315
3689
2632
3454
-1
-1
-1
4339
130
-1
-1
-1
-1
-1
6477
6753
3331
-1
7036
166
-1
-1
-1
6623
-1
2672
-1
-1
-1
5907
-1
-1
829
4146
-1
-1
1951
3906
5688
1959
-1
6386
3126
4801
7158
-1
-1
3407
-1
1632
-1
1614
7086
-1
-1
3572
-1
-1
3485
5166
-1
878
7163
1904
-1
-1
-1
-1
-1
1574
-1
-1
6576
6231
-1
-1
4528
-1
-1
-1
5036
4738
-1
1767
3713
-1
-1
668
1931
-1
-1
2335
7018
7157
-1
-1
-1
-1
-1
6960
3428
435
7340
6826
-1
856
2854
-1
5939
-1
-1
356
3343
-1
-1
-1
-1
-1
2923
-1
-1
-1
-1
-1
-1
-1
-1
-1
2131
2117
-1
7375
4416
-1
4261
7337
-1
3499
3072
-1
1465
2376
-1
-1
-1
6294
4896
-1
-1
-1
-1
1232
912
3891
-1
-1
-1
5595
-1
365
-1
2827
-1
-1
-1
-1
-1
-1
-1
-1
-1
-1
-1
906
-1
-1
6889
3354
-1
2236
-1
-1
7061
-1
-1
-1
4999
-1
-1
-1
-1
-1
6661
1232
6996
2371
-1
-1
1824
-1
-1
-1
-1
2053
5600
-1
-1
382
5206
2948
-1
2545
-1
7367
2326
-1
6360
-1
1798
-1
3466
-1
-1
-1
-1
5167
7583
-1
4878
-1
2937
4259
-1
-1
-1
-1
-1
-1
-1
-1
-1
-1
-1
-1
-1
-1
-1
-1
-1
-1
-1
-1
7075
-1
-1
5585
-1
-1
-1
4238
-1
-1
-1
-1
5594
7263
1417
-1
-1
-1
4631
5258
-1
7490
5245
-1
-1
-1
-1
-1
-1
1926
-1
-1
4921
-1
-1
-1
-1
-1
3986
7505
-1
-1
5609
-1
-1
5117
3533
-1
-1
-1
5862
-1
-1
-1
1359
4928
-1
-1
-1
-1
1133
-1
-1
5262
-1
-1
6591
6239
-1
-1
-1
-1
-1
1122
3935
-1
-1
6485
-1
6962
2095
-1
6569
-1
-1
-1
-1
-1
-1
-1
-1
1773
-1
-1
-1
-1
-1
-1
6894
-1
-1
4058
3272
2403
6657
-1
250
-1
-1
-1
-1
-1
5240
6140
-1
4578
-1
4020
-1
4069
-1
-1
2191
-1
-1
1746
-1
-1
1793
5037
7272
-1
-1
-1
7043
-1
4394
2088
-1
4902
-1
-1
4351
-1
-1
-1
-1
-1
-1
-1
-1
-1
-1
5508
5109
3962
2735
1247
-1
5434
2138
6507
4308
-1
6684
1142
3375
-1
-1
-1
5771
-1
-1
-1
-1
6382
752
-1
4229
-1
1329
-1
-1
-1
1593
-1
-1
3386
2478
-1
172
-1
-1
-1
2949
-1
-1
-1
-1
4093
5811
16
-1
-1
-1
-1
6563
5104
-1
-1
-1
-1
2293
-1
-1
6742
-1
-1
-1
5249
-1
3865
3718
6540
5281
-1
-1
6833
-1
-1
6471
-1
3343
-1
-1
-1
-1
-1
3347
-1
-1
-1
-1
-1
-1
6592
-1
844
6015
-1
4898
-1
-1
2960
-1
-1
5755
1621
-1
-1
5758
-1
4995
-1
-1
-1
-1
-1
-1
-1
6644
-1
-1
-1
6974
6590
2873
-1
4148
-1
6899
1948
-1
2627
3983
-1
5777
-1
-1
5380
-1
-1
3483
-1
-1
-1
6374
1771
-1
-1
328
934
-1
-1
6321
-1
1911
-1
-1
-1
-1
-1
7484
-1
84
-1
-1
-1
-1
-1
-1
618
3542
-1
-1
-1
-1
5459
-1
7053
-1
-1
1572
4841
381
-1
3745
1860
-1
4446
-1
-1
6140
825
5584
-1
-1
-1
-1
548
1909
3055
-1
-1
1134
-1
-1
7337
-1
-1
-1
-1
1601
7540
-1
-1
-1
-1
6445
7325
-1
-1
-1
-1
60
-1
-1
-1
-1
-1
4646
-1
-1
-1
7060
-1
-1
-1
1015
-1
-1
7158
2682
7179
-1
-1
-1
4708
515
-1
-1
4214
-1
68
-1
-1
4680
-1
4563
-1
-1
-1
1982
91
-1
-1
-1
-1
2476
-1
2502
1560
-1
-1
-1
2277
5514
-1
53
-1
-1
1253
-1
-1
-1
-1
-1
659
3455
2421
4340
-1
4161
-1
-1
-1
-1
-1
-1
-1
-1
-1
2570
-1
-1
-1
5874
-1
-1
-1
-1
4391
-1
-1
-1
-1
-1
-1
2072
-1
-1
-1
6054
-1
-1
-1
1482
-1
-1
7247
7210
1223
-1
4933
-1
-1
-1
6980
-1
5803
7258
-1
-1
-1
-1
-1
4163
3210
-1
1047
-1
-1
7551
-1
-1
-1
5726
-1
4406
3693
-1
-1
-1
-1
6975
430
6297
-1
-1
-1
-1
-1
6386
-1
879
-1
-1
4730
-1
-1
-1
280
-1
-1
-1
3707
-1
6583
-1
-1
3197
-1
3198
2060
-1
1766
6798
1745
-1
51
-1
2782
-1
-1
-1
-1
-1
-1
-1
-1
3488
-1
-1
-1
-1
-1
-1
-1
-1
-1
6482
-1
1081
-1
1788
-1
5998
1407
6023
37
-1
-1
3160
-1
5554
4050
2273
2578
41
-1
-1
-1
-1
-1
-1
-1
6909
-1
-1
-1
4933
-1
-1
2729
7275
-1
-1
2646
-1
-1
-1
3054
6990
-1
-1
2871
-1
-1
-1
-1
-1
-1
-1
5476
-1
-1
-1
-1
-1
-1
6570
-1
-1
-1
-1
99
1260
-1
1337
7092
3098
-1
-1
-1
7312
-1
-1
-1
-1
-1
3005
-1
-1
-1
-1
1977
-1
4509
459
-1
-1
-1
-1
-1
3314
2760
1287
-1
-1
-1
-1
-1
-1
-1
-1
553
7054
-1
1021
-1
2918
-1
-1
-1
3061
171
-1
1580
6876
1997
-1
6739
6626
2747
-1
925
-1
-1
-1
-1
-1
5856
5722
5928
-1
-1
292
-1
-1
2530
-1
-1
-1
-1
-1
-1
-1
-1
2676
-1
-1
-1
-1
4890
-1
4742
5905
-1
-1
-1
-1
-1
-1
-1
-1
-1
6720
-1
849
-1
57
-1
-1
-1
7157
-1
-1
-1
5069
-1
-1
-1
-1
-1
-1
-1
1397
-1
7350
-1
4268
-1
924
-1
-1
-1
-1
181
-1
6746
-1
1961
-1
-1
3501
-1
6686
2440
7067
-1
-1
-1
-1
3964
-1
-1
-1
1558
7542
-1
-1
-1
-1
297
-1
-1
-1
-1
-1
-1
-1
7138
-1
-1
-1
-1
-1
-1
-1
-1
4654
5605
1105
-1
-1
5758
-1
-1
-1
-1
3800
-1
6761
-1
-1
-1
-1
622
930
2297
-1
6232
-1
-1
5620
614
5135
-1
-1
-1
-1
4292
-1
-1
-1
7614
-1
-1
6391
-1
3858
-1
7019
-1
-1
-1
-1
-1
4643
12
-1
-1
-1
-1
4453
-1
5662
3203
-1
-1
-1
-1
-1
7357
-1
-1
-1
-1
3004
-1
-1
-1
-1
-1
-1
-1
-1
7345
-1
-1
2358
-1
-1
3233
-1
-1
-1
-1
-1
-1
-1
-1
-1
5955
-1
-1
-1
5869
253
-1
5317
-1
329
-1
-1
3974
723
-1
-1
-1
7423
-1
5101
-1
-1
1481
3970
1492
-1
-1
4793
3397
-1
-1
-1
-1
-1
1516
3898
2656
3490
-1
7029
-1
-1
3276
4599
-1
-1
4249
-1
6518
-1
-1
-1
-1
5682
-1
3310
6241
-1
-1
-1
-1
2724
-1
-1
6407
-1
-1
-1
-1
-1
-1
-1
7167
5745
2193
5057
-1
-1
-1
-1
-1
-1
-1
-1
1179
-1
-1
-1
-1
-1
-1
4403
-1
867
-1
-1
-1
4009
4232
-1
-1
7083
-1
-1
-1
-1
3361
-1
4233
-1
-1
-1
4295
-1
296
3938
3992
-1
-1
2173
-1
2772
2922
3445
-1
3730
4556
287
4647
4452
-1
-1
-1
-1
-1
-1
-1
-1
241
6444
-1
-1
-1
2162
-1
-1
-1
-1
-1
-1
933
5580
-1
390
-1
3777
-1
79
3556
-1
4370
-1
4676
-1
-1
-1
-1
-1
2492
-1
-1
4711
-1
4176
-1
6598
6761
5574
6198
-1
-1
6384
-1
-1
-1
5466
5895
3297
-1
-1
-1
2622
-1
-1
-1
-1
-1
7379
-1
-1
4414
7018
-1
-1
-1
778
-1
-1
-1
4524
-1
-1
-1
-1
605
-1
3157
6037
-1
-1
5619
7409
1769
-1
-1
2238
-1
-1
-1
-1
147
6897
2129
4410
-1
-1
6081
-1
-1
-1
4436
-1
4701
-1
-1
-1
-1
-1
-1
-1
-1
-1
-1
-1
-1
3904
-1
6524
-1
-1
3180
-1
1964
-1
5144
991
870
-1
7320
-1
-1
-1
2031
-1
-1
6410
-1
-1
3654
5284
4059
-1
2071
-1
5452
2740
-1
-1
-1
-1
-1
-1
3322
-1
6829
-1
-1
-1
-1
-1
4253
4678
4913
-1
-1
1382
-1
-1
-1
446
-1
5817
-1
-1
-1
-1
-1
585
-1
1560
3559
-1
-1
-1
-1
-1
-1
-1
445
-1
-1
2354
-1
-1
-1
-1
3630
-1
-1
531
888
-1
-1
7159
5325
2345
4678
6848
-1
-1
-1
-1
-1
-1
-1
3033
-1
-1
-1
6502
-1
-1
-1
-1
-1
-1
5208
414
3089
-1
-1
-1
-1
-1
5882
-1
701
65
-1
-1
365
4453
-1
5646
4587
-1
-1
-1
3546
-1
5951
7530
-1
-1
-1
-1
-1
2442
3055
-1
-1
1631
46
4046
-1
-1
4363
6556
-1
771
-1
4908
-1
-1
-1
-1
-1
-1
-1
-1
-1
-1
-1
-1
-1
-1
2041
-1
-1
2311
-1
1250
-1
5342
6293
-1
7556
-1
4138
-1
-1
-1
-1
577
-1
-1
7159
-1
-1
3814
-1
-1
3317
-1
3621
-1
7321
-1
-1
2103
5910
-1
-1
-1
-1
-1
-1
-1
-1
-1
-1
1942
2862
-1
585
-1
4668
-1
1537
-1
696
-1
-1
-1
-1
-1
6475
-1
-1
-1
-1
-1
-1
-1
-1
-1
-1
6228
-1
5220
-1
183
7329
7233
6710
-1
-1
-1
5138
-1
3793
-1
-1
-1
-1
-1
-1
-1
-1
6263
-1
-1
-1
-1
-1
3122
-1
4163
6085
-1
6164
-1
5000
-1
-1
-1
5932
-1
3896
-1
3795
3235
6836
969
-1
2473
-1
-1
1893
5513
-1
-1
-1
2694
-1
-1
-1
-1
5887
1849
214
-1
-1
2497
1253
2593
-1
6811
-1
-1
-1
3
-1
-1
-1
-1
-1
1800
-1
-1
-1
176
-1
-1
-1
3353
-1
-1
-1
-1
-1
-1
3637
4429
1022
6095
4534
1090
2555
3235
-1
4162
3256
-1
-1
6906
-1
-1
6121
-1
3276
-1
6551
-1
-1
-1
-1
1031
-1
-1
-1
-1
-1
-1
-1
-1
-1
4374
-1
159
1236
-1
-1
-1
-1
-1
-1
-1
-1
-1
-1
7364
-1
-1
-1
-1
3865
-1
-1
7525
-1
-1
6706
6086
-1
-1
-1
-1
-1
6522
-1
3637
3955
-1
-1
1795
-1
-1
-1
-1
2719
911
2032
-1
-1
-1
-1
1163
3763
-1
-1
-1
-1
932
-1
-1
-1
5489
7074
-1
-1
-1
1008
3488
-1
-1
7084
-1
-1
647
-1
2770
-1
-1
-1
-1
-1
1307
-1
3971
-1
-1
7048
-1
-1
5880
-1
-1
-1
-1
867
-1
-1
3632
1359
-1
-1
-1
-1
-1
2418
4077
-1
-1
-1
-1
-1
-1
-1
7564
-1
-1
-1
-1
-1
6602
578
6405
-1
-1
2585
-1
7631
-1
-1
1338
-1
-1
-1
1293
3514
5549
-1
-1
4413
-1
-1
-1
-1
-1
-1
-1
-1
-1
-1
-1
-1
345
-1
-1
-1
-1
-1
-1
-1
-1
-1
-1
-1
-1
-1
6899
7089
-1
-1
-1
-1
-1
-1
4303
-1
3711
-1
5453
-1
6614
729
1685
-1
-1
4693
-1
2299
2598
1849
4012
3345
-1
-1
-1
-1
-1
1785
-1
-1
-1
6265
-1
-1
-1
2062
3024
2192
-1
-1
5904
-1
-1
6730
-1
449
-1
-1
3060
-1
-1
5707
3608
4705
-1
-1
-1
-1
-1
32
-1
2367
-1
-1
633
-1
2046
4423
2587
-1
6980
-1
1815
-1
-1
-1
4694
1854
-1
3771
5199
4629
5421
-1
-1
878
-1
-1
2282
-1
-1
5971
869
-1
-1
-1
4739
-1
-1
7068
5210
3671
-1
-1
3286
5472
-1
-1
-1
3298
-1
-1
-1
-1
-1
-1
-1
-1
-1
-1
-1
-1
-1
-1
-1
-1
6997
-1
-1
-1
-1
-1
-1
-1
-1
-1
-1
3115
-1
-1
5898
2907
-1
4442
6462
-1
-1
-1
5582
5640
-1
2560
-1
480
2106
1662
-1
-1
-1
7425
-1
-1
3221
-1
-1
5974
1857
-1
2899
-1
6759
-1
-1
7069
-1
-1
6800
2653
-1
-1
-1
762
6780
-1
-1
1196
-1
1536
-1
-1
-1
-1
-1
-1
-1
4491
-1
-1
-1
6637
-1
5575
-1
6072
-1
-1
1864
-1
-1
7130
4975
-1
7010
-1
-1
-1
-1
-1
1415
2110
-1
1610
-1
7553
-1
2874
-1
5603
-1
-1
774
-1
617
3969
5674
5982
-1
1878
-1
-1
-1
-1
-1
-1
-1
-1
-1
-1
4881
-1
5441
-1
7392
-1
-1
-1
-1
-1
7534
-1
1879
2988
-1
-1
-1
-1
-1
-1
-1
-1
-1
3440
1884
-1
-1
-1
-1
-1
3919
-1
-1
6523
7434
1400
-1
546
3882
-1
-1
-1
271
-1
-1
-1
376
2923
-1
-1
-1
-1
-1
-1
-1
-1
-1
-1
-1
2565
-1
-1
-1
-1
286
3305
-1
-1
7103
4816
1243
-1
-1
-1
-1
60
-1
5372
-1
6619
-1
3217
3636
-1
6326
-1
1101
-1
1728
-1
-1
-1
5944
-1
-1
-1
5429
-1
-1
-1
-1
1001
-1
-1
3771
-1
3874
-1
-1
1813
5944
-1
-1
1595
-1
3710
-1
2273
3637
-1
-1
-1
-1
-1
-1
