-1
5325
-1
-1
-1
-1
2398
-1
-1
-1
-1
1090
4832
-1
-1
-1
-1
5105
2729
1769
-1
-1
277
-1
-1
4741
-1
-1
-1
-1
-1
-1
3089
-1
2384
1361
-1
-1
-1
-1
-1
-1
1598
-1
-1
-1
2808
-1
1098
-1
-1
-1
-1
-1
-1
-1
3484
-1
4487
4823
4358
-1
-1
681
1164
-1
3121
-1
4156
-1
242
4751
-1
-1
-1
3332
-1
-1
-1
-1
-1
-1
-1
-1
1068
-1
3044
3025
1001
-1
-1
-1
-1
-1
748
-1
-1
-1
-1
-1
-1
-1
-1
-1
-1
-1
2958
-1
-1
-1
-1
3852
1820
-1
-1
-1
5620
-1
-1
-1
3342
-1
-1
-1
-1
-1
5107
-1
447
-1
-1
-1
-1
-1
-1
-1
2617
-1
-1
-1
5390
-1
-1
-1
-1
2418
-1
-1
-1
-1
5724
1454
2921
-1
5582
-1
-1
681
-1
-1
-1
1249
2916
-1
-1
-1
-1
1325
-1
4093
-1
4069
-1
-1
-1
4560
-1
816
1638
5571
5698
-1
-1
-1
5247
-1
-1
-1
1411
-1
5288
4638
2732
-1
-1
-1
8
-1
-1
3066
-1
-1
3887
-1
-1
1709
-1
-1
-1
2768
949
-1
-1
-1
1166
-1
4418
-1
-1
2426
5703
-1
-1
1804
-1
2892
4560
2291
-1
4915
4580
-1
-1
-1
-1
-1
-1
-1
3431
3968
5500
3604
-1
-1
-1
-1
-1
-1
994
-1
394
-1
1371
-1
1601
-1
616
-1
1491
4218
-1
-1
-1
-1
1539
-1
4626
-1
253
-1
-1
-1
-1
2694
-1
2546
-1
3969
5410
4873
-1
-1
-1
-1
-1
-1
-1
2864
-1
2052
4333
-1
-1
1430
-1
4671
-1
-1
2767
-1
2590
1934
4926
-1
-1
925
2553
-1
2531
-1
4978
5328
5550
-1
-1
5567
-1
-1
-1
-1
-1
-1
5683
-1
-1
3951
1693
-1
-1
-1
-1
-1
-1
-1
5770
-1
-1
-1
-1
-1
5135
-1
-1
-1
3010
-1
4891
3975
-1
-1
-1
1907
2158
-1
-1
-1
5197
-1
-1
-1
-1
-1
-1
-1
-1
-1
-1
4622
-1
-1
-1
-1
5510
-1
-1
-1
-1
966
3964
4213
4372
-1
-1
2386
242
-1
-1
534
-1
-1
2590
5178
4732
5039
4190
-1
-1
-1
-1
-1
-1
-1
-1
-1
3098
-1
140
4928
881
-1
-1
1660
1682
-1
712
3347
873
3825
-1
948
-1
-1
-1
-1
-1
-1
-1
500
5595
-1
-1
4168
-1
2037
-1
-1
-1
-1
959
1917
-1
4981
-1
2452
3555
41
2288
-1
-1
-1
-1
-1
5785
-1
-1
1033
-1
2178
-1
-1
442
1214
696
-1
-1
2459
-1
4147
1915
-1
1857
4491
-1
-1
-1
-1
-1
1659
907
-1
-1
1546
-1
4877
116
1239
-1
5150
-1
-1
-1
-1
-1
-1
-1
2329
259
1356
2953
-1
3664
-1
-1
-1
-1
-1
-1
-1
-1
3561
-1
-1
-1
456
3756
-1
4891
-1
4990
-1
-1
-1
-1
-1
1443
-1
4460
-1
-1
-1
-1
-1
5075
-1
-1
803
-1
-1
-1
-1
4217
-1
-1
-1
-1
-1
-1
1134
-1
-1
-1
2533
-1
4989
-1
3824
-1
-1
139
4580
-1
-1
-1
-1
5284
2948
-1
-1
-1
-1
-1
910
-1
1843
-1
-1
-1
2330
5574
723
-1
4184
-1
-1
-1
-1
-1
-1
-1
3102
-1
-1
-1
2261
-1
-1
4472
253
-1
4052
3344
-1
3676
4721
-1
-1
4359
-1
1417
-1
150
-1
-1
-1
-1
-1
983
-1
5116
-1
1925
-1
-1
1991
1175
-1
3088
-1
-1
-1
-1
3302
576
2478
-1
-1
-1
-1
5284
5115
1277
-1
-1
-1
-1
-1
-1
2658
742
-1
-1
-1
-1
-1
-1
-1
923
-1
-1
541
5517
-1
-1
3057
-1
-1
-1
-1
3777
4837
3741
-1
340
-1
-1
-1
-1
-1
-1
648
5228
-1
-1
-1
5592
1612
-1
-1
-1
-1
-1
-1
-1
-1
3640
-1
-1
-1
4092
-1
-1
-1
2937
-1
-1
-1
5565
-1
-1
-1
-1
-1
-1
-1
3155
-1
-1
5680
-1
-1
-1
2787
3995
-1
-1
-1
-1
5137
-1
-1
-1
-1
3327
1786
-1
1954
-1
-1
-1
-1
3288
-1
-1
-1
1134
-1
-1
-1
-1
-1
-1
-1
-1
-1
-1
-1
-1
981
-1
-1
4415
-1
-1
-1
-1
-1
-1
-1
395
-1
2032
-1
825
-1
-1
4179
-1
-1
-1
-1
3877
-1
-1
-1
-1
-1
2664
-1
-1
-1
-1
-1
3306
-1
4095
-1
-1
-1
-1
-1
550
5353
2536
-1
-1
-1
-1
-1
-1
-1
-1
2499
5082
1284
-1
-1
1473
330
1633
-1
-1
1485
4123
-1
-1
-1
-1
687
-1
4952
2278
-1
-1
4155
-1
-1
-1
-1
585
522
-1
-1
-1
-1
1443
-1
-1
-1
-1
3622
-1
4424
-1
-1
-1
-1
-1
1586
4158
-1
2087
-1
-1
-1
4558
-1
-1
311
1510
2432
2143
-1
-1
-1
3784
1587
-1
-1
217
5727
-1
1516
-1
-1
150
-1
4984
4220
-1
4907
-1
-1
4004
-1
-1
4310
2746
-1
-1
-1
258
2464
-1
-1
4568
1079
-1
-1
-1
-1
1894
-1
555
773
2758
2706
-1
-1
-1
3521
5530
-1
-1
-1
-1
2068
5628
2186
5641
-1
2521
-1
189
-1
-1
-1
-1
-1
-1
-1
-1
-1
3483
4185
-1
3004
-1
-1
5444
-1
-1
-1
4904
4983
5286
3699
1777
1826
-1
-1
3306
-1
-1
-1
2352
-1
-1
-1
-1
-1
-1
-1
-1
-1
-1
5681
-1
-1
3374
-1
-1
3042
-1
3838
-1
-1
-1
1372
-1
-1
-1
-1
-1
-1
-1
5278
-1
-1
-1
3157
-1
-1
-1
4279
-1
-1
1600
-1
-1
-1
2171
2847
3897
1050
-1
-1
4343
3271
-1
-1
-1
4487
-1
3960
1718
-1
-1
-1
-1
-1
-1
4385
-1
3683
2035
-1
-1
3511
-1
-1
-1
4390
2987
-1
3528
-1
-1
-1
-1
-1
-1
-1
-1
-1
-1
-1
1505
-1
-1
-1
-1
-1
-1
4623
-1
4439
-1
-1
943
-1
-1
-1
3322
-1
-1
-1
-1
-1
-1
1729
-1
-1
4044
-1
3765
-1
-1
173
1031
-1
2352
-1
5414
2108
-1
-1
-1
3102
1282
-1
-1
2121
-1
-1
-1
-1
-1
351
-1
-1
1972
5052
2597
-1
-1
-1
4056
-1
4851
-1
4382
-1
-1
-1
-1
-1
-1
-1
-1
-1
-1
-1
-1
-1
2587
-1
-1
-1
-1
-1
5313
-1
-1
163
3712
-1
5497
-1
-1
-1
2539
-1
2770
-1
676
-1
3493
-1
-1
4935
5555
4510
-1
2894
-1
-1
4479
818
-1
3554
-1
-1
-1
-1
2311
-1
3091
-1
-1
-1
-1
-1
-1
2374
-1
-1
-1
-1
-1
-1
-1
5379
-1
160
-1
5211
-1
2623
-1
-1
-1
2393
-1
-1
-1
5774
-1
-1
-1
2188
3249
-1
786
-1
-1
1598
-1
-1
3902
-1
3712
-1
2347
-1
-1
-1
3342
-1
-1
-1
1846
5482
-1
-1
-1
1552
-1
-1
-1
-1
3243
-1
4163
-1
-1
-1
-1
-1
-1
2433
3767
-1
4969
-1
965
1854
-1
844
-1
3357
-1
2912
-1
-1
2565
-1
3166
-1
-1
5177
-1
-1
-1
-1
-1
1450
3393
7
-1
4248
3559
-1
-1
-1
-1
1165
5427
-1
-1
-1
-1
-1
-1
-1
4355
-1
-1
-1
-1
3913
1843
667
-1
-1
3384
85
-1
-1
-1
-1
-1
5653
1161
5352
5786
-1
-1
-1
-1
4274
-1
-1
989
-1
-1
5685
-1
1420
-1
-1
-1
4376
-1
5545
-1
2211
-1
-1
-1
4505
3623
-1
-1
-1
-1
-1
-1
3991
1356
-1
4463
-1
-1
-1
-1
-1
-1
-1
-1
280
-1
1645
-1
-1
4041
-1
4779
-1
4264
-1
-1
1480
-1
304
-1
5660
-1
2529
-1
1971
-1
-1
-1
2184
4907
5414
1722
-1
-1
-1
659
-1
-1
1683
-1
-1
2465
-1
3046
-1
-1
-1
1829
-1
3385
-1
-1
3503
-1
-1
-1
-1
-1
-1
5195
1408
3249
1647
1704
-1
2078
-1
-1
-1
-1
-1
-1
-1
2570
-1
4963
-1
2740
-1
-1
-1
4119
1836
-1
-1
-1
-1
1742
5078
501
1144
1579
4272
-1
-1
-1
1427
-1
1027
-1
-1
-1
-1
1158
-1
3688
-1
-1
-1
574
-1
-1
-1
-1
-1
-1
-1
2429
-1
5483
-1
3281
-1
-1
-1
-1
-1
-1
-1
-1
-1
-1
4297
3331
-1
5246
4231
-1
-1
-1
-1
-1
-1
-1
931
-1
-1
4761
-1
-1
-1
4295
-1
-1
-1
-1
-1
-1
-1
-1
5369
-1
3611
-1
4736
-1
-1
-1
2829
-1
-1
-1
-1
-1
-1
1568
-1
1569
5553
-1
-1
-1
4345
-1
-1
-1
-1
-1
1231
-1
-1
3077
-1
-1
-1
1714
-1
-1
103
4181
-1
-1
3210
-1
167
-1
1939
-1
5800
3234
4768
-1
3037
-1
-1
-1
5069
-1
2422
-1
-1
-1
617
-1
-1
257
-1
-1
4622
-1
2420
-1
-1
3715
-1
-1
-1
-1
-1
1363
2682
-1
3724
-1
1248
4315
-1
-1
-1
1944
-1
5457
-1
-1
2239
5045
-1
-1
4324
-1
2842
-1
-1
-1
-1
5554
5384
-1
-1
968
-1
-1
-1
146
-1
-1
436
-1
-1
-1
-1
-1
-1
-1
-1
5665
-1
-1
-1
-1
-1
1211
-1
2358
-1
3526
-1
3189
-1
-1
-1
213
-1
-1
-1
4653
2367
5031
4485
5470
-1
-1
-1
-1
-1
-1
-1
-1
-1
-1
-1
-1
-1
-1
-1
-1
5148
-1
-1
-1
4304
4023
-1
-1
-1
-1
-1
-1
321
-1
-1
-1
-1
-1
-1
-1
-1
-1
4184
-1
-1
-1
5402
-1
-1
-1
5485
-1
-1
-1
-1
5359
4471
-1
-1
-1
-1
2573
-1
-1
-1
-1
-1
-1
3031
-1
-1
2911
4406
5002
-1
521
-1
-1
-1
-1
1047
-1
2195
1111
-1
-1
-1
-1
-1
4458
-1
-1
1904
-1
-1
-1
5744
-1
-1
-1
-1
4767
-1
-1
3936
1639
-1
-1
-1
4276
-1
-1
-1
3778
4701
-1
4859
2580
-1
1074
-1
-1
866
-1
-1
-1
2831
-1
1744
4169
3709
-1
-1
3046
-1
3573
-1
-1
-1
-1
-1
-1
1951
-1
2421
1990
-1
-1
-1
1969
835
-1
1598
-1
-1
-1
-1
3342
-1
5216
-1
5201
-1
-1
5549
-1
4905
5340
920
-1
-1
-1
-1
-1
-1
-1
-1
2813
-1
4495
5337
-1
-1
-1
-1
2779
-1
-1
-1
2333
2585
-1
-1
5356
4625
-1
664
-1
-1
3865
1668
-1
4746
-1
-1
-1
338
1079
355
103
-1
355
-1
-1
176
2889
-1
-1
2616
-1
-1
1620
-1
406
2003
-1
-1
3358
-1
-1
-1
-1
1557
-1
-1
545
5504
-1
-1
3567
4201
-1
-1
-1
-1
-1
-1
4688
-1
-1
-1
-1
-1
-1
-1
-1
-1
-1
2181
-1
-1
4137
-1
3394
-1
-1
5710
-1
-1
-1
2039
-1
1492
-1
-1
-1
3991
2766
2241
-1
5291
3937
-1
-1
-1
2866
-1
-1
-1
-1
-1
5703
-1
-1
-1
-1
4548
-1
-1
-1
4562
-1
3586
-1
4000
2337
2951
4969
5289
3183
2653
-1
-1
-1
-1
3283
-1
-1
1834
635
-1
-1
3057
3962
-1
-1
3337
3559
-1
-1
-1
5160
-1
3936
4088
-1
-1
-1
-1
-1
-1
1611
224
-1
-1
-1
2747
-1
-1
-1
-1
-1
1313
1544
-1
570
3934
-1
-1
-1
-1
3797
3159
-1
2103
1495
491
-1
-1
-1
-1
-1
-1
-1
-1
-1
-1
-1
-1
-1
-1
-1
-1
1589
1309
-1
-1
-1
5429
947
-1
-1
-1
-1
-1
2551
-1
4558
-1
-1
-1
-1
3399
-1
-1
-1
-1
-1
-1
-1
4012
-1
-1
3011
-1
4871
-1
-1
-1
-1
-1
3111
3392
-1
4717
-1
4997
5178
170
417
2111
-1
496
1859
-1
-1
5222
-1
2767
45
-1
-1
-1
3514
-1
2110
-1
5337
73
-1
256
2481
2396
-1
-1
1834
-1
-1
-1
-1
3019
-1
-1
-1
4884
-1
-1
895
-1
847
2587
-1
5023
-1
-1
-1
4961
-1
-1
-1
2548
1627
-1
-1
20
-1
1792
5719
-1
-1
-1
-1
684
-1
-1
-1
-1
-1
-1
1349
-1
-1
830
-1
5081
4889
1610
-1
-1
-1
-1
3900
1332
4176
-1
239
1587
-1
-1
-1
-1
-1
-1
3780
1699
3862
-1
-1
4611
-1
-1
-1
-1
-1
-1
-1
-1
-1
-1
-1
-1
-1
-1
5655
-1
-1
-1
-1
1032
-1
-1
5239
2302
-1
-1
2841
5029
-1
-1
-1
897
-1
2845
-1
-1
-1
-1
-1
-1
-1
-1
-1
4596
-1
941
-1
3684
779
-1
-1
-1
5748
-1
-1
-1
2195
-1
4644
-1
-1
-1
-1
1635
3857
186
973
-1
-1
1178
-1
911
-1
4586
-1
-1
-1
-1
708
4807
3770
383
-1
-1
-1
3912
486
-1
5151
2309
-1
4185
-1
-1
-1
1206
1324
-1
5583
-1
1834
-1
-1
4516
-1
2689
-1
2159
-1
1177
-1
-1
-1
72
-1
-1
-1
-1
-1
-1
-1
-1
-1
-1
-1
-1
-1
3512
4886
-1
2467
3461
359
5002
-1
732
2692
-1
-1
-1
-1
-1
-1
-1
-1
1821
-1
2240
2048
-1
-1
918
-1
-1
-1
-1
-1
-1
-1
-1
-1
-1
-1
-1
-1
-1
4134
-1
382
-1
-1
2616
-1
3830
5409
-1
-1
-1
-1
3084
-1
-1
2664
260
-1
-1
-1
-1
-1
-1
2210
-1
1981
616
-1
-1
-1
-1
-1
-1
-1
-1
-1
428
-1
-1
3141
-1
-1
-1
983
-1
-1
-1
-1
-1
-1
-1
-1
-1
-1
4330
-1
-1
5001
-1
3416
1530
-1
2644
-1
-1
1354
1622
-1
-1
3740
1766
-1
-1
3182
4956
-1
-1
-1
-1
-1
-1
-1
-1
-1
-1
-1
-1
-1
-1
3686
-1
-1
-1
-1
-1
-1
4122
-1
-1
3840
-1
-1
-1
-1
3523
-1
-1
-1
-1
677
2140
-1
5412
-1
-1
3803
-1
3646
5167
-1
5392
-1
-1
-1
-1
-1
290
-1
-1
-1
-1
-1
-1
-1
-1
-1
-1
75
-1
4959
943
-1
-1
-1
-1
5197
1538
2069
3172
-1
-1
-1
-1
-1
-1
-1
5686
-1
-1
3817
-1
-1
-1
-1
-1
-1
2361
2229
-1
-1
5706
4319
2748
-1
-1
-1
3934
-1
-1
2309
-1
1424
-1
-1
-1
-1
4599
-1
-1
3952
-1
-1
3267
-1
-1
5050
-1
-1
-1
-1
-1
4736
-1
2217
3031
-1
4120
-1
-1
-1
5575
4399
2102
-1
1003
-1
-1
-1
-1
-1
-1
-1
3345
-1
-1
-1
260
-1
3533
-1
-1
-1
-1
4617
-1
5502
2563
-1
-1
-1
-1
-1
-1
-1
1557
1272
-1
2502
-1
-1
-1
971
-1
-1
-1
-1
-1
1437
-1
-1
-1
-1
2895
-1
-1
-1
424
-1
-1
-1
1006
2077
-1
-1
3441
5033
-1
1919
-1
-1
414
-1
4220
-1
-1
-1
-1
-1
-1
-1
222
-1
-1
-1
-1
-1
2064
-1
-1
-1
-1
5693
-1
-1
-1
-1
3414
825
-1
-1
-1
-1
-1
635
-1
-1
-1
-1
-1
3242
-1
2022
-1
-1
-1
-1
-1
1560
-1
1453
1206
-1
-1
-1
1884
-1
-1
-1
1487
-1
-1
-1
-1
2231
5702
-1
-1
1093
2341
-1
-1
3285
1003
5764
2500
-1
1520
-1
-1
5509
-1
-1
-1
633
-1
3109
-1
-1
707
-1
-1
-1
-1
-1
-1
-1
-1
1033
-1
1582
-1
4806
-1
-1
5079
2657
-1
-1
-1
-1
-1
5765
-1
4901
2102
-1
-1
785
-1
5383
-1
-1
5452
561
-1
-1
668
5426
-1
4540
-1
-1
-1
-1
-1
2413
466
-1
-1
-1
2803
-1
-1
3429
-1
-1
-1
-1
-1
3536
-1
-1
-1
-1
82
-1
-1
1538
1556
-1
4358
5055
-1
3166
-1
-1
-1
-1
-1
1436
-1
-1
-1
-1
-1
825
2259
4486
-1
-1
-1
2624
-1
-1
-1
4904
-1
-1
-1
-1
1536
-1
-1
3347
-1
3416
-1
-1
5436
226
-1
5057
-1
-1
-1
-1
-1
2596
5570
-1
-1
-1
-1
-1
4326
-1
-1
-1
1805
-1
2200
-1
-1
5408
-1
-1
5145
1119
360
2744
-1
-1
-1
-1
1863
2264
-1
-1
-1
450
-1
-1
-1
-1
4742
5423
365
-1
880
-1
-1
-1
3217
-1
1672
4157
4281
2717
-1
4746
-1
-1
-1
-1
5389
-1
425
-1
-1
-1
-1
-1
3843
3593
-1
1821
-1
-1
-1
-1
-1
946
-1
-1
-1
4860
1767
3592
4598
-1
-1
4235
-1
-1
-1
-1
-1
-1
-1
-1
117
-1
-1
1240
-1
-1
518
982
-1
5412
4661
-1
4324
-1
-1
-1
-1
-1
-1
-1
196
-1
3628
-1
-1
-1
3919
-1
-1
2949
3877
-1
50
-1
1587
4987
1755
-1
-1
-1
5227
1121
-1
-1
-1
-1
-1
-1
4921
-1
5411
-1
-1
1382
-1
2589
-1
-1
3239
-1
-1
-1
3249
4819
-1
-1
-1
3998
-1
-1
797
3051
1152
-1
2564
-1
1234
4608
-1
-1
-1
-1
-1
-1
-1
4394
-1
-1
4804
-1
5756
5076
3390
1717
-1
-1
-1
-1
1493
-1
2541
-1
-1
2485
-1
-1
-1
-1
5242
1755
-1
-1
-1
2157
1149
2637
-1
-1
4015
-1
-1
-1
-1
-1
-1
-1
-1
4050
-1
3391
3187
593
-1
-1
-1
3998
-1
-1
2815
-1
233
-1
2051
-1
-1
-1
-1
3380
2836
-1
-1
1024
-1
392
-1
-1
-1
-1
-1
-1
-1
-1
583
-1
3138
-1
5478
45
-1
2946
-1
-1
1602
-1
-1
-1
5673
59
-1
-1
-1
-1
-1
296
-1
-1
3266
-1
2498
-1
-1
4101
-1
-1
-1
1112
-1
-1
-1
1798
-1
-1
20
-1
-1
-1
-1
-1
-1
-1
5677
3752
-1
-1
-1
-1
-1
-1
5182
-1
5556
2557
-1
-1
177
4847
-1
-1
-1
2897
-1
-1
1735
5773
-1
-1
1597
-1
-1
-1
-1
4385
-1
-1
3752
-1
-1
-1
2614
3912
-1
2138
-1
-1
5369
-1
-1
-1
-1
-1
-1
-1
2257
-1
3227
-1
-1
2650
-1
-1
-1
-1
-1
4421
-1
4479
5377
5526
-1
1516
-1
-1
-1
-1
5562
5422
-1
-1
-1
842
3440
3634
-1
-1
-1
-1
-1
-1
-1
-1
4929
-1
-1
5703
-1
417
-1
3691
3051
-1
2446
4478
-1
-1
5280
-1
-1
4176
-1
102
-1
-1
-1
2101
-1
-1
-1
5385
-1
1098
-1
-1
-1
-1
-1
1835
3357
-1
3516
-1
-1
-1
-1
-1
-1
875
-1
4247
2694
-1
5204
-1
2741
-1
-1
2852
4520
4123
3761
-1
1360
2845
-1
-1
-1
-1
-1
-1
-1
-1
1204
2185
-1
-1
3074
-1
-1
1155
3110
-1
4982
-1
1414
-1
-1
1119
2342
-1
4507
-1
-1
1733
4756
954
-1
-1
4980
-1
-1
-1
-1
-1
-1
3180
342
-1
-1
-1
870
4540
-1
5468
-1
-1
2393
1265
-1
-1
4176
-1
3486
-1
-1
-1
3961
-1
-1
3237
-1
-1
-1
2301
-1
-1
348
5285
888
-1
-1
1634
-1
-1
1307
-1
-1
3124
-1
-1
-1
-1
1801
-1
-1
-1
-1
1389
1786
-1
3835
667
-1
-1
-1
-1
-1
1594
1955
-1
-1
-1
4016
-1
-1
341
4996
3625
-1
-1
3627
-1
-1
-1
-1
-1
1628
-1
3617
-1
5521
1177
-1
-1
2122
-1
-1
-1
892
-1
-1
5072
-1
443
-1
-1
-1
-1
-1
-1
1508
-1
-1
-1
984
-1
-1
3464
-1
-1
1364
-1
-1
-1
-1
5675
-1
-1
-1
2169
-1
-1
-1
4968
-1
-1
-1
-1
1418
460
-1
-1
-1
-1
497
-1
-1
-1
512
-1
-1
-1
-1
-1
-1
-1
4756
-1
-1
1056
-1
3816
-1
5794
757
-1
-1
-1
-1
-1
2728
-1
-1
-1
-1
2512
87
-1
-1
-1
-1
-1
4338
4956
1934
-1
-1
-1
-1
-1
-1
-1
4492
3051
1813
2722
4855
-1
-1
-1
-1
-1
-1
-1
2623
-1
-1
-1
2191
-1
4359
-1
-1
5311
-1
-1
-1
-1
-1
2987
409
1621
-1
-1
-1
-1
3498
-1
-1
-1
-1
-1
-1
-1
-1
2785
-1
-1
-1
-1
4739
-1
-1
-1
1559
-1
791
-1
4976
2320
344
-1
-1
-1
-1
383
-1
-1
-1
-1
-1
5040
-1
-1
-1
-1
5412
5008
5463
-1
3083
-1
-1
2712
-1
-1
1664
-1
-1
-1
-1
1595
-1
3955
-1
2579
5805
-1
-1
-1
-1
1475
-1
-1
-1
3513
-1
-1
3804
-1
-1
-1
4406
-1
-1
-1
35
-1
5137
1053
3959
-1
-1
514
-1
-1
-1
-1
-1
-1
-1
3081
-1
-1
4344
-1
-1
-1
-1
-1
-1
671
-1
-1
2249
-1
-1
828
-1
-1
1381
1595
-1
-1
-1
4294
-1
-1
-1
-1
-1
-1
-1
-1
1042
-1
3658
-1
670
287
-1
3238
-1
-1
1178
-1
-1
-1
-1
3165
-1
-1
-1
-1
5597
5696
-1
-1
433
-1
-1
4714
-1
-1
533
4727
2942
2142
-1
-1
-1
4852
-1
936
5178
-1
2028
-1
-1
-1
-1
-1
4525
-1
-1
-1
254
2248
3129
-1
-1
-1
1605
-1
-1
-1
-1
4370
-1
-1
3500
-1
-1
-1
-1
-1
5270
654
113
-1
-1
-1
-1
2410
-1
-1
2680
-1
-1
-1
3120
-1
-1
4468
5749
305
-1
957
-1
340
1602
-1
-1
-1
226
-1
-1
-1
-1
-1
2356
-1
1528
-1
4714
-1
-1
-1
2414
-1
5731
3000
-1
-1
-1
-1
-1
3712
-1
2917
1758
5072
2607
-1
-1
-1
1435
-1
-1
-1
5265
-1
-1
-1
3815
4476
802
2430
1622
-1
-1
-1
2157
-1
-1
-1
-1
-1
3833
4087
3249
-1
-1
-1
193
1550
-1
-1
-1
5451
-1
-1
-1
-1
-1
2564
235
-1
-1
498
-1
-1
1551
-1
-1
-1
5734
1125
-1
3627
4279
-1
-1
2345
1279
4085
-1
-1
2149
-1
2446
-1
-1
-1
-1
4412
3116
-1
-1
-1
-1
-1
4721
3217
-1
3170
1795
-1
-1
-1
-1
2615
-1
4378
2786
-1
-1
2719
-1
-1
621
1058
4864
-1
-1
-1
-1
-1
-1
-1
-1
-1
284
-1
3712
-1
3566
3307
1321
3649
-1
-1
-1
-1
-1
-1
-1
-1
-1
4739
2950
-1
-1
-1
4003
1009
-1
2172
1108
5260
-1
-1
-1
4637
2017
3061
-1
3614
5676
-1
1764
-1
2480
-1
-1
4573
3511
-1
3385
-1
354
-1
-1
-1
2437
-1
-1
-1
2535
-1
248
-1
581
-1
-1
3529
-1
-1
-1
-1
1783
-1
-1
-1
-1
-1
-1
-1
-1
-1
4360
-1
-1
-1
-1
4376
-1
-1
-1
655
-1
1576
-1
-1
5741
-1
-1
4640
2817
-1
-1
417
3224
-1
-1
-1
-1
2718
-1
-1
3170
-1
-1
2469
-1
2521
4985
-1
-1
-1
5050
-1
4427
4347
-1
-1
3367
5229
-1
-1
4330
415
-1
4971
586
5036
2082
-1
4392
-1
-1
3291
-1
725
3148
-1
1666
-1
-1
-1
3119
-1
-1
-1
-1
-1
5762
-1
5781
-1
-1
1527
1595
2361
3207
-1
3202
-1
-1
-1
-1
-1
-1
2970
1037
-1
-1
-1
-1
-1
-1
1456
-1
4012
-1
-1
-1
-1
5790
4009
-1
-1
-1
-1
-1
-1
-1
-1
-1
2270
5431
-1
-1
-1
-1
-1
-1
-1
-1
-1
-1
2917
2730
-1
-1
-1
2394
-1
4445
3997
-1
1035
-1
-1
-1
-1
-1
-1
-1
2080
4504
-1
-1
-1
5197
5660
-1
-1
-1
-1
-1
494
-1
2966
4046
1974
-1
-1
-1
-1
4240
2946
-1
-1
-1
4470
-1
5721
-1
-1
1624
-1
4137
26
-1
-1
-1
-1
-1
-1
-1
-1
2452
-1
5096
1591
-1
-1
2643
-1
-1
-1
-1
-1
-1
5303
-1
-1
5666
-1
-1
-1
3038
4163
1858
-1
-1
-1
-1
3744
-1
-1
-1
-1
3835
-1
-1
5142
2833
-1
-1
-1
5091
2312
-1
-1
768
-1
-1
-1
-1
931
3266
-1
1194
3401
-1
5344
-1
-1
-1
-1
-1
-1
-1
4972
-1
-1
1319
-1
-1
3297
4956
-1
-1
-1
-1
-1
-1
-1
-1
-1
-1
4732
-1
-1
-1
-1
-1
882
-1
-1
3424
-1
-1
-1
3122
1911
-1
-1
-1
-1
-1
-1
-1
-1
-1
2562
-1
-1
4390
-1
-1
-1
-1
-1
-1
-1
-1
-1
-1
-1
-1
-1
-1
-1
-1
-1
-1
-1
227
2374
1217
5093
-1
-1
3923
-1
-1
3200
-1
-1
228
-1
-1
3538
2483
-1
-1
-1
-1
-1
4203
2021
-1
-1
-1
-1
-1
-1
-1
-1
2494
-1
-1
-1
-1
-1
-1
-1
-1
-1
2204
-1
-1
1174
-1
-1
-1
-1
-1
-1
-1
-1
1749
3915
-1
-1
-1
-1
-1
-1
-1
-1
-1
-1
-1
-1
-1
-1
271
-1
2068
318
271
-1
-1
-1
-1
-1
-1
-1
-1
-1
-1
-1
5565
3689
-1
5667
554
-1
-1
-1
2997
-1
-1
-1
-1
-1
-1
-1
-1
-1
-1
-1
2797
-1
2503
-1
-1
-1
-1
-1
-1
813
1070
1835
-1
-1
-1
-1
-1
-1
-1
391
794
-1
5115
-1
1347
-1
-1
-1
-1
3620
1102
-1
-1
-1
-1
4974
-1
-1
2358
-1
2948
-1
-1
-1
-1
1088
4914
4083
-1
4404
-1
-1
-1
-1
-1
-1
-1
-1
5084
-1
-1
-1
-1
-1
-1
-1
-1
-1
4333
1945
-1
-1
-1
-1
-1
-1
-1
-1
3566
-1
2097
-1
-1
1861
-1
3198
-1
2275
2014
-1
1813
-1
-1
2024
-1
-1
-1
-1
2543
-1
4296
491
-1
2437
-1
-1
5384
-1
5318
-1
-1
-1
-1
4607
-1
-1
-1
-1
-1
-1
-1
-1
-1
5690
-1
-1
121
4868
-1
-1
-1
4628
-1
-1
-1
-1
-1
1317
-1
-1
-1
168
-1
-1
-1
940
-1
77
-1
828
-1
-1
-1
-1
-1
-1
-1
-1
711
-1
-1
190
2881
-1
-1
-1
-1
837
-1
-1
-1
-1
-1
-1
-1
-1
-1
-1
1397
-1
4248
-1
3402
-1
-1
-1
2081
-1
-1
-1
-1
5074
-1
-1
-1
-1
5319
-1
627
2670
2356
4194
5169
-1
-1
173
-1
-1
1871
-1
1057
2374
1126
-1
4468
2067
-1
-1
3403
-1
-1
-1
2369
-1
3745
-1
-1
2051
-1
-1
3020
4031
-1
616
-1
-1
788
5361
2587
1558
-1
-1
4133
-1
-1
-1
-1
-1
-1
-1
-1
4910
-1
-1
335
2826
2781
5355
-1
-1
-1
4470
-1
3519
-1
-1
1141
2826
-1
5716
4365
-1
-1
-1
4502
-1
5423
897
-1
1668
-1
-1
4053
1336
5648
-1
-1
-1
-1
-1
-1
-1
-1
5328
-1
-1
-1
-1
-1
3166
-1
-1
-1
-1
3027
5452
-1
-1
297
-1
3342
-1
-1
-1
3962
-1
-1
1183
-1
-1
-1
-1
-1
-1
-1
-1
-1
-1
-1
-1
-1
-1
-1
-1
-1
4658
1747
-1
5356
-1
4603
-1
-1
-1
-1
-1
-1
-1
2860
5541
-1
-1
811
4951
2261
-1
-1
-1
-1
-1
-1
3132
-1
2673
-1
-1
-1
-1
-1
-1
-1
4577
2849
1033
3753
-1
937
-1
4075
-1
3401
4966
2131
-1
-1
-1
-1
-1
-1
4222
-1
-1
108
4989
4957
1627
5778
-1
-1
-1
-1
-1
-1
-1
4355
2250
-1
-1
-1
412
-1
3331
-1
-1
-1
702
-1
3768
3761
4001
-1
-1
5396
-1
-1
-1
5123
-1
1501
-1
5717
-1
2599
178
-1
-1
4923
-1
-1
-1
-1
-1
2004
-1
-1
2033
-1
-1
-1
-1
-1
-1
4314
-1
5425
3010
-1
651
-1
1025
-1
-1
-1
2798
5694
-1
-1
5053
1799
2559
-1
-1
2927
-1
-1
3853
700
-1
-1
4472
-1
-1
-1
930
-1
-1
-1
5366
-1
1906
-1
-1
-1
4233
-1
-1
-1
-1
1984
-1
-1
2883
-1
-1
674
-1
-1
-1
534
-1
814
-1
4419
-1
-1
-1
-1
-1
-1
1092
5795
1244
-1
1892
-1
-1
5192
-1
236
-1
4952
5760
2747
-1
4924
4782
701
-1
5705
4915
4301
4616
2781
-1
-1
-1
5648
-1
-1
4389
-1
1101
-1
3382
5000
3910
5351
-1
-1
5260
3763
-1
-1
-1
-1
-1
339
573
3726
-1
-1
-1
5283
-1
-1
-1
-1
-1
-1
-1
-1
3208
2804
-1
-1
-1
-1
-1
2459
3623
-1
-1
-1
-1
-1
-1
-1
5707
-1
-1
-1
-1
-1
-1
2695
-1
-1
-1
-1
470
-1
-1
375
-1
-1
-1
1802
-1
265
-1
-1
3556
3106
-1
-1
4203
-1
-1
3202
625
-1
5351
-1
-1
-1
-1
-1
-1
-1
3288
-1
1482
4240
-1
-1
-1
2018
4378
3510
-1
-1
3551
-1
3790
5804
-1
4306
-1
-1
-1
-1
-1
-1
-1
-1
679
3040
2556
205
-1
-1
-1
-1
-1
-1
666
-1
3475
-1
-1
-1
-1
-1
5256
-1
-1
-1
5755
-1
-1
2800
-1
3019
-1
-1
5003
-1
2888
1002
259
4254
-1
-1
-1
-1
5306
-1
-1
-1
-1
-1
-1
-1
-1
2954
-1
-1
-1
2782
-1
-1
-1
281
3580
-1
-1
2542
-1
-1
-1
-1
-1
2428
-1
-1
2188
-1
-1
1503
-1
-1
-1
-1
1852
-1
-1
1004
-1
-1
167
-1
-1
-1
-1
-1
-1
-1
-1
2930
-1
1039
4151
-1
-1
-1
-1
-1
-1
-1
-1
702
-1
4562
576
-1
-1
-1
794
228
-1
-1
106
1650
-1
-1
-1
322
-1
5259
-1
2714
-1
3389
4630
-1
4043
1526
-1
318
-1
-1
-1
-1
-1
5001
3344
3976
-1
-1
-1
5384
-1
-1
-1
-1
-1
-1
-1
5710
3955
-1
5769
3068
-1
-1
-1
4519
-1
-1
4233
-1
-1
-1
5710
-1
-1
-1
-1
-1
536
-1
3787
4812
-1
-1
-1
4124
4293
-1
-1
5302
5083
-1
-1
-1
1965
5272
-1
-1
-1
-1
2651
-1
-1
-1
-1
-1
-1
-1
-1
-1
-1
-1
-1
-1
-1
-1
-1
3140
-1
-1
-1
-1
-1
5584
-1
1108
-1
5095
1800
-1
-1
1035
-1
-1
2218
-1
-1
4459
-1
-1
-1
-1
-1
5625
4446
4268
957
-1
-1
-1
-1
4433
3230
-1
-1
-1
-1
3229
4223
-1
-1
2835
-1
-1
-1
-1
-1
4715
-1
2202
1441
-1
3000
1707
-1
-1
5587
-1
3525
-1
-1
-1
-1
-1
1702
-1
-1
-1
-1
3521
-1
3048
-1
-1
-1
-1
-1
-1
-1
456
-1
-1
-1
997
2897
-1
5020
-1
-1
-1
2119
24
351
-1
-1
-1
2126
-1
-1
5263
-1
-1
-1
-1
-1
5378
998
-1
1354
-1
-1
-1
4467
428
-1
-1
2616
1471
-1
1830
-1
5803
-1
-1
-1
-1
3598
-1
-1
-1
1778
2967
924
-1
-1
-1
-1
-1
113
2959
2020
-1
-1
1065
-1
-1
3096
-1
3041
-1
-1
-1
2701
-1
-1
-1
1762
2507
-1
2620
-1
-1
-1
2960
-1
-1
-1
-1
-1
-1
-1
-1
4516
-1
-1
5093
-1
-1
5261
-1
1945
-1
-1
-1
211
-1
-1
2623
3682
3953
-1
441
-1
-1
-1
-1
-1
2877
-1
-1
-1
-1
102
1421
-1
-1
-1
-1
-1
738
-1
-1
-1
2352
-1
5776
-1
3591
405
-1
-1
4287
3105
-1
733
-1
-1
-1
61
2849
932
5108
3969
-1
-1
-1
-1
1359
-1
1663
3077
-1
-1
-1
1036
1035
-1
-1
-1
5587
-1
-1
-1
-1
1260
-1
3041
-1
-1
1991
381
2672
-1
-1
-1
-1
959
805
-1
-1
-1
-1
-1
-1
-1
-1
2419
874
5166
4437
-1
5131
4327
4520
-1
-1
-1
-1
5496
-1
-1
3544
-1
5432
2104
-1
-1
-1
-1
850
-1
-1
1911
-1
-1
-1
-1
3518
-1
-1
2047
-1
-1
-1
-1
-1
4096
-1
-1
3895
4809
1967
-1
2744
731
4219
-1
1785
1586
2751
-1
-1
-1
2902
-1
-1
3931
-1
-1
-1
-1
-1
-1
4305
1831
2595
-1
3311
-1
1751
-1
-1
-1
1990
2437
-1
-1
-1
991
-1
-1
-1
-1
-1
110
-1
-1
-1
-1
-1
-1
-1
-1
3372
3337
-1
-1
3195
-1
-1
2224
2704
-1
472
2101
3103
-1
-1
-1
-1
-1
-1
-1
5108
-1
-1
-1
-1
-1
-1
-1
3545
-1
-1
5674
-1
-1
-1
-1
-1
-1
-1
784
1205
-1
-1
-1
-1
-1
-1
-1
-1
-1
-1
-1
-1
-1
1537
-1
-1
-1
-1
3898
-1
-1
-1
3540
-1
-1
-1
-1
3879
5405
-1
1752
-1
-1
1366
1169
645
-1
4017
-1
-1
-1
2949
-1
-1
-1
-1
-1
1249
1929
-1
3721
-1
-1
-1
-1
-1
-1
-1
949
4839
-1
-1
-1
4161
-1
4263
-1
-1
-1
-1
-1
-1
-1
-1
-1
1655
628
337
3890
-1
-1
-1
2084
-1
-1
-1
-1
-1
-1
-1
-1
-1
-1
3495
-1
-1
-1
-1
-1
-1
-1
-1
-1
-1
-1
-1
-1
-1
-1
4133
2513
-1
-1
-1
-1
3977
-1
-1
-1
1748
-1
-1
-1
4226
3882
-1
2674
-1
4777
3735
-1
1530
-1
-1
-1
-1
-1
-1
-1
2069
2098
-1
-1
-1
-1
2908
-1
606
-1
936
-1
1843
-1
5538
-1
-1
-1
-1
1129
-1
-1
-1
3670
1673
-1
-1
1725
-1
-1
964
2966
-1
-1
-1
2401
2260
546
4437
-1
-1
-1
3790
2099
-1
-1
-1
-1
-1
-1
-1
3956
2893
596
-1
-1
-1
-1
-1
2066
-1
-1
-1
-1
-1
-1
-1
477
-1
-1
-1
4203
1861
-1
5688
-1
-1
-1
3605
226
-1
3598
-1
-1
5497
1447
-1
-1
-1
-1
314
-1
2988
-1
5441
2873
5091
-1
-1
-1
239
5603
1781
-1
-1
5053
-1
-1
3788
5252
-1
4455
227
-1
2169
-1
3835
4448
-1
-1
-1
-1
-1
3266
-1
-1
-1
-1
1389
-1
3973
3204
5536
4142
-1
4590
-1
-1
-1
5784
-1
-1
3997
-1
-1
2236
-1
598
-1
4421
-1
-1
-1
4507
4258
-1
2776
-1
4582
-1
-1
237
-1
3371
-1
5545
-1
-1
-1
785
-1
-1
5675
4918
-1
4581
-1
-1
884
470
-1
-1
5129
-1
-1
-1
5687
-1
-1
195
-1
1312
-1
-1
-1
5391
1588
1570
861
-1
-1
-1
-1
-1
5585
2876
-1
-1
61
-1
-1
-1
-1
-1
4408
-1
-1
-1
2526
-1
146
-1
-1
2902
-1
-1
-1
50
2408
-1
-1
-1
5592
-1
-1
2466
-1
-1
-1
401
698
1602
-1
3601
-1
-1
-1
4237
-1
-1
-1
4521
4072
1217
-1
3244
-1
-1
-1
1727
-1
-1
-1
-1
910
2588
-1
-1
-1
-1
-1
-1
-1
-1
1736
-1
-1
-1
4499
229
1077
-1
-1
-1
-1
4448
-1
715
1912
-1
-1
-1
-1
-1
-1
2806
-1
-1
5621
2406
-1
-1
5701
3777
-1
-1
1274
-1
-1
-1
-1
412
-1
-1
-1
510
-1
-1
-1
5497
-1
-1
-1
4353
-1
-1
-1
-1
-1
-1
-1
3898
-1
-1
-1
-1
-1
-1
-1
-1
-1
4618
1512
-1
-1
1162
3044
-1
-1
-1
3162
2404
717
98
-1
-1
-1
5003
5594
-1
3320
2405
-1
-1
-1
195
-1
-1
1636
4082
-1
911
4612
-1
-1
-1
-1
2361
1839
-1
4643
4620
-1
2515
1462
1328
-1
-1
-1
2576
-1
5269
2760
-1
-1
-1
5380
2252
-1
-1
3100
-1
-1
1746
-1
457
-1
-1
1661
-1
1774
2708
-1
4413
5391
-1
-1
-1
-1
167
-1
-1
-1
-1
4707
-1
-1
2392
-1
-1
-1
-1
5509
4881
-1
926
-1
-1
-1
-1
-1
-1
4850
3366
-1
4266
-1
-1
129
-1
-1
1231
-1
-1
4299
-1
-1
-1
-1
-1
4951
-1
-1
-1
4234
-1
2311
-1
2100
-1
-1
-1
132
-1
-1
-1
3883
-1
3182
-1
