256
285
119
215
178
321
54
160
119
83
27
192
29
85
138
98
124
335
68
47
311
219
62
183
278
48
35
313
319
47
276
229
217
258
202
279
114
214
26
148
61
186
321
145
28
135
23
201
65
54
77
8
33
280
204
307
55
39
99
212
73
116
41
59
221
71
105
258
234
310
268
40
181
239
35
72
27
227
296
257
97
163
254
335
108
217
11
239
296
141
49
216
285
106
312
181
113
322
223
74
35
19
251
277
150
26
6
334
204
198
2
223
81
76
201
281
29
67
217
38
68
116
305
250
214
10
97
28
318
152
130
242
106
169
272
313
327
111
86
187
120
133
242
237
111
99
129
143
326
196
296
246
168
231
317
172
137
245
5
17
19
314
154
121
152
136
114
295
88
127
78
157
280
189
48
26
73
240
37
274
71
242
282
172
96
108
255
45
232
254
328
72
162
277
314
246
48
327
117
296
153
218
290
130
155
76
256
246
313
266
158
53
139
84
236
323
30
115
189
205
160
313
266
159
265
97
190
179
3
264
314
61
65
84
165
305
209
251
144
189
44
93
324
332
209
86
20
188
105
164
257
176
319
257
129
289
111
230
100
167
311
181
48
302
266
164
97
282
229
324
60
200
289
330
242
60
116
5
251
231
260
99
336
177
64
114
263
216
163
247
120
219
322
118
332
123
231
120
25
63
312
222
222
71
219
224
90
175
124
305
270
265
109
327
78
32
202
100
148
151
157
32
102
310
88
286
145
98
21
331
172
190
330
327
59
283
55
319
93
41
206
123
73
201
152
271
317
88
144
317
200
310
289
13
56
240
195
274
260
260
41
139
55
296
166
170
198
30
30
-1
-1
-1
-1
-1
-1
276
-1
-1
-1
164
-1
-1
-1
-1
-1
-1
-1
-1
-1
-1
-1
-1
-1
-1
-1
-1
-1
-1
-1
-1
-1
-1
-1
-1
-1
-1
-1
-1
-1
-1
-1
-1
-1
-1
-1
-1
-1
-1
-1
-1
-1
-1
-1
-1
-1
-1
-1
-1
-1
-1
-1
-1
-1
-1
-1
-1
-1
-1
-1
-1
-1
-1
-1
-1
-1
-1
-1
-1
-1
-1
-1
-1
-1
-1
-1
-1
-1
-1
-1
-1
-1
